[0.308s] Invoking command in '/home/mpt/Desktop/assgn2/ros2_ws/src/robot_description': AMENT_PREFIX_PATH=/home/mpt/Desktop/assgn2/ros2_ws/install/msgs_package:${AMENT_PREFIX_PATH} CMAKE_PREFIX_PATH=/home/mpt/Desktop/assgn2/ros2_ws/install/msgs_package LD_LIBRARY_PATH=/home/mpt/Desktop/assgn2/ros2_ws/install/msgs_package/lib:${LD_LIBRARY_PATH} PYTHONPATH=/home/mpt/Desktop/assgn2/ros2_ws/install/robot_description/lib/python3.8/site-packages:/home/mpt/Desktop/assgn2/ros2_ws/install/msgs_package/lib/python3.8/site-packages:${PYTHONPATH} /usr/bin/python3 setup.py egg_info --egg-base ../../build/robot_description build --build-base /home/mpt/Desktop/assgn2/ros2_ws/build/robot_description/build install --prefix /home/mpt/Desktop/assgn2/ros2_ws/install/robot_description --record /home/mpt/Desktop/assgn2/ros2_ws/build/robot_description/install.log --single-version-externally-managed
[0.704s] running egg_info
[0.705s] creating ../../build/robot_description/robot_description.egg-info
[0.705s] writing ../../build/robot_description/robot_description.egg-info/PKG-INFO
[0.705s] writing dependency_links to ../../build/robot_description/robot_description.egg-info/dependency_links.txt
[0.706s] writing entry points to ../../build/robot_description/robot_description.egg-info/entry_points.txt
[0.706s] writing requirements to ../../build/robot_description/robot_description.egg-info/requires.txt
[0.706s] writing top-level names to ../../build/robot_description/robot_description.egg-info/top_level.txt
[0.708s] writing manifest file '../../build/robot_description/robot_description.egg-info/SOURCES.txt'
[0.765s] reading manifest file '../../build/robot_description/robot_description.egg-info/SOURCES.txt'
[0.766s] writing manifest file '../../build/robot_description/robot_description.egg-info/SOURCES.txt'
[0.766s] running build
[0.767s] running build_py
[0.767s] creating /home/mpt/Desktop/assgn2/ros2_ws/build/robot_description/build
[0.767s] creating /home/mpt/Desktop/assgn2/ros2_ws/build/robot_description/build/lib
[0.767s] creating /home/mpt/Desktop/assgn2/ros2_ws/build/robot_description/build/lib/robot_description
[0.767s] copying robot_description/user_input.py -> /home/mpt/Desktop/assgn2/ros2_ws/build/robot_description/build/lib/robot_description
[0.767s] copying robot_description/random_generator_service.py -> /home/mpt/Desktop/assgn2/ros2_ws/build/robot_description/build/lib/robot_description
[0.767s] copying robot_description/__init__.py -> /home/mpt/Desktop/assgn2/ros2_ws/build/robot_description/build/lib/robot_description
[0.768s] running install
[0.769s] running install_lib
[0.771s] creating /home/mpt/Desktop/assgn2/ros2_ws/install/robot_description/lib/python3.8/site-packages/robot_description
[0.771s] copying /home/mpt/Desktop/assgn2/ros2_ws/build/robot_description/build/lib/robot_description/user_input.py -> /home/mpt/Desktop/assgn2/ros2_ws/install/robot_description/lib/python3.8/site-packages/robot_description
[0.771s] copying /home/mpt/Desktop/assgn2/ros2_ws/build/robot_description/build/lib/robot_description/random_generator_service.py -> /home/mpt/Desktop/assgn2/ros2_ws/install/robot_description/lib/python3.8/site-packages/robot_description
[0.771s] copying /home/mpt/Desktop/assgn2/ros2_ws/build/robot_description/build/lib/robot_description/__init__.py -> /home/mpt/Desktop/assgn2/ros2_ws/install/robot_description/lib/python3.8/site-packages/robot_description
[0.772s] byte-compiling /home/mpt/Desktop/assgn2/ros2_ws/install/robot_description/lib/python3.8/site-packages/robot_description/user_input.py to user_input.cpython-38.pyc
[0.776s] byte-compiling /home/mpt/Desktop/assgn2/ros2_ws/install/robot_description/lib/python3.8/site-packages/robot_description/random_generator_service.py to random_generator_service.cpython-38.pyc
[0.776s] byte-compiling /home/mpt/Desktop/assgn2/ros2_ws/install/robot_description/lib/python3.8/site-packages/robot_description/__init__.py to __init__.cpython-38.pyc
[0.777s] running install_data
[0.777s] creating /home/mpt/Desktop/assgn2/ros2_ws/install/robot_description/share/ament_index
[0.778s] creating /home/mpt/Desktop/assgn2/ros2_ws/install/robot_description/share/ament_index/resource_index
[0.778s] creating /home/mpt/Desktop/assgn2/ros2_ws/install/robot_description/share/ament_index/resource_index/packages
[0.778s] copying resource/robot_description -> /home/mpt/Desktop/assgn2/ros2_ws/install/robot_description/share/ament_index/resource_index/packages
[0.778s] copying package.xml -> /home/mpt/Desktop/assgn2/ros2_ws/install/robot_description/share/robot_description
[0.778s] running install_egg_info
[0.781s] Copying ../../build/robot_description/robot_description.egg-info to /home/mpt/Desktop/assgn2/ros2_ws/install/robot_description/lib/python3.8/site-packages/robot_description-0.0.0-py3.8.egg-info
[0.793s] running install_scripts
[0.812s] Installing random_position_generator script to /home/mpt/Desktop/assgn2/ros2_ws/install/robot_description/lib/robot_description
[0.813s] Installing user_input script to /home/mpt/Desktop/assgn2/ros2_ws/install/robot_description/lib/robot_description
[0.813s] writing list of installed files to '/home/mpt/Desktop/assgn2/ros2_ws/build/robot_description/install.log'
[0.853s] Invoked command in '/home/mpt/Desktop/assgn2/ros2_ws/src/robot_description' returned '0': AMENT_PREFIX_PATH=/home/mpt/Desktop/assgn2/ros2_ws/install/msgs_package:${AMENT_PREFIX_PATH} CMAKE_PREFIX_PATH=/home/mpt/Desktop/assgn2/ros2_ws/install/msgs_package LD_LIBRARY_PATH=/home/mpt/Desktop/assgn2/ros2_ws/install/msgs_package/lib:${LD_LIBRARY_PATH} PYTHONPATH=/home/mpt/Desktop/assgn2/ros2_ws/install/robot_description/lib/python3.8/site-packages:/home/mpt/Desktop/assgn2/ros2_ws/install/msgs_package/lib/python3.8/site-packages:${PYTHONPATH} /usr/bin/python3 setup.py egg_info --egg-base ../../build/robot_description build --build-base /home/mpt/Desktop/assgn2/ros2_ws/build/robot_description/build install --prefix /home/mpt/Desktop/assgn2/ros2_ws/install/robot_description --record /home/mpt/Desktop/assgn2/ros2_ws/build/robot_description/install.log --single-version-externally-managed
