[0.086s] Invoking command in '/home/mpt/Desktop/assgn2/ros2_ws/build/msgs_package': CMAKE_PREFIX_PATH=${CMAKE_PREFIX_PATH}:/home/mpt/Desktop/assgn2/ros2_ws/install/robot_description:/opt/ros/foxy /usr/bin/cmake --build /home/mpt/Desktop/assgn2/ros2_ws/build/msgs_package -- -j4 -l4
[0.350s] [ 10%] Built target msgs_package__rosidl_generator_c
[0.449s] [ 12%] Built target msgs_package__cpp
[0.527s] [ 23%] Built target msgs_package__rosidl_typesupport_c
[0.626s] [ 33%] Built target msgs_package__rosidl_typesupport_cpp
[0.796s] [ 43%] Built target msgs_package__rosidl_typesupport_fastrtps_cpp
[0.901s] [ 53%] Built target msgs_package__rosidl_typesupport_introspection_cpp
[1.083s] [ 64%] Built target msgs_package__rosidl_typesupport_fastrtps_c
[1.202s] [ 74%] Built target msgs_package__rosidl_typesupport_introspection_c
[1.281s] [ 74%] Built target msgs_package
[1.368s] [ 76%] Built target msgs_package__py
[1.549s] [ 84%] Built target msgs_package__python
[1.746s] [ 89%] Built target msgs_package__rosidl_typesupport_c__pyext
[1.867s] [ 94%] Built target msgs_package__rosidl_typesupport_introspection_c__pyext
[1.927s] [100%] Built target msgs_package__rosidl_typesupport_fastrtps_c__pyext
[1.968s] Invoked command in '/home/mpt/Desktop/assgn2/ros2_ws/build/msgs_package' returned '0': CMAKE_PREFIX_PATH=${CMAKE_PREFIX_PATH}:/home/mpt/Desktop/assgn2/ros2_ws/install/robot_description:/opt/ros/foxy /usr/bin/cmake --build /home/mpt/Desktop/assgn2/ros2_ws/build/msgs_package -- -j4 -l4
[2.386s] Invoking command in '/home/mpt/Desktop/assgn2/ros2_ws/build/msgs_package': CMAKE_PREFIX_PATH=${CMAKE_PREFIX_PATH}:/home/mpt/Desktop/assgn2/ros2_ws/install/robot_description:/opt/ros/foxy /usr/bin/cmake --install /home/mpt/Desktop/assgn2/ros2_ws/build/msgs_package
[2.468s] -- Install configuration: ""
[2.469s] -- Up-to-date: /home/mpt/Desktop/assgn2/ros2_ws/install/msgs_package/share/ament_index/resource_index/rosidl_interfaces/msgs_package
[2.469s] -- Up-to-date: /home/mpt/Desktop/assgn2/ros2_ws/install/msgs_package/include/msgs_package
[2.470s] -- Up-to-date: /home/mpt/Desktop/assgn2/ros2_ws/install/msgs_package/include/msgs_package/msg
[2.471s] -- Up-to-date: /home/mpt/Desktop/assgn2/ros2_ws/install/msgs_package/include/msgs_package/msg/rosidl_generator_c__visibility_control.h
[2.471s] -- Up-to-date: /home/mpt/Desktop/assgn2/ros2_ws/install/msgs_package/include/msgs_package/srv
[2.472s] -- Up-to-date: /home/mpt/Desktop/assgn2/ros2_ws/install/msgs_package/include/msgs_package/srv/detail
[2.473s] -- Up-to-date: /home/mpt/Desktop/assgn2/ros2_ws/install/msgs_package/include/msgs_package/srv/detail/bug_service__type_support.h
[2.473s] -- Up-to-date: /home/mpt/Desktop/assgn2/ros2_ws/install/msgs_package/include/msgs_package/srv/detail/random_position__functions.c
[2.475s] -- Up-to-date: /home/mpt/Desktop/assgn2/ros2_ws/install/msgs_package/include/msgs_package/srv/detail/random_position__functions.h
[2.475s] -- Up-to-date: /home/mpt/Desktop/assgn2/ros2_ws/install/msgs_package/include/msgs_package/srv/detail/bug_service__functions.c
[2.477s] -- Up-to-date: /home/mpt/Desktop/assgn2/ros2_ws/install/msgs_package/include/msgs_package/srv/detail/bug_service__struct.h
[2.478s] -- Up-to-date: /home/mpt/Desktop/assgn2/ros2_ws/install/msgs_package/include/msgs_package/srv/detail/random_position__struct.h
[2.478s] -- Up-to-date: /home/mpt/Desktop/assgn2/ros2_ws/install/msgs_package/include/msgs_package/srv/detail/bug_service__functions.h
[2.481s] -- Up-to-date: /home/mpt/Desktop/assgn2/ros2_ws/install/msgs_package/include/msgs_package/srv/detail/random_position__type_support.h
[2.482s] -- Up-to-date: /home/mpt/Desktop/assgn2/ros2_ws/install/msgs_package/include/msgs_package/srv/bug_service.h
[2.482s] -- Up-to-date: /home/mpt/Desktop/assgn2/ros2_ws/install/msgs_package/include/msgs_package/srv/random_position.h
[2.489s] -- Up-to-date: /home/mpt/Desktop/assgn2/ros2_ws/install/msgs_package/share/msgs_package/environment/library_path.sh
[2.490s] -- Up-to-date: /home/mpt/Desktop/assgn2/ros2_ws/install/msgs_package/share/msgs_package/environment/library_path.dsv
[2.491s] -- Up-to-date: /home/mpt/Desktop/assgn2/ros2_ws/install/msgs_package/lib/libmsgs_package__rosidl_generator_c.so
[2.491s] -- Up-to-date: /home/mpt/Desktop/assgn2/ros2_ws/install/msgs_package/include/msgs_package
[2.492s] -- Up-to-date: /home/mpt/Desktop/assgn2/ros2_ws/install/msgs_package/include/msgs_package/msg
[2.492s] -- Up-to-date: /home/mpt/Desktop/assgn2/ros2_ws/install/msgs_package/include/msgs_package/msg/rosidl_typesupport_fastrtps_c__visibility_control.h
[2.492s] -- Up-to-date: /home/mpt/Desktop/assgn2/ros2_ws/install/msgs_package/include/msgs_package/srv
[2.519s] -- Up-to-date: /home/mpt/Desktop/assgn2/ros2_ws/install/msgs_package/include/msgs_package/srv/detail
[2.520s] -- Up-to-date: /home/mpt/Desktop/assgn2/ros2_ws/install/msgs_package/include/msgs_package/srv/detail/random_position__rosidl_typesupport_fastrtps_c.h
[2.523s] -- Up-to-date: /home/mpt/Desktop/assgn2/ros2_ws/install/msgs_package/include/msgs_package/srv/detail/bug_service__rosidl_typesupport_fastrtps_c.h
[2.523s] -- Up-to-date: /home/mpt/Desktop/assgn2/ros2_ws/install/msgs_package/lib/libmsgs_package__rosidl_typesupport_fastrtps_c.so
[2.523s] -- Up-to-date: /home/mpt/Desktop/assgn2/ros2_ws/install/msgs_package/include/msgs_package
[2.524s] -- Up-to-date: /home/mpt/Desktop/assgn2/ros2_ws/install/msgs_package/include/msgs_package/msg
[2.524s] -- Up-to-date: /home/mpt/Desktop/assgn2/ros2_ws/install/msgs_package/include/msgs_package/msg/rosidl_typesupport_fastrtps_cpp__visibility_control.h
[2.524s] -- Up-to-date: /home/mpt/Desktop/assgn2/ros2_ws/install/msgs_package/include/msgs_package/srv
[2.527s] -- Up-to-date: /home/mpt/Desktop/assgn2/ros2_ws/install/msgs_package/include/msgs_package/srv/detail
[2.528s] -- Up-to-date: /home/mpt/Desktop/assgn2/ros2_ws/install/msgs_package/include/msgs_package/srv/detail/random_position__rosidl_typesupport_fastrtps_cpp.hpp
[2.528s] -- Up-to-date: /home/mpt/Desktop/assgn2/ros2_ws/install/msgs_package/include/msgs_package/srv/detail/dds_fastrtps
[2.528s] -- Up-to-date: /home/mpt/Desktop/assgn2/ros2_ws/install/msgs_package/include/msgs_package/srv/detail/bug_service__rosidl_typesupport_fastrtps_cpp.hpp
[2.529s] -- Up-to-date: /home/mpt/Desktop/assgn2/ros2_ws/install/msgs_package/lib/libmsgs_package__rosidl_typesupport_fastrtps_cpp.so
[2.533s] -- Up-to-date: /home/mpt/Desktop/assgn2/ros2_ws/install/msgs_package/include/msgs_package
[2.535s] -- Up-to-date: /home/mpt/Desktop/assgn2/ros2_ws/install/msgs_package/include/msgs_package/msg
[2.543s] -- Up-to-date: /home/mpt/Desktop/assgn2/ros2_ws/install/msgs_package/include/msgs_package/msg/rosidl_typesupport_introspection_c__visibility_control.h
[2.543s] -- Up-to-date: /home/mpt/Desktop/assgn2/ros2_ws/install/msgs_package/include/msgs_package/srv
[2.544s] -- Up-to-date: /home/mpt/Desktop/assgn2/ros2_ws/install/msgs_package/include/msgs_package/srv/detail
[2.544s] -- Up-to-date: /home/mpt/Desktop/assgn2/ros2_ws/install/msgs_package/include/msgs_package/srv/detail/random_position__rosidl_typesupport_introspection_c.h
[2.544s] -- Up-to-date: /home/mpt/Desktop/assgn2/ros2_ws/install/msgs_package/include/msgs_package/srv/detail/bug_service__rosidl_typesupport_introspection_c.h
[2.545s] -- Up-to-date: /home/mpt/Desktop/assgn2/ros2_ws/install/msgs_package/include/msgs_package/srv/detail/bug_service__type_support.c
[2.545s] -- Up-to-date: /home/mpt/Desktop/assgn2/ros2_ws/install/msgs_package/include/msgs_package/srv/detail/random_position__type_support.c
[2.545s] -- Up-to-date: /home/mpt/Desktop/assgn2/ros2_ws/install/msgs_package/lib/libmsgs_package__rosidl_typesupport_introspection_c.so
[2.545s] -- Up-to-date: /home/mpt/Desktop/assgn2/ros2_ws/install/msgs_package/lib/libmsgs_package__rosidl_typesupport_c.so
[2.545s] -- Up-to-date: /home/mpt/Desktop/assgn2/ros2_ws/install/msgs_package/include/msgs_package
[2.549s] -- Up-to-date: /home/mpt/Desktop/assgn2/ros2_ws/install/msgs_package/include/msgs_package/srv
[2.549s] -- Up-to-date: /home/mpt/Desktop/assgn2/ros2_ws/install/msgs_package/include/msgs_package/srv/bug_service.hpp
[2.549s] -- Up-to-date: /home/mpt/Desktop/assgn2/ros2_ws/install/msgs_package/include/msgs_package/srv/detail
[2.557s] -- Up-to-date: /home/mpt/Desktop/assgn2/ros2_ws/install/msgs_package/include/msgs_package/srv/detail/random_position__builder.hpp
[2.557s] -- Up-to-date: /home/mpt/Desktop/assgn2/ros2_ws/install/msgs_package/include/msgs_package/srv/detail/bug_service__builder.hpp
[2.558s] -- Up-to-date: /home/mpt/Desktop/assgn2/ros2_ws/install/msgs_package/include/msgs_package/srv/detail/random_position__traits.hpp
[2.562s] -- Up-to-date: /home/mpt/Desktop/assgn2/ros2_ws/install/msgs_package/include/msgs_package/srv/detail/bug_service__traits.hpp
[2.563s] -- Up-to-date: /home/mpt/Desktop/assgn2/ros2_ws/install/msgs_package/include/msgs_package/srv/detail/random_position__struct.hpp
[2.564s] -- Up-to-date: /home/mpt/Desktop/assgn2/ros2_ws/install/msgs_package/include/msgs_package/srv/detail/bug_service__struct.hpp
[2.564s] -- Up-to-date: /home/mpt/Desktop/assgn2/ros2_ws/install/msgs_package/include/msgs_package/srv/random_position.hpp
[2.564s] -- Up-to-date: /home/mpt/Desktop/assgn2/ros2_ws/install/msgs_package/include/msgs_package
[2.564s] -- Up-to-date: /home/mpt/Desktop/assgn2/ros2_ws/install/msgs_package/include/msgs_package/srv
[2.564s] -- Up-to-date: /home/mpt/Desktop/assgn2/ros2_ws/install/msgs_package/include/msgs_package/srv/detail
[2.564s] -- Up-to-date: /home/mpt/Desktop/assgn2/ros2_ws/install/msgs_package/include/msgs_package/srv/detail/random_position__rosidl_typesupport_introspection_cpp.hpp
[2.564s] -- Up-to-date: /home/mpt/Desktop/assgn2/ros2_ws/install/msgs_package/include/msgs_package/srv/detail/bug_service__rosidl_typesupport_introspection_cpp.hpp
[2.572s] -- Up-to-date: /home/mpt/Desktop/assgn2/ros2_ws/install/msgs_package/include/msgs_package/srv/detail/bug_service__type_support.cpp
[2.573s] -- Up-to-date: /home/mpt/Desktop/assgn2/ros2_ws/install/msgs_package/include/msgs_package/srv/detail/random_position__type_support.cpp
[2.574s] -- Up-to-date: /home/mpt/Desktop/assgn2/ros2_ws/install/msgs_package/lib/libmsgs_package__rosidl_typesupport_introspection_cpp.so
[2.574s] -- Up-to-date: /home/mpt/Desktop/assgn2/ros2_ws/install/msgs_package/lib/libmsgs_package__rosidl_typesupport_cpp.so
[2.575s] -- Up-to-date: /home/mpt/Desktop/assgn2/ros2_ws/install/msgs_package/share/msgs_package/environment/pythonpath.sh
[2.575s] -- Up-to-date: /home/mpt/Desktop/assgn2/ros2_ws/install/msgs_package/share/msgs_package/environment/pythonpath.dsv
[2.576s] -- Up-to-date: /home/mpt/Desktop/assgn2/ros2_ws/install/msgs_package/lib/python3.8/site-packages/msgs_package/__init__.py
[2.694s] -- Up-to-date: /home/mpt/Desktop/assgn2/ros2_ws/install/msgs_package/lib/python3.8/site-packages/msgs_package/srv
[2.694s] -- Up-to-date: /home/mpt/Desktop/assgn2/ros2_ws/install/msgs_package/lib/python3.8/site-packages/msgs_package/srv/_random_position.py
[2.694s] -- Up-to-date: /home/mpt/Desktop/assgn2/ros2_ws/install/msgs_package/lib/python3.8/site-packages/msgs_package/srv/_bug_service_s.c
[2.694s] -- Up-to-date: /home/mpt/Desktop/assgn2/ros2_ws/install/msgs_package/lib/python3.8/site-packages/msgs_package/srv/_bug_service.py
[2.694s] -- Up-to-date: /home/mpt/Desktop/assgn2/ros2_ws/install/msgs_package/lib/python3.8/site-packages/msgs_package/srv/_random_position_s.c
[2.695s] -- Up-to-date: /home/mpt/Desktop/assgn2/ros2_ws/install/msgs_package/lib/python3.8/site-packages/msgs_package/srv/__init__.py
[2.696s] -- Up-to-date: /home/mpt/Desktop/assgn2/ros2_ws/install/msgs_package/lib/python3.8/site-packages/msgs_package/msgs_package_s__rosidl_typesupport_fastrtps_c.cpython-38-x86_64-linux-gnu.so
[2.698s] -- Up-to-date: /home/mpt/Desktop/assgn2/ros2_ws/install/msgs_package/lib/python3.8/site-packages/msgs_package/msgs_package_s__rosidl_typesupport_introspection_c.cpython-38-x86_64-linux-gnu.so
[2.700s] -- Up-to-date: /home/mpt/Desktop/assgn2/ros2_ws/install/msgs_package/lib/python3.8/site-packages/msgs_package/msgs_package_s__rosidl_typesupport_c.cpython-38-x86_64-linux-gnu.so
[2.702s] -- Up-to-date: /home/mpt/Desktop/assgn2/ros2_ws/install/msgs_package/lib/libmsgs_package__python.so
[2.704s] -- Up-to-date: /home/mpt/Desktop/assgn2/ros2_ws/install/msgs_package/share/msgs_package/srv/RandomPosition.idl
[2.707s] -- Up-to-date: /home/mpt/Desktop/assgn2/ros2_ws/install/msgs_package/share/msgs_package/srv/BugService.idl
[2.707s] -- Up-to-date: /home/mpt/Desktop/assgn2/ros2_ws/install/msgs_package/share/msgs_package/srv/RandomPosition.srv
[2.707s] -- Up-to-date: /home/mpt/Desktop/assgn2/ros2_ws/install/msgs_package/share/msgs_package/srv/RandomPosition_Request.msg
[2.707s] -- Up-to-date: /home/mpt/Desktop/assgn2/ros2_ws/install/msgs_package/share/msgs_package/srv/RandomPosition_Response.msg
[2.708s] -- Up-to-date: /home/mpt/Desktop/assgn2/ros2_ws/install/msgs_package/share/msgs_package/srv/BugService.srv
[2.709s] -- Up-to-date: /home/mpt/Desktop/assgn2/ros2_ws/install/msgs_package/share/msgs_package/srv/BugService_Request.msg
[2.709s] -- Up-to-date: /home/mpt/Desktop/assgn2/ros2_ws/install/msgs_package/share/msgs_package/srv/BugService_Response.msg
[2.709s] -- Up-to-date: /home/mpt/Desktop/assgn2/ros2_ws/install/msgs_package/share/msgs_package/mapping.yaml
[2.710s] -- Up-to-date: /home/mpt/Desktop/assgn2/ros2_ws/install/msgs_package/share/ament_index/resource_index/package_run_dependencies/msgs_package
[2.711s] -- Up-to-date: /home/mpt/Desktop/assgn2/ros2_ws/install/msgs_package/share/ament_index/resource_index/parent_prefix_path/msgs_package
[2.711s] -- Up-to-date: /home/mpt/Desktop/assgn2/ros2_ws/install/msgs_package/share/msgs_package/environment/ament_prefix_path.sh
[2.711s] -- Up-to-date: /home/mpt/Desktop/assgn2/ros2_ws/install/msgs_package/share/msgs_package/environment/ament_prefix_path.dsv
[2.711s] -- Up-to-date: /home/mpt/Desktop/assgn2/ros2_ws/install/msgs_package/share/msgs_package/environment/path.sh
[2.712s] -- Up-to-date: /home/mpt/Desktop/assgn2/ros2_ws/install/msgs_package/share/msgs_package/environment/path.dsv
[2.712s] -- Up-to-date: /home/mpt/Desktop/assgn2/ros2_ws/install/msgs_package/share/msgs_package/local_setup.bash
[2.712s] -- Up-to-date: /home/mpt/Desktop/assgn2/ros2_ws/install/msgs_package/share/msgs_package/local_setup.sh
[2.712s] -- Up-to-date: /home/mpt/Desktop/assgn2/ros2_ws/install/msgs_package/share/msgs_package/local_setup.zsh
[2.713s] -- Up-to-date: /home/mpt/Desktop/assgn2/ros2_ws/install/msgs_package/share/msgs_package/local_setup.dsv
[2.713s] -- Installing: /home/mpt/Desktop/assgn2/ros2_ws/install/msgs_package/share/msgs_package/package.dsv
[2.713s] -- Up-to-date: /home/mpt/Desktop/assgn2/ros2_ws/install/msgs_package/share/ament_index/resource_index/packages/msgs_package
[2.713s] -- Up-to-date: /home/mpt/Desktop/assgn2/ros2_ws/install/msgs_package/share/msgs_package/cmake/msgs_package__rosidl_generator_cExport.cmake
[2.745s] -- Up-to-date: /home/mpt/Desktop/assgn2/ros2_ws/install/msgs_package/share/msgs_package/cmake/msgs_package__rosidl_generator_cExport-noconfig.cmake
[2.746s] -- Up-to-date: /home/mpt/Desktop/assgn2/ros2_ws/install/msgs_package/share/msgs_package/cmake/msgs_package__rosidl_typesupport_introspection_cExport.cmake
[2.747s] -- Up-to-date: /home/mpt/Desktop/assgn2/ros2_ws/install/msgs_package/share/msgs_package/cmake/msgs_package__rosidl_typesupport_introspection_cExport-noconfig.cmake
[2.747s] -- Up-to-date: /home/mpt/Desktop/assgn2/ros2_ws/install/msgs_package/share/msgs_package/cmake/msgs_package__rosidl_typesupport_cExport.cmake
[2.748s] -- Up-to-date: /home/mpt/Desktop/assgn2/ros2_ws/install/msgs_package/share/msgs_package/cmake/msgs_package__rosidl_typesupport_cExport-noconfig.cmake
[2.748s] -- Up-to-date: /home/mpt/Desktop/assgn2/ros2_ws/install/msgs_package/share/msgs_package/cmake/msgs_package__rosidl_generator_cppExport.cmake
[2.748s] -- Up-to-date: /home/mpt/Desktop/assgn2/ros2_ws/install/msgs_package/share/msgs_package/cmake/msgs_package__rosidl_typesupport_introspection_cppExport.cmake
[2.748s] -- Up-to-date: /home/mpt/Desktop/assgn2/ros2_ws/install/msgs_package/share/msgs_package/cmake/msgs_package__rosidl_typesupport_introspection_cppExport-noconfig.cmake
[2.749s] -- Up-to-date: /home/mpt/Desktop/assgn2/ros2_ws/install/msgs_package/share/msgs_package/cmake/msgs_package__rosidl_typesupport_cppExport.cmake
[2.749s] -- Up-to-date: /home/mpt/Desktop/assgn2/ros2_ws/install/msgs_package/share/msgs_package/cmake/msgs_package__rosidl_typesupport_cppExport-noconfig.cmake
[2.750s] -- Up-to-date: /home/mpt/Desktop/assgn2/ros2_ws/install/msgs_package/share/msgs_package/cmake/rosidl_cmake-extras.cmake
[2.761s] -- Up-to-date: /home/mpt/Desktop/assgn2/ros2_ws/install/msgs_package/share/msgs_package/cmake/ament_cmake_export_dependencies-extras.cmake
[2.762s] -- Up-to-date: /home/mpt/Desktop/assgn2/ros2_ws/install/msgs_package/share/msgs_package/cmake/ament_cmake_export_libraries-extras.cmake
[2.763s] -- Up-to-date: /home/mpt/Desktop/assgn2/ros2_ws/install/msgs_package/share/msgs_package/cmake/ament_cmake_export_targets-extras.cmake
[2.764s] -- Up-to-date: /home/mpt/Desktop/assgn2/ros2_ws/install/msgs_package/share/msgs_package/cmake/ament_cmake_export_include_directories-extras.cmake
[2.764s] -- Up-to-date: /home/mpt/Desktop/assgn2/ros2_ws/install/msgs_package/share/msgs_package/cmake/rosidl_cmake_export_typesupport_libraries-extras.cmake
[2.765s] -- Up-to-date: /home/mpt/Desktop/assgn2/ros2_ws/install/msgs_package/share/msgs_package/cmake/rosidl_cmake_export_typesupport_targets-extras.cmake
[2.765s] -- Up-to-date: /home/mpt/Desktop/assgn2/ros2_ws/install/msgs_package/share/msgs_package/cmake/msgs_packageConfig.cmake
[2.765s] -- Up-to-date: /home/mpt/Desktop/assgn2/ros2_ws/install/msgs_package/share/msgs_package/cmake/msgs_packageConfig-version.cmake
[2.766s] -- Up-to-date: /home/mpt/Desktop/assgn2/ros2_ws/install/msgs_package/share/msgs_package/package.xml
[2.767s] Invoked command in '/home/mpt/Desktop/assgn2/ros2_ws/build/msgs_package' returned '0': CMAKE_PREFIX_PATH=${CMAKE_PREFIX_PATH}:/home/mpt/Desktop/assgn2/ros2_ws/install/robot_description:/opt/ros/foxy /usr/bin/cmake --install /home/mpt/Desktop/assgn2/ros2_ws/build/msgs_package
