[  7%] Built target msgs_package__cpp
[ 12%] Built target msgs_package__rosidl_generator_c
[ 23%] Built target msgs_package__rosidl_typesupport_cpp
[ 33%] Built target msgs_package__rosidl_typesupport_introspection_c
[ 43%] Built target msgs_package__rosidl_typesupport_introspection_cpp
[ 53%] Built target msgs_package__rosidl_typesupport_c
[ 64%] Built target msgs_package__rosidl_typesupport_fastrtps_cpp
[ 74%] Built target msgs_package__rosidl_typesupport_fastrtps_c
[ 74%] Built target msgs_package
[ 76%] Built target msgs_package__py
[ 84%] Built target msgs_package__python
[ 89%] Built target msgs_package__rosidl_typesupport_c__pyext
[ 94%] Built target msgs_package__rosidl_typesupport_introspection_c__pyext
[100%] Built target msgs_package__rosidl_typesupport_fastrtps_c__pyext
-- Install configuration: ""
-- Up-to-date: /home/mpt/Desktop/assgn2/ros2_ws/install/msgs_package/share/ament_index/resource_index/rosidl_interfaces/msgs_package
-- Up-to-date: /home/mpt/Desktop/assgn2/ros2_ws/install/msgs_package/include/msgs_package
-- Up-to-date: /home/mpt/Desktop/assgn2/ros2_ws/install/msgs_package/include/msgs_package/msg
-- Up-to-date: /home/mpt/Desktop/assgn2/ros2_ws/install/msgs_package/include/msgs_package/msg/rosidl_generator_c__visibility_control.h
-- Up-to-date: /home/mpt/Desktop/assgn2/ros2_ws/install/msgs_package/include/msgs_package/srv
-- Up-to-date: /home/mpt/Desktop/assgn2/ros2_ws/install/msgs_package/include/msgs_package/srv/detail
-- Up-to-date: /home/mpt/Desktop/assgn2/ros2_ws/install/msgs_package/include/msgs_package/srv/detail/bug_service__type_support.h
-- Up-to-date: /home/mpt/Desktop/assgn2/ros2_ws/install/msgs_package/include/msgs_package/srv/detail/random_position__functions.c
-- Up-to-date: /home/mpt/Desktop/assgn2/ros2_ws/install/msgs_package/include/msgs_package/srv/detail/random_position__functions.h
-- Up-to-date: /home/mpt/Desktop/assgn2/ros2_ws/install/msgs_package/include/msgs_package/srv/detail/bug_service__functions.c
-- Up-to-date: /home/mpt/Desktop/assgn2/ros2_ws/install/msgs_package/include/msgs_package/srv/detail/bug_service__struct.h
-- Up-to-date: /home/mpt/Desktop/assgn2/ros2_ws/install/msgs_package/include/msgs_package/srv/detail/random_position__struct.h
-- Up-to-date: /home/mpt/Desktop/assgn2/ros2_ws/install/msgs_package/include/msgs_package/srv/detail/bug_service__functions.h
-- Up-to-date: /home/mpt/Desktop/assgn2/ros2_ws/install/msgs_package/include/msgs_package/srv/detail/random_position__type_support.h
-- Up-to-date: /home/mpt/Desktop/assgn2/ros2_ws/install/msgs_package/include/msgs_package/srv/bug_service.h
-- Up-to-date: /home/mpt/Desktop/assgn2/ros2_ws/install/msgs_package/include/msgs_package/srv/random_position.h
-- Up-to-date: /home/mpt/Desktop/assgn2/ros2_ws/install/msgs_package/share/msgs_package/environment/library_path.sh
-- Up-to-date: /home/mpt/Desktop/assgn2/ros2_ws/install/msgs_package/share/msgs_package/environment/library_path.dsv
-- Up-to-date: /home/mpt/Desktop/assgn2/ros2_ws/install/msgs_package/lib/libmsgs_package__rosidl_generator_c.so
-- Up-to-date: /home/mpt/Desktop/assgn2/ros2_ws/install/msgs_package/include/msgs_package
-- Up-to-date: /home/mpt/Desktop/assgn2/ros2_ws/install/msgs_package/include/msgs_package/msg
-- Up-to-date: /home/mpt/Desktop/assgn2/ros2_ws/install/msgs_package/include/msgs_package/msg/rosidl_typesupport_fastrtps_c__visibility_control.h
-- Up-to-date: /home/mpt/Desktop/assgn2/ros2_ws/install/msgs_package/include/msgs_package/srv
-- Up-to-date: /home/mpt/Desktop/assgn2/ros2_ws/install/msgs_package/include/msgs_package/srv/detail
-- Up-to-date: /home/mpt/Desktop/assgn2/ros2_ws/install/msgs_package/include/msgs_package/srv/detail/random_position__rosidl_typesupport_fastrtps_c.h
-- Up-to-date: /home/mpt/Desktop/assgn2/ros2_ws/install/msgs_package/include/msgs_package/srv/detail/bug_service__rosidl_typesupport_fastrtps_c.h
-- Up-to-date: /home/mpt/Desktop/assgn2/ros2_ws/install/msgs_package/lib/libmsgs_package__rosidl_typesupport_fastrtps_c.so
-- Up-to-date: /home/mpt/Desktop/assgn2/ros2_ws/install/msgs_package/include/msgs_package
-- Up-to-date: /home/mpt/Desktop/assgn2/ros2_ws/install/msgs_package/include/msgs_package/msg
-- Up-to-date: /home/mpt/Desktop/assgn2/ros2_ws/install/msgs_package/include/msgs_package/msg/rosidl_typesupport_fastrtps_cpp__visibility_control.h
-- Up-to-date: /home/mpt/Desktop/assgn2/ros2_ws/install/msgs_package/include/msgs_package/srv
-- Up-to-date: /home/mpt/Desktop/assgn2/ros2_ws/install/msgs_package/include/msgs_package/srv/detail
-- Up-to-date: /home/mpt/Desktop/assgn2/ros2_ws/install/msgs_package/include/msgs_package/srv/detail/random_position__rosidl_typesupport_fastrtps_cpp.hpp
-- Up-to-date: /home/mpt/Desktop/assgn2/ros2_ws/install/msgs_package/include/msgs_package/srv/detail/dds_fastrtps
-- Up-to-date: /home/mpt/Desktop/assgn2/ros2_ws/install/msgs_package/include/msgs_package/srv/detail/bug_service__rosidl_typesupport_fastrtps_cpp.hpp
-- Up-to-date: /home/mpt/Desktop/assgn2/ros2_ws/install/msgs_package/lib/libmsgs_package__rosidl_typesupport_fastrtps_cpp.so
-- Up-to-date: /home/mpt/Desktop/assgn2/ros2_ws/install/msgs_package/include/msgs_package
-- Up-to-date: /home/mpt/Desktop/assgn2/ros2_ws/install/msgs_package/include/msgs_package/msg
-- Up-to-date: /home/mpt/Desktop/assgn2/ros2_ws/install/msgs_package/include/msgs_package/msg/rosidl_typesupport_introspection_c__visibility_control.h
-- Up-to-date: /home/mpt/Desktop/assgn2/ros2_ws/install/msgs_package/include/msgs_package/srv
-- Up-to-date: /home/mpt/Desktop/assgn2/ros2_ws/install/msgs_package/include/msgs_package/srv/detail
-- Up-to-date: /home/mpt/Desktop/assgn2/ros2_ws/install/msgs_package/include/msgs_package/srv/detail/random_position__rosidl_typesupport_introspection_c.h
-- Up-to-date: /home/mpt/Desktop/assgn2/ros2_ws/install/msgs_package/include/msgs_package/srv/detail/bug_service__rosidl_typesupport_introspection_c.h
-- Up-to-date: /home/mpt/Desktop/assgn2/ros2_ws/install/msgs_package/include/msgs_package/srv/detail/bug_service__type_support.c
-- Up-to-date: /home/mpt/Desktop/assgn2/ros2_ws/install/msgs_package/include/msgs_package/srv/detail/random_position__type_support.c
-- Up-to-date: /home/mpt/Desktop/assgn2/ros2_ws/install/msgs_package/lib/libmsgs_package__rosidl_typesupport_introspection_c.so
-- Up-to-date: /home/mpt/Desktop/assgn2/ros2_ws/install/msgs_package/lib/libmsgs_package__rosidl_typesupport_c.so
-- Up-to-date: /home/mpt/Desktop/assgn2/ros2_ws/install/msgs_package/include/msgs_package
-- Up-to-date: /home/mpt/Desktop/assgn2/ros2_ws/install/msgs_package/include/msgs_package/srv
-- Up-to-date: /home/mpt/Desktop/assgn2/ros2_ws/install/msgs_package/include/msgs_package/srv/bug_service.hpp
-- Up-to-date: /home/mpt/Desktop/assgn2/ros2_ws/install/msgs_package/include/msgs_package/srv/detail
-- Up-to-date: /home/mpt/Desktop/assgn2/ros2_ws/install/msgs_package/include/msgs_package/srv/detail/random_position__builder.hpp
-- Up-to-date: /home/mpt/Desktop/assgn2/ros2_ws/install/msgs_package/include/msgs_package/srv/detail/bug_service__builder.hpp
-- Up-to-date: /home/mpt/Desktop/assgn2/ros2_ws/install/msgs_package/include/msgs_package/srv/detail/random_position__traits.hpp
-- Up-to-date: /home/mpt/Desktop/assgn2/ros2_ws/install/msgs_package/include/msgs_package/srv/detail/bug_service__traits.hpp
-- Up-to-date: /home/mpt/Desktop/assgn2/ros2_ws/install/msgs_package/include/msgs_package/srv/detail/random_position__struct.hpp
-- Up-to-date: /home/mpt/Desktop/assgn2/ros2_ws/install/msgs_package/include/msgs_package/srv/detail/bug_service__struct.hpp
-- Up-to-date: /home/mpt/Desktop/assgn2/ros2_ws/install/msgs_package/include/msgs_package/srv/random_position.hpp
-- Up-to-date: /home/mpt/Desktop/assgn2/ros2_ws/install/msgs_package/include/msgs_package
-- Up-to-date: /home/mpt/Desktop/assgn2/ros2_ws/install/msgs_package/include/msgs_package/srv
-- Up-to-date: /home/mpt/Desktop/assgn2/ros2_ws/install/msgs_package/include/msgs_package/srv/detail
-- Up-to-date: /home/mpt/Desktop/assgn2/ros2_ws/install/msgs_package/include/msgs_package/srv/detail/random_position__rosidl_typesupport_introspection_cpp.hpp
-- Up-to-date: /home/mpt/Desktop/assgn2/ros2_ws/install/msgs_package/include/msgs_package/srv/detail/bug_service__rosidl_typesupport_introspection_cpp.hpp
-- Up-to-date: /home/mpt/Desktop/assgn2/ros2_ws/install/msgs_package/include/msgs_package/srv/detail/bug_service__type_support.cpp
-- Up-to-date: /home/mpt/Desktop/assgn2/ros2_ws/install/msgs_package/include/msgs_package/srv/detail/random_position__type_support.cpp
-- Up-to-date: /home/mpt/Desktop/assgn2/ros2_ws/install/msgs_package/lib/libmsgs_package__rosidl_typesupport_introspection_cpp.so
-- Up-to-date: /home/mpt/Desktop/assgn2/ros2_ws/install/msgs_package/lib/libmsgs_package__rosidl_typesupport_cpp.so
-- Up-to-date: /home/mpt/Desktop/assgn2/ros2_ws/install/msgs_package/share/msgs_package/environment/pythonpath.sh
-- Up-to-date: /home/mpt/Desktop/assgn2/ros2_ws/install/msgs_package/share/msgs_package/environment/pythonpath.dsv
-- Up-to-date: /home/mpt/Desktop/assgn2/ros2_ws/install/msgs_package/lib/python3.8/site-packages/msgs_package/__init__.py
-- Up-to-date: /home/mpt/Desktop/assgn2/ros2_ws/install/msgs_package/lib/python3.8/site-packages/msgs_package/srv
-- Up-to-date: /home/mpt/Desktop/assgn2/ros2_ws/install/msgs_package/lib/python3.8/site-packages/msgs_package/srv/_random_position.py
-- Up-to-date: /home/mpt/Desktop/assgn2/ros2_ws/install/msgs_package/lib/python3.8/site-packages/msgs_package/srv/_bug_service_s.c
-- Up-to-date: /home/mpt/Desktop/assgn2/ros2_ws/install/msgs_package/lib/python3.8/site-packages/msgs_package/srv/_bug_service.py
-- Up-to-date: /home/mpt/Desktop/assgn2/ros2_ws/install/msgs_package/lib/python3.8/site-packages/msgs_package/srv/_random_position_s.c
-- Up-to-date: /home/mpt/Desktop/assgn2/ros2_ws/install/msgs_package/lib/python3.8/site-packages/msgs_package/srv/__init__.py
-- Up-to-date: /home/mpt/Desktop/assgn2/ros2_ws/install/msgs_package/lib/python3.8/site-packages/msgs_package/msgs_package_s__rosidl_typesupport_fastrtps_c.cpython-38-x86_64-linux-gnu.so
-- Up-to-date: /home/mpt/Desktop/assgn2/ros2_ws/install/msgs_package/lib/python3.8/site-packages/msgs_package/msgs_package_s__rosidl_typesupport_introspection_c.cpython-38-x86_64-linux-gnu.so
-- Up-to-date: /home/mpt/Desktop/assgn2/ros2_ws/install/msgs_package/lib/python3.8/site-packages/msgs_package/msgs_package_s__rosidl_typesupport_c.cpython-38-x86_64-linux-gnu.so
-- Up-to-date: /home/mpt/Desktop/assgn2/ros2_ws/install/msgs_package/lib/libmsgs_package__python.so
-- Up-to-date: /home/mpt/Desktop/assgn2/ros2_ws/install/msgs_package/share/msgs_package/srv/RandomPosition.idl
-- Up-to-date: /home/mpt/Desktop/assgn2/ros2_ws/install/msgs_package/share/msgs_package/srv/BugService.idl
-- Up-to-date: /home/mpt/Desktop/assgn2/ros2_ws/install/msgs_package/share/msgs_package/srv/RandomPosition.srv
-- Up-to-date: /home/mpt/Desktop/assgn2/ros2_ws/install/msgs_package/share/msgs_package/srv/RandomPosition_Request.msg
-- Up-to-date: /home/mpt/Desktop/assgn2/ros2_ws/install/msgs_package/share/msgs_package/srv/RandomPosition_Response.msg
-- Up-to-date: /home/mpt/Desktop/assgn2/ros2_ws/install/msgs_package/share/msgs_package/srv/BugService.srv
-- Up-to-date: /home/mpt/Desktop/assgn2/ros2_ws/install/msgs_package/share/msgs_package/srv/BugService_Request.msg
-- Up-to-date: /home/mpt/Desktop/assgn2/ros2_ws/install/msgs_package/share/msgs_package/srv/BugService_Response.msg
-- Up-to-date: /home/mpt/Desktop/assgn2/ros2_ws/install/msgs_package/share/msgs_package/mapping.yaml
-- Up-to-date: /home/mpt/Desktop/assgn2/ros2_ws/install/msgs_package/share/ament_index/resource_index/package_run_dependencies/msgs_package
-- Up-to-date: /home/mpt/Desktop/assgn2/ros2_ws/install/msgs_package/share/ament_index/resource_index/parent_prefix_path/msgs_package
-- Up-to-date: /home/mpt/Desktop/assgn2/ros2_ws/install/msgs_package/share/msgs_package/environment/ament_prefix_path.sh
-- Up-to-date: /home/mpt/Desktop/assgn2/ros2_ws/install/msgs_package/share/msgs_package/environment/ament_prefix_path.dsv
-- Up-to-date: /home/mpt/Desktop/assgn2/ros2_ws/install/msgs_package/share/msgs_package/environment/path.sh
-- Up-to-date: /home/mpt/Desktop/assgn2/ros2_ws/install/msgs_package/share/msgs_package/environment/path.dsv
-- Up-to-date: /home/mpt/Desktop/assgn2/ros2_ws/install/msgs_package/share/msgs_package/local_setup.bash
-- Up-to-date: /home/mpt/Desktop/assgn2/ros2_ws/install/msgs_package/share/msgs_package/local_setup.sh
-- Up-to-date: /home/mpt/Desktop/assgn2/ros2_ws/install/msgs_package/share/msgs_package/local_setup.zsh
-- Up-to-date: /home/mpt/Desktop/assgn2/ros2_ws/install/msgs_package/share/msgs_package/local_setup.dsv
-- Installing: /home/mpt/Desktop/assgn2/ros2_ws/install/msgs_package/share/msgs_package/package.dsv
-- Up-to-date: /home/mpt/Desktop/assgn2/ros2_ws/install/msgs_package/share/ament_index/resource_index/packages/msgs_package
-- Up-to-date: /home/mpt/Desktop/assgn2/ros2_ws/install/msgs_package/share/msgs_package/cmake/msgs_package__rosidl_generator_cExport.cmake
-- Up-to-date: /home/mpt/Desktop/assgn2/ros2_ws/install/msgs_package/share/msgs_package/cmake/msgs_package__rosidl_generator_cExport-noconfig.cmake
-- Up-to-date: /home/mpt/Desktop/assgn2/ros2_ws/install/msgs_package/share/msgs_package/cmake/msgs_package__rosidl_typesupport_introspection_cExport.cmake
-- Up-to-date: /home/mpt/Desktop/assgn2/ros2_ws/install/msgs_package/share/msgs_package/cmake/msgs_package__rosidl_typesupport_introspection_cExport-noconfig.cmake
-- Up-to-date: /home/mpt/Desktop/assgn2/ros2_ws/install/msgs_package/share/msgs_package/cmake/msgs_package__rosidl_typesupport_cExport.cmake
-- Up-to-date: /home/mpt/Desktop/assgn2/ros2_ws/install/msgs_package/share/msgs_package/cmake/msgs_package__rosidl_typesupport_cExport-noconfig.cmake
-- Up-to-date: /home/mpt/Desktop/assgn2/ros2_ws/install/msgs_package/share/msgs_package/cmake/msgs_package__rosidl_generator_cppExport.cmake
-- Up-to-date: /home/mpt/Desktop/assgn2/ros2_ws/install/msgs_package/share/msgs_package/cmake/msgs_package__rosidl_typesupport_introspection_cppExport.cmake
-- Up-to-date: /home/mpt/Desktop/assgn2/ros2_ws/install/msgs_package/share/msgs_package/cmake/msgs_package__rosidl_typesupport_introspection_cppExport-noconfig.cmake
-- Up-to-date: /home/mpt/Desktop/assgn2/ros2_ws/install/msgs_package/share/msgs_package/cmake/msgs_package__rosidl_typesupport_cppExport.cmake
-- Up-to-date: /home/mpt/Desktop/assgn2/ros2_ws/install/msgs_package/share/msgs_package/cmake/msgs_package__rosidl_typesupport_cppExport-noconfig.cmake
-- Up-to-date: /home/mpt/Desktop/assgn2/ros2_ws/install/msgs_package/share/msgs_package/cmake/rosidl_cmake-extras.cmake
-- Up-to-date: /home/mpt/Desktop/assgn2/ros2_ws/install/msgs_package/share/msgs_package/cmake/ament_cmake_export_dependencies-extras.cmake
-- Up-to-date: /home/mpt/Desktop/assgn2/ros2_ws/install/msgs_package/share/msgs_package/cmake/ament_cmake_export_libraries-extras.cmake
-- Up-to-date: /home/mpt/Desktop/assgn2/ros2_ws/install/msgs_package/share/msgs_package/cmake/ament_cmake_export_targets-extras.cmake
-- Up-to-date: /home/mpt/Desktop/assgn2/ros2_ws/install/msgs_package/share/msgs_package/cmake/ament_cmake_export_include_directories-extras.cmake
-- Up-to-date: /home/mpt/Desktop/assgn2/ros2_ws/install/msgs_package/share/msgs_package/cmake/rosidl_cmake_export_typesupport_libraries-extras.cmake
-- Up-to-date: /home/mpt/Desktop/assgn2/ros2_ws/install/msgs_package/share/msgs_package/cmake/rosidl_cmake_export_typesupport_targets-extras.cmake
-- Up-to-date: /home/mpt/Desktop/assgn2/ros2_ws/install/msgs_package/share/msgs_package/cmake/msgs_packageConfig.cmake
-- Up-to-date: /home/mpt/Desktop/assgn2/ros2_ws/install/msgs_package/share/msgs_package/cmake/msgs_packageConfig-version.cmake
-- Up-to-date: /home/mpt/Desktop/assgn2/ros2_ws/install/msgs_package/share/msgs_package/package.xml
