[1.374s] Invoking command in '/home/mpt/Desktop/assgn2/ros2_ws/src/robot_description': CMAKE_PREFIX_PATH=/home/mpt/Desktop/assgn2/ros2_ws/install/msgs_package:/home/mpt/Desktop/assgn2/ros1_bridge/install/ros1_bridge LD_LIBRARY_PATH=/home/mpt/Desktop/assgn2/ros2_ws/install/msgs_package/lib:/home/mpt/Desktop/assgn2/ros1_bridge/install/ros1_bridge/lib:/usr/lib/x86_64-linux-gnu/gazebo-11/plugins:/opt/ros/foxy/opt/yaml_cpp_vendor/lib:/opt/ros/foxy/opt/rviz_ogre_vendor/lib:/opt/ros/foxy/lib/x86_64-linux-gnu:/opt/ros/foxy/lib PYTHONPATH=/home/mpt/Desktop/assgn2/ros2_ws/install/robot_description/lib/python3.8/site-packages:/home/mpt/Desktop/assgn2/ros2_ws/install/msgs_package/lib/python3.8/site-packages:/home/mpt/Desktop/assgn2/ros1_bridge/install/ros1_bridge/lib/python3.8/site-packages:/home/mpt/Desktop/assgn2/ros2_ws/install/robot_description/lib/python3.8/site-packages:/opt/ros/foxy/lib/python3.8/site-packages /usr/bin/python3 setup.py egg_info --egg-base ../../build/robot_description build --build-base /home/mpt/Desktop/assgn2/ros2_ws/build/robot_description/build install --prefix /home/mpt/Desktop/assgn2/ros2_ws/install/robot_description --record /home/mpt/Desktop/assgn2/ros2_ws/build/robot_description/install.log --single-version-externally-managed
[2.718s] running egg_info
[2.719s] writing ../../build/robot_description/robot_description.egg-info/PKG-INFO
[2.719s] writing dependency_links to ../../build/robot_description/robot_description.egg-info/dependency_links.txt
[2.729s] writing entry points to ../../build/robot_description/robot_description.egg-info/entry_points.txt
[2.730s] writing requirements to ../../build/robot_description/robot_description.egg-info/requires.txt
[2.730s] writing top-level names to ../../build/robot_description/robot_description.egg-info/top_level.txt
[2.909s] reading manifest file '../../build/robot_description/robot_description.egg-info/SOURCES.txt'
[2.911s] writing manifest file '../../build/robot_description/robot_description.egg-info/SOURCES.txt'
[2.911s] running build
[2.912s] running build_py
[2.912s] copying robot_description/user_input.py -> /home/mpt/Desktop/assgn2/ros2_ws/build/robot_description/build/lib/robot_description
[2.913s] running install
[2.914s] running install_lib
[2.916s] copying /home/mpt/Desktop/assgn2/ros2_ws/build/robot_description/build/lib/robot_description/user_input.py -> /home/mpt/Desktop/assgn2/ros2_ws/install/robot_description/lib/python3.8/site-packages/robot_description
[2.920s] byte-compiling /home/mpt/Desktop/assgn2/ros2_ws/install/robot_description/lib/python3.8/site-packages/robot_description/user_input.py to user_input.cpython-38.pyc
[2.938s] running install_data
[2.939s] running install_egg_info
[2.944s] removing '/home/mpt/Desktop/assgn2/ros2_ws/install/robot_description/lib/python3.8/site-packages/robot_description-0.0.0-py3.8.egg-info' (and everything under it)
[2.946s] Copying ../../build/robot_description/robot_description.egg-info to /home/mpt/Desktop/assgn2/ros2_ws/install/robot_description/lib/python3.8/site-packages/robot_description-0.0.0-py3.8.egg-info
[2.947s] running install_scripts
[3.062s] Installing random_position_generator script to /home/mpt/Desktop/assgn2/ros2_ws/install/robot_description/lib/robot_description
[3.062s] Installing user_input script to /home/mpt/Desktop/assgn2/ros2_ws/install/robot_description/lib/robot_description
[3.063s] writing list of installed files to '/home/mpt/Desktop/assgn2/ros2_ws/build/robot_description/install.log'
[3.134s] Invoked command in '/home/mpt/Desktop/assgn2/ros2_ws/src/robot_description' returned '0': CMAKE_PREFIX_PATH=/home/mpt/Desktop/assgn2/ros2_ws/install/msgs_package:/home/mpt/Desktop/assgn2/ros1_bridge/install/ros1_bridge LD_LIBRARY_PATH=/home/mpt/Desktop/assgn2/ros2_ws/install/msgs_package/lib:/home/mpt/Desktop/assgn2/ros1_bridge/install/ros1_bridge/lib:/usr/lib/x86_64-linux-gnu/gazebo-11/plugins:/opt/ros/foxy/opt/yaml_cpp_vendor/lib:/opt/ros/foxy/opt/rviz_ogre_vendor/lib:/opt/ros/foxy/lib/x86_64-linux-gnu:/opt/ros/foxy/lib PYTHONPATH=/home/mpt/Desktop/assgn2/ros2_ws/install/robot_description/lib/python3.8/site-packages:/home/mpt/Desktop/assgn2/ros2_ws/install/msgs_package/lib/python3.8/site-packages:/home/mpt/Desktop/assgn2/ros1_bridge/install/ros1_bridge/lib/python3.8/site-packages:/home/mpt/Desktop/assgn2/ros2_ws/install/robot_description/lib/python3.8/site-packages:/opt/ros/foxy/lib/python3.8/site-packages /usr/bin/python3 setup.py egg_info --egg-base ../../build/robot_description build --build-base /home/mpt/Desktop/assgn2/ros2_ws/build/robot_description/build install --prefix /home/mpt/Desktop/assgn2/ros2_ws/install/robot_description --record /home/mpt/Desktop/assgn2/ros2_ws/build/robot_description/install.log --single-version-externally-managed
