[0.730s] DEBUG:colcon:Command line arguments: ['/usr/bin/colcon', 'build']
[0.733s] DEBUG:colcon:Parsed command line arguments: Namespace(ament_cmake_args=None, base_paths=['.'], build_base='build', catkin_cmake_args=None, catkin_skip_building_tests=False, cmake_args=None, cmake_clean_cache=False, cmake_clean_first=False, cmake_force_configure=False, cmake_target=None, cmake_target_skip_unavailable=False, continue_on_error=False, event_handlers=None, executor='parallel', ignore_user_meta=False, install_base='install', log_base=None, log_level=None, main=<bound method BuildVerb.main of <colcon_core.verb.build.BuildVerb object at 0x7f5963de2130>>, merge_install=False, metas=['./colcon.meta'], packages_above=None, packages_above_and_dependencies=None, packages_above_depth=None, packages_end=None, packages_ignore=None, packages_ignore_regex=None, packages_select=None, packages_select_build_failed=False, packages_select_by_dep=None, packages_select_regex=None, packages_select_test_failures=False, packages_skip=None, packages_skip_build_finished=False, packages_skip_by_dep=None, packages_skip_regex=None, packages_skip_test_passed=False, packages_skip_up_to=None, packages_start=None, packages_up_to=None, packages_up_to_regex=None, parallel_workers=4, paths=None, symlink_install=False, test_result_base=None, verb_extension=<colcon_core.verb.build.BuildVerb object at 0x7f5963de2130>, verb_name='build', verb_parser=<colcon_defaults.argument_parser.defaults.DefaultArgumentsDecorator object at 0x7f5963de2670>)
[0.745s] Level 1:colcon.colcon_core.package_discovery:discover_packages(colcon_meta) check parameters
[0.746s] Level 1:colcon.colcon_core.package_discovery:discover_packages(recursive) check parameters
[0.746s] Level 1:colcon.colcon_core.package_discovery:discover_packages(ignore) check parameters
[0.746s] Level 1:colcon.colcon_core.package_discovery:discover_packages(path) check parameters
[0.746s] Level 1:colcon.colcon_core.package_discovery:discover_packages(colcon_meta) discover
[0.746s] Level 1:colcon.colcon_core.package_discovery:discover_packages(recursive) discover
[0.746s] INFO:colcon.colcon_core.package_discovery:Crawling recursively for packages in '/home/mpt/Desktop/assgn2/ros2_ws'
[0.746s] Level 1:colcon.colcon_core.package_identification:_identify(.) by extensions ['ignore', 'ignore_ament_install']
[0.747s] Level 1:colcon.colcon_core.package_identification:_identify(.) by extension 'ignore'
[0.747s] Level 1:colcon.colcon_core.package_identification:_identify(.) by extension 'ignore_ament_install'
[0.747s] Level 1:colcon.colcon_core.package_identification:_identify(.) by extensions ['colcon_pkg']
[0.747s] Level 1:colcon.colcon_core.package_identification:_identify(.) by extension 'colcon_pkg'
[0.747s] Level 1:colcon.colcon_core.package_identification:_identify(.) by extensions ['colcon_meta']
[0.747s] Level 1:colcon.colcon_core.package_identification:_identify(.) by extension 'colcon_meta'
[0.747s] Level 1:colcon.colcon_core.package_identification:_identify(.) by extensions ['ros']
[0.747s] Level 1:colcon.colcon_core.package_identification:_identify(.) by extension 'ros'
[0.772s] Level 1:colcon.colcon_core.package_identification:_identify(.) by extensions ['cmake', 'python']
[0.772s] Level 1:colcon.colcon_core.package_identification:_identify(.) by extension 'cmake'
[0.772s] Level 1:colcon.colcon_core.package_identification:_identify(.) by extension 'python'
[0.772s] Level 1:colcon.colcon_core.package_identification:_identify(.) by extensions ['python_setup_py']
[0.772s] Level 1:colcon.colcon_core.package_identification:_identify(.) by extension 'python_setup_py'
[0.772s] Level 1:colcon.colcon_core.package_identification:_identify(build) by extensions ['ignore', 'ignore_ament_install']
[0.773s] Level 1:colcon.colcon_core.package_identification:_identify(build) by extension 'ignore'
[0.773s] Level 1:colcon.colcon_core.package_identification:_identify(build) ignored
[0.773s] Level 1:colcon.colcon_core.package_identification:_identify(install) by extensions ['ignore', 'ignore_ament_install']
[0.773s] Level 1:colcon.colcon_core.package_identification:_identify(install) by extension 'ignore'
[0.773s] Level 1:colcon.colcon_core.package_identification:_identify(install) ignored
[0.773s] Level 1:colcon.colcon_core.package_identification:_identify(log) by extensions ['ignore', 'ignore_ament_install']
[0.774s] Level 1:colcon.colcon_core.package_identification:_identify(log) by extension 'ignore'
[0.774s] Level 1:colcon.colcon_core.package_identification:_identify(log) ignored
[0.774s] Level 1:colcon.colcon_core.package_identification:_identify(src) by extensions ['ignore', 'ignore_ament_install']
[0.774s] Level 1:colcon.colcon_core.package_identification:_identify(src) by extension 'ignore'
[0.774s] Level 1:colcon.colcon_core.package_identification:_identify(src) by extension 'ignore_ament_install'
[0.774s] Level 1:colcon.colcon_core.package_identification:_identify(src) by extensions ['colcon_pkg']
[0.774s] Level 1:colcon.colcon_core.package_identification:_identify(src) by extension 'colcon_pkg'
[0.774s] Level 1:colcon.colcon_core.package_identification:_identify(src) by extensions ['colcon_meta']
[0.774s] Level 1:colcon.colcon_core.package_identification:_identify(src) by extension 'colcon_meta'
[0.774s] Level 1:colcon.colcon_core.package_identification:_identify(src) by extensions ['ros']
[0.775s] Level 1:colcon.colcon_core.package_identification:_identify(src) by extension 'ros'
[0.775s] Level 1:colcon.colcon_core.package_identification:_identify(src) by extensions ['cmake', 'python']
[0.775s] Level 1:colcon.colcon_core.package_identification:_identify(src) by extension 'cmake'
[0.775s] Level 1:colcon.colcon_core.package_identification:_identify(src) by extension 'python'
[0.775s] Level 1:colcon.colcon_core.package_identification:_identify(src) by extensions ['python_setup_py']
[0.775s] Level 1:colcon.colcon_core.package_identification:_identify(src) by extension 'python_setup_py'
[0.775s] Level 1:colcon.colcon_core.package_identification:_identify(src/msgs_package) by extensions ['ignore', 'ignore_ament_install']
[0.775s] Level 1:colcon.colcon_core.package_identification:_identify(src/msgs_package) by extension 'ignore'
[0.776s] Level 1:colcon.colcon_core.package_identification:_identify(src/msgs_package) by extension 'ignore_ament_install'
[0.776s] Level 1:colcon.colcon_core.package_identification:_identify(src/msgs_package) by extensions ['colcon_pkg']
[0.776s] Level 1:colcon.colcon_core.package_identification:_identify(src/msgs_package) by extension 'colcon_pkg'
[0.776s] Level 1:colcon.colcon_core.package_identification:_identify(src/msgs_package) by extensions ['colcon_meta']
[0.776s] Level 1:colcon.colcon_core.package_identification:_identify(src/msgs_package) by extension 'colcon_meta'
[0.777s] Level 1:colcon.colcon_core.package_identification:_identify(src/msgs_package) by extensions ['ros']
[0.777s] Level 1:colcon.colcon_core.package_identification:_identify(src/msgs_package) by extension 'ros'
[0.781s] DEBUG:colcon.colcon_core.package_identification:Package 'src/msgs_package' with type 'ros.ament_cmake' and name 'msgs_package'
[0.781s] Level 1:colcon.colcon_core.package_identification:_identify(src/robot_description) by extensions ['ignore', 'ignore_ament_install']
[0.781s] Level 1:colcon.colcon_core.package_identification:_identify(src/robot_description) by extension 'ignore'
[0.782s] Level 1:colcon.colcon_core.package_identification:_identify(src/robot_description) by extension 'ignore_ament_install'
[0.782s] Level 1:colcon.colcon_core.package_identification:_identify(src/robot_description) by extensions ['colcon_pkg']
[0.782s] Level 1:colcon.colcon_core.package_identification:_identify(src/robot_description) by extension 'colcon_pkg'
[0.782s] Level 1:colcon.colcon_core.package_identification:_identify(src/robot_description) by extensions ['colcon_meta']
[0.782s] Level 1:colcon.colcon_core.package_identification:_identify(src/robot_description) by extension 'colcon_meta'
[0.782s] Level 1:colcon.colcon_core.package_identification:_identify(src/robot_description) by extensions ['ros']
[0.782s] Level 1:colcon.colcon_core.package_identification:_identify(src/robot_description) by extension 'ros'
[0.783s] DEBUG:colcon.colcon_core.package_identification:Package 'src/robot_description' with type 'ros.ament_python' and name 'robot_description'
[0.783s] Level 1:colcon.colcon_core.package_discovery:discover_packages(recursive) using defaults
[0.784s] Level 1:colcon.colcon_core.package_discovery:discover_packages(ignore) discover
[0.784s] Level 1:colcon.colcon_core.package_discovery:discover_packages(ignore) using defaults
[0.784s] Level 1:colcon.colcon_core.package_discovery:discover_packages(path) discover
[0.784s] Level 1:colcon.colcon_core.package_discovery:discover_packages(path) using defaults
[0.822s] Level 5:colcon.colcon_core.verb:set package 'msgs_package' build argument 'cmake_args' from command line to 'None'
[0.822s] Level 5:colcon.colcon_core.verb:set package 'msgs_package' build argument 'cmake_target' from command line to 'None'
[0.822s] Level 5:colcon.colcon_core.verb:set package 'msgs_package' build argument 'cmake_target_skip_unavailable' from command line to 'False'
[0.822s] Level 5:colcon.colcon_core.verb:set package 'msgs_package' build argument 'cmake_clean_cache' from command line to 'False'
[0.822s] Level 5:colcon.colcon_core.verb:set package 'msgs_package' build argument 'cmake_clean_first' from command line to 'False'
[0.822s] Level 5:colcon.colcon_core.verb:set package 'msgs_package' build argument 'cmake_force_configure' from command line to 'False'
[0.822s] Level 5:colcon.colcon_core.verb:set package 'msgs_package' build argument 'ament_cmake_args' from command line to 'None'
[0.822s] Level 5:colcon.colcon_core.verb:set package 'msgs_package' build argument 'catkin_cmake_args' from command line to 'None'
[0.822s] Level 5:colcon.colcon_core.verb:set package 'msgs_package' build argument 'catkin_skip_building_tests' from command line to 'False'
[0.822s] DEBUG:colcon.colcon_core.verb:Building package 'msgs_package' with the following arguments: {'ament_cmake_args': None, 'build_base': '/home/mpt/Desktop/assgn2/ros2_ws/build/msgs_package', 'catkin_cmake_args': None, 'catkin_skip_building_tests': False, 'cmake_args': None, 'cmake_clean_cache': False, 'cmake_clean_first': False, 'cmake_force_configure': False, 'cmake_target': None, 'cmake_target_skip_unavailable': False, 'install_base': '/home/mpt/Desktop/assgn2/ros2_ws/install/msgs_package', 'merge_install': False, 'path': '/home/mpt/Desktop/assgn2/ros2_ws/src/msgs_package', 'symlink_install': False, 'test_result_base': None}
[0.827s] Level 5:colcon.colcon_core.verb:set package 'robot_description' build argument 'cmake_args' from command line to 'None'
[0.827s] Level 5:colcon.colcon_core.verb:set package 'robot_description' build argument 'cmake_target' from command line to 'None'
[0.827s] Level 5:colcon.colcon_core.verb:set package 'robot_description' build argument 'cmake_target_skip_unavailable' from command line to 'False'
[0.827s] Level 5:colcon.colcon_core.verb:set package 'robot_description' build argument 'cmake_clean_cache' from command line to 'False'
[0.827s] Level 5:colcon.colcon_core.verb:set package 'robot_description' build argument 'cmake_clean_first' from command line to 'False'
[0.827s] Level 5:colcon.colcon_core.verb:set package 'robot_description' build argument 'cmake_force_configure' from command line to 'False'
[0.827s] Level 5:colcon.colcon_core.verb:set package 'robot_description' build argument 'ament_cmake_args' from command line to 'None'
[0.827s] Level 5:colcon.colcon_core.verb:set package 'robot_description' build argument 'catkin_cmake_args' from command line to 'None'
[0.837s] Level 5:colcon.colcon_core.verb:set package 'robot_description' build argument 'catkin_skip_building_tests' from command line to 'False'
[0.838s] DEBUG:colcon.colcon_core.verb:Building package 'robot_description' with the following arguments: {'ament_cmake_args': None, 'build_base': '/home/mpt/Desktop/assgn2/ros2_ws/build/robot_description', 'catkin_cmake_args': None, 'catkin_skip_building_tests': False, 'cmake_args': None, 'cmake_clean_cache': False, 'cmake_clean_first': False, 'cmake_force_configure': False, 'cmake_target': None, 'cmake_target_skip_unavailable': False, 'install_base': '/home/mpt/Desktop/assgn2/ros2_ws/install/robot_description', 'merge_install': False, 'path': '/home/mpt/Desktop/assgn2/ros2_ws/src/robot_description', 'symlink_install': False, 'test_result_base': None}
[0.840s] INFO:colcon.colcon_core.executor:Executing jobs using 'parallel' executor
[0.849s] DEBUG:colcon.colcon_parallel_executor.executor.parallel:run_until_complete
[0.849s] INFO:colcon.colcon_ros.task.ament_cmake.build:Building ROS package in '/home/mpt/Desktop/assgn2/ros2_ws/src/msgs_package' with build type 'ament_cmake'
[0.850s] INFO:colcon.colcon_cmake.task.cmake.build:Building CMake package in '/home/mpt/Desktop/assgn2/ros2_ws/src/msgs_package'
[0.875s] INFO:colcon.colcon_core.plugin_system:Skipping extension 'colcon_core.shell.bat': Not used on non-Windows systems
[0.876s] INFO:colcon.colcon_core.shell:Skip shell extension 'powershell' for command environment: Not usable outside of PowerShell
[0.876s] DEBUG:colcon.colcon_core.shell:Skip shell extension 'dsv' for command environment
[0.891s] DEBUG:colcon.colcon_core.shell:Ignoring prefix path '/opt/ros/foxy'
[0.923s] DEBUG:colcon.colcon_core.event_handler.log_command:Invoking command in '/home/mpt/Desktop/assgn2/ros2_ws/build/msgs_package': CMAKE_PREFIX_PATH=${CMAKE_PREFIX_PATH}:/home/mpt/Desktop/assgn2/ros2_ws/install/robot_description:/opt/ros/foxy /usr/bin/cmake --build /home/mpt/Desktop/assgn2/ros2_ws/build/msgs_package -- -j4 -l4
[2.068s] DEBUG:colcon.colcon_core.event_handler.log_command:Invoked command in '/home/mpt/Desktop/assgn2/ros2_ws/build/msgs_package' returned '0': CMAKE_PREFIX_PATH=${CMAKE_PREFIX_PATH}:/home/mpt/Desktop/assgn2/ros2_ws/install/robot_description:/opt/ros/foxy /usr/bin/cmake --build /home/mpt/Desktop/assgn2/ros2_ws/build/msgs_package -- -j4 -l4
[2.317s] DEBUG:colcon.colcon_core.event_handler.log_command:Invoking command in '/home/mpt/Desktop/assgn2/ros2_ws/build/msgs_package': CMAKE_PREFIX_PATH=${CMAKE_PREFIX_PATH}:/home/mpt/Desktop/assgn2/ros2_ws/install/robot_description:/opt/ros/foxy /usr/bin/cmake --install /home/mpt/Desktop/assgn2/ros2_ws/build/msgs_package
[2.628s] Level 1:colcon.colcon_core.environment:create_environment_scripts_only(msgs_package)
[2.641s] Level 1:colcon.colcon_core.environment:checking '/home/mpt/Desktop/assgn2/ros2_ws/install/msgs_package' for CMake module files
[2.652s] Level 1:colcon.colcon_core.environment:checking '/home/mpt/Desktop/assgn2/ros2_ws/install/msgs_package' for CMake config files
[2.652s] Level 1:colcon.colcon_core.shell:create_environment_hook('msgs_package', 'cmake_prefix_path')
[2.653s] INFO:colcon.colcon_core.shell:Creating environment hook '/home/mpt/Desktop/assgn2/ros2_ws/install/msgs_package/share/msgs_package/hook/cmake_prefix_path.ps1'
[2.658s] INFO:colcon.colcon_core.shell:Creating environment descriptor '/home/mpt/Desktop/assgn2/ros2_ws/install/msgs_package/share/msgs_package/hook/cmake_prefix_path.dsv'
[2.665s] DEBUG:colcon.colcon_core.event_handler.log_command:Invoked command in '/home/mpt/Desktop/assgn2/ros2_ws/build/msgs_package' returned '0': CMAKE_PREFIX_PATH=${CMAKE_PREFIX_PATH}:/home/mpt/Desktop/assgn2/ros2_ws/install/robot_description:/opt/ros/foxy /usr/bin/cmake --install /home/mpt/Desktop/assgn2/ros2_ws/build/msgs_package
[2.666s] INFO:colcon.colcon_core.shell:Creating environment hook '/home/mpt/Desktop/assgn2/ros2_ws/install/msgs_package/share/msgs_package/hook/cmake_prefix_path.sh'
[2.669s] Level 1:colcon.colcon_core.environment:checking '/home/mpt/Desktop/assgn2/ros2_ws/install/msgs_package/lib'
[2.670s] Level 1:colcon.colcon_core.shell:create_environment_hook('msgs_package', 'ld_library_path_lib')
[2.671s] INFO:colcon.colcon_core.shell:Creating environment hook '/home/mpt/Desktop/assgn2/ros2_ws/install/msgs_package/share/msgs_package/hook/ld_library_path_lib.ps1'
[2.672s] INFO:colcon.colcon_core.shell:Creating environment descriptor '/home/mpt/Desktop/assgn2/ros2_ws/install/msgs_package/share/msgs_package/hook/ld_library_path_lib.dsv'
[2.673s] INFO:colcon.colcon_core.shell:Creating environment hook '/home/mpt/Desktop/assgn2/ros2_ws/install/msgs_package/share/msgs_package/hook/ld_library_path_lib.sh'
[2.674s] Level 1:colcon.colcon_core.environment:checking '/home/mpt/Desktop/assgn2/ros2_ws/install/msgs_package/bin'
[2.674s] Level 1:colcon.colcon_core.environment:checking '/home/mpt/Desktop/assgn2/ros2_ws/install/msgs_package/lib/pkgconfig/msgs_package.pc'
[2.674s] Level 1:colcon.colcon_core.environment:checking '/home/mpt/Desktop/assgn2/ros2_ws/install/msgs_package/lib/python3.8/site-packages'
[2.674s] Level 1:colcon.colcon_core.shell:create_environment_hook('msgs_package', 'pythonpath')
[2.676s] INFO:colcon.colcon_core.shell:Creating environment hook '/home/mpt/Desktop/assgn2/ros2_ws/install/msgs_package/share/msgs_package/hook/pythonpath.ps1'
[2.676s] INFO:colcon.colcon_core.shell:Creating environment descriptor '/home/mpt/Desktop/assgn2/ros2_ws/install/msgs_package/share/msgs_package/hook/pythonpath.dsv'
[2.677s] INFO:colcon.colcon_core.shell:Creating environment hook '/home/mpt/Desktop/assgn2/ros2_ws/install/msgs_package/share/msgs_package/hook/pythonpath.sh'
[2.679s] INFO:colcon.colcon_core.shell:Creating package script '/home/mpt/Desktop/assgn2/ros2_ws/install/msgs_package/share/msgs_package/package.ps1'
[2.681s] INFO:colcon.colcon_core.shell:Creating package descriptor '/home/mpt/Desktop/assgn2/ros2_ws/install/msgs_package/share/msgs_package/package.dsv'
[2.684s] INFO:colcon.colcon_core.shell:Creating package script '/home/mpt/Desktop/assgn2/ros2_ws/install/msgs_package/share/msgs_package/package.sh'
[2.685s] INFO:colcon.colcon_core.shell:Creating package script '/home/mpt/Desktop/assgn2/ros2_ws/install/msgs_package/share/msgs_package/package.bash'
[2.688s] INFO:colcon.colcon_core.shell:Creating package script '/home/mpt/Desktop/assgn2/ros2_ws/install/msgs_package/share/msgs_package/package.zsh'
[2.691s] Level 1:colcon.colcon_core.environment:create_file_with_runtime_dependencies(/home/mpt/Desktop/assgn2/ros2_ws/install/msgs_package/share/colcon-core/packages/msgs_package)
[3.005s] Level 1:colcon.colcon_core.environment:create_environment_scripts_only(msgs_package)
[3.011s] Level 1:colcon.colcon_core.environment:checking '/home/mpt/Desktop/assgn2/ros2_ws/install/msgs_package' for CMake module files
[3.014s] Level 1:colcon.colcon_core.environment:checking '/home/mpt/Desktop/assgn2/ros2_ws/install/msgs_package' for CMake config files
[3.015s] Level 1:colcon.colcon_core.shell:create_environment_hook('msgs_package', 'cmake_prefix_path')
[3.025s] INFO:colcon.colcon_core.shell:Creating environment hook '/home/mpt/Desktop/assgn2/ros2_ws/install/msgs_package/share/msgs_package/hook/cmake_prefix_path.ps1'
[3.029s] INFO:colcon.colcon_core.shell:Creating environment descriptor '/home/mpt/Desktop/assgn2/ros2_ws/install/msgs_package/share/msgs_package/hook/cmake_prefix_path.dsv'
[3.031s] INFO:colcon.colcon_core.shell:Creating environment hook '/home/mpt/Desktop/assgn2/ros2_ws/install/msgs_package/share/msgs_package/hook/cmake_prefix_path.sh'
[3.038s] Level 1:colcon.colcon_core.environment:checking '/home/mpt/Desktop/assgn2/ros2_ws/install/msgs_package/lib'
[3.038s] Level 1:colcon.colcon_core.shell:create_environment_hook('msgs_package', 'ld_library_path_lib')
[3.043s] INFO:colcon.colcon_core.shell:Creating environment hook '/home/mpt/Desktop/assgn2/ros2_ws/install/msgs_package/share/msgs_package/hook/ld_library_path_lib.ps1'
[3.044s] INFO:colcon.colcon_core.shell:Creating environment descriptor '/home/mpt/Desktop/assgn2/ros2_ws/install/msgs_package/share/msgs_package/hook/ld_library_path_lib.dsv'
[3.045s] INFO:colcon.colcon_core.shell:Creating environment hook '/home/mpt/Desktop/assgn2/ros2_ws/install/msgs_package/share/msgs_package/hook/ld_library_path_lib.sh'
[3.047s] Level 1:colcon.colcon_core.environment:checking '/home/mpt/Desktop/assgn2/ros2_ws/install/msgs_package/bin'
[3.047s] Level 1:colcon.colcon_core.environment:checking '/home/mpt/Desktop/assgn2/ros2_ws/install/msgs_package/lib/pkgconfig/msgs_package.pc'
[3.047s] Level 1:colcon.colcon_core.environment:checking '/home/mpt/Desktop/assgn2/ros2_ws/install/msgs_package/lib/python3.8/site-packages'
[3.047s] Level 1:colcon.colcon_core.shell:create_environment_hook('msgs_package', 'pythonpath')
[3.050s] INFO:colcon.colcon_core.shell:Creating environment hook '/home/mpt/Desktop/assgn2/ros2_ws/install/msgs_package/share/msgs_package/hook/pythonpath.ps1'
[3.054s] INFO:colcon.colcon_core.shell:Creating environment descriptor '/home/mpt/Desktop/assgn2/ros2_ws/install/msgs_package/share/msgs_package/hook/pythonpath.dsv'
[3.060s] INFO:colcon.colcon_core.shell:Creating environment hook '/home/mpt/Desktop/assgn2/ros2_ws/install/msgs_package/share/msgs_package/hook/pythonpath.sh'
[3.066s] INFO:colcon.colcon_core.shell:Creating package script '/home/mpt/Desktop/assgn2/ros2_ws/install/msgs_package/share/msgs_package/package.ps1'
[3.068s] INFO:colcon.colcon_core.shell:Creating package descriptor '/home/mpt/Desktop/assgn2/ros2_ws/install/msgs_package/share/msgs_package/package.dsv'
[3.077s] INFO:colcon.colcon_core.shell:Creating package script '/home/mpt/Desktop/assgn2/ros2_ws/install/msgs_package/share/msgs_package/package.sh'
[3.083s] INFO:colcon.colcon_core.shell:Creating package script '/home/mpt/Desktop/assgn2/ros2_ws/install/msgs_package/share/msgs_package/package.bash'
[3.086s] INFO:colcon.colcon_core.shell:Creating package script '/home/mpt/Desktop/assgn2/ros2_ws/install/msgs_package/share/msgs_package/package.zsh'
[3.089s] Level 1:colcon.colcon_core.environment:create_file_with_runtime_dependencies(/home/mpt/Desktop/assgn2/ros2_ws/install/msgs_package/share/colcon-core/packages/msgs_package)
[3.091s] INFO:colcon.colcon_ros.task.ament_python.build:Building ROS package in '/home/mpt/Desktop/assgn2/ros2_ws/src/robot_description' with build type 'ament_python'
[3.092s] Level 1:colcon.colcon_core.shell:create_environment_hook('robot_description', 'ament_prefix_path')
[3.094s] INFO:colcon.colcon_core.shell:Creating environment hook '/home/mpt/Desktop/assgn2/ros2_ws/install/robot_description/share/robot_description/hook/ament_prefix_path.ps1'
[3.110s] INFO:colcon.colcon_core.shell:Creating environment descriptor '/home/mpt/Desktop/assgn2/ros2_ws/install/robot_description/share/robot_description/hook/ament_prefix_path.dsv'
[3.111s] INFO:colcon.colcon_core.shell:Creating environment hook '/home/mpt/Desktop/assgn2/ros2_ws/install/robot_description/share/robot_description/hook/ament_prefix_path.sh'
[3.119s] INFO:colcon.colcon_core.shell:Skip shell extension 'powershell' for command environment: Not usable outside of PowerShell
[3.119s] DEBUG:colcon.colcon_core.shell:Skip shell extension 'dsv' for command environment
[3.127s] DEBUG:colcon.colcon_core.shell:Ignoring prefix path '/opt/ros/foxy'
[4.193s] INFO:colcon.colcon_core.task.python.build:Building Python package in '/home/mpt/Desktop/assgn2/ros2_ws/src/robot_description'
[4.197s] INFO:colcon.colcon_core.shell:Skip shell extension 'powershell' for command environment: Not usable outside of PowerShell
[4.197s] DEBUG:colcon.colcon_core.shell:Skip shell extension 'dsv' for command environment
[4.209s] DEBUG:colcon.colcon_core.shell:Ignoring prefix path '/opt/ros/foxy'
[4.249s] DEBUG:colcon.colcon_core.event_handler.log_command:Invoking command in '/home/mpt/Desktop/assgn2/ros2_ws/src/robot_description': CMAKE_PREFIX_PATH=/home/mpt/Desktop/assgn2/ros2_ws/install/msgs_package:/home/mpt/Desktop/assgn2/ros1_bridge/install/ros1_bridge LD_LIBRARY_PATH=/home/mpt/Desktop/assgn2/ros2_ws/install/msgs_package/lib:/home/mpt/Desktop/assgn2/ros1_bridge/install/ros1_bridge/lib:/usr/lib/x86_64-linux-gnu/gazebo-11/plugins:/opt/ros/foxy/opt/yaml_cpp_vendor/lib:/opt/ros/foxy/opt/rviz_ogre_vendor/lib:/opt/ros/foxy/lib/x86_64-linux-gnu:/opt/ros/foxy/lib PYTHONPATH=/home/mpt/Desktop/assgn2/ros2_ws/install/robot_description/lib/python3.8/site-packages:/home/mpt/Desktop/assgn2/ros2_ws/install/msgs_package/lib/python3.8/site-packages:/home/mpt/Desktop/assgn2/ros1_bridge/install/ros1_bridge/lib/python3.8/site-packages:/home/mpt/Desktop/assgn2/ros2_ws/install/robot_description/lib/python3.8/site-packages:/opt/ros/foxy/lib/python3.8/site-packages /usr/bin/python3 setup.py egg_info --egg-base ../../build/robot_description build --build-base /home/mpt/Desktop/assgn2/ros2_ws/build/robot_description/build install --prefix /home/mpt/Desktop/assgn2/ros2_ws/install/robot_description --record /home/mpt/Desktop/assgn2/ros2_ws/build/robot_description/install.log --single-version-externally-managed
[5.776s] Level 1:colcon.colcon_core.environment:checking '/home/mpt/Desktop/assgn2/ros2_ws/install/robot_description' for CMake module files
[5.780s] Level 1:colcon.colcon_core.environment:checking '/home/mpt/Desktop/assgn2/ros2_ws/install/robot_description' for CMake config files
[5.782s] Level 1:colcon.colcon_core.environment:checking '/home/mpt/Desktop/assgn2/ros2_ws/install/robot_description/lib'
[5.782s] Level 1:colcon.colcon_core.environment:checking '/home/mpt/Desktop/assgn2/ros2_ws/install/robot_description/bin'
[5.782s] Level 1:colcon.colcon_core.environment:checking '/home/mpt/Desktop/assgn2/ros2_ws/install/robot_description/lib/pkgconfig/robot_description.pc'
[5.783s] Level 1:colcon.colcon_core.environment:checking '/home/mpt/Desktop/assgn2/ros2_ws/install/robot_description/lib/python3.8/site-packages'
[5.783s] Level 1:colcon.colcon_core.shell:create_environment_hook('robot_description', 'pythonpath')
[5.788s] INFO:colcon.colcon_core.shell:Creating environment hook '/home/mpt/Desktop/assgn2/ros2_ws/install/robot_description/share/robot_description/hook/pythonpath.ps1'
[5.788s] DEBUG:colcon.colcon_core.event_handler.log_command:Invoked command in '/home/mpt/Desktop/assgn2/ros2_ws/src/robot_description' returned '0': CMAKE_PREFIX_PATH=/home/mpt/Desktop/assgn2/ros2_ws/install/msgs_package:/home/mpt/Desktop/assgn2/ros1_bridge/install/ros1_bridge LD_LIBRARY_PATH=/home/mpt/Desktop/assgn2/ros2_ws/install/msgs_package/lib:/home/mpt/Desktop/assgn2/ros1_bridge/install/ros1_bridge/lib:/usr/lib/x86_64-linux-gnu/gazebo-11/plugins:/opt/ros/foxy/opt/yaml_cpp_vendor/lib:/opt/ros/foxy/opt/rviz_ogre_vendor/lib:/opt/ros/foxy/lib/x86_64-linux-gnu:/opt/ros/foxy/lib PYTHONPATH=/home/mpt/Desktop/assgn2/ros2_ws/install/robot_description/lib/python3.8/site-packages:/home/mpt/Desktop/assgn2/ros2_ws/install/msgs_package/lib/python3.8/site-packages:/home/mpt/Desktop/assgn2/ros1_bridge/install/ros1_bridge/lib/python3.8/site-packages:/home/mpt/Desktop/assgn2/ros2_ws/install/robot_description/lib/python3.8/site-packages:/opt/ros/foxy/lib/python3.8/site-packages /usr/bin/python3 setup.py egg_info --egg-base ../../build/robot_description build --build-base /home/mpt/Desktop/assgn2/ros2_ws/build/robot_description/build install --prefix /home/mpt/Desktop/assgn2/ros2_ws/install/robot_description --record /home/mpt/Desktop/assgn2/ros2_ws/build/robot_description/install.log --single-version-externally-managed
[5.798s] INFO:colcon.colcon_core.shell:Creating environment descriptor '/home/mpt/Desktop/assgn2/ros2_ws/install/robot_description/share/robot_description/hook/pythonpath.dsv'
[5.800s] INFO:colcon.colcon_core.shell:Creating environment hook '/home/mpt/Desktop/assgn2/ros2_ws/install/robot_description/share/robot_description/hook/pythonpath.sh'
[5.802s] Level 1:colcon.colcon_core.environment:create_environment_scripts_only(robot_description)
[5.807s] INFO:colcon.colcon_core.shell:Creating package script '/home/mpt/Desktop/assgn2/ros2_ws/install/robot_description/share/robot_description/package.ps1'
[5.811s] INFO:colcon.colcon_core.shell:Creating package descriptor '/home/mpt/Desktop/assgn2/ros2_ws/install/robot_description/share/robot_description/package.dsv'
[5.815s] INFO:colcon.colcon_core.shell:Creating package script '/home/mpt/Desktop/assgn2/ros2_ws/install/robot_description/share/robot_description/package.sh'
[5.818s] INFO:colcon.colcon_core.shell:Creating package script '/home/mpt/Desktop/assgn2/ros2_ws/install/robot_description/share/robot_description/package.bash'
[5.823s] INFO:colcon.colcon_core.shell:Creating package script '/home/mpt/Desktop/assgn2/ros2_ws/install/robot_description/share/robot_description/package.zsh'
[5.823s] Level 1:colcon.colcon_core.environment:create_file_with_runtime_dependencies(/home/mpt/Desktop/assgn2/ros2_ws/install/robot_description/share/colcon-core/packages/robot_description)
[5.825s] DEBUG:colcon.colcon_parallel_executor.executor.parallel:closing loop
[5.825s] DEBUG:colcon.colcon_parallel_executor.executor.parallel:loop closed
[5.826s] DEBUG:colcon.colcon_parallel_executor.executor.parallel:run_until_complete finished with '0'
[5.826s] DEBUG:colcon.colcon_core.event_reactor:joining thread
[5.888s] INFO:colcon.colcon_core.plugin_system:Skipping extension 'colcon_notification.desktop_notification.terminal_notifier': Not used on non-Darwin systems
[5.890s] INFO:colcon.colcon_core.plugin_system:Skipping extension 'colcon_notification.desktop_notification.win32': Not used on non-Windows systems
[5.891s] INFO:colcon.colcon_notification.desktop_notification:Sending desktop notification using 'notify2'
[5.977s] DEBUG:colcon.colcon_core.event_reactor:joined thread
[5.979s] INFO:colcon.colcon_core.shell:Creating prefix script '/home/mpt/Desktop/assgn2/ros2_ws/install/local_setup.ps1'
[5.981s] INFO:colcon.colcon_core.shell:Creating prefix util module '/home/mpt/Desktop/assgn2/ros2_ws/install/_local_setup_util_ps1.py'
[5.990s] INFO:colcon.colcon_core.shell:Creating prefix chain script '/home/mpt/Desktop/assgn2/ros2_ws/install/setup.ps1'
[6.002s] INFO:colcon.colcon_core.shell:Creating prefix script '/home/mpt/Desktop/assgn2/ros2_ws/install/local_setup.sh'
[6.010s] INFO:colcon.colcon_core.shell:Creating prefix util module '/home/mpt/Desktop/assgn2/ros2_ws/install/_local_setup_util_sh.py'
[6.012s] INFO:colcon.colcon_core.shell:Creating prefix chain script '/home/mpt/Desktop/assgn2/ros2_ws/install/setup.sh'
[6.027s] INFO:colcon.colcon_core.shell:Creating prefix script '/home/mpt/Desktop/assgn2/ros2_ws/install/local_setup.bash'
[6.030s] INFO:colcon.colcon_core.shell:Creating prefix chain script '/home/mpt/Desktop/assgn2/ros2_ws/install/setup.bash'
[6.036s] INFO:colcon.colcon_core.shell:Creating prefix script '/home/mpt/Desktop/assgn2/ros2_ws/install/local_setup.zsh'
[6.037s] INFO:colcon.colcon_core.shell:Creating prefix chain script '/home/mpt/Desktop/assgn2/ros2_ws/install/setup.zsh'
