[1.086s] Invoking command in '/home/mpt/Desktop/assgn2/ros2_ws/src/robot_description': CMAKE_PREFIX_PATH=/home/mpt/Desktop/assgn2/ros2_ws/install/msgs_package:/home/mpt/Desktop/assgn2/ros1_bridge/install/ros1_bridge LD_LIBRARY_PATH=/home/mpt/Desktop/assgn2/ros2_ws/install/msgs_package/lib:/home/mpt/Desktop/assgn2/ros1_bridge/install/ros1_bridge/lib:/usr/lib/x86_64-linux-gnu/gazebo-11/plugins:/opt/ros/foxy/opt/yaml_cpp_vendor/lib:/opt/ros/foxy/opt/rviz_ogre_vendor/lib:/opt/ros/foxy/lib/x86_64-linux-gnu:/opt/ros/foxy/lib PYTHONPATH=/home/mpt/Desktop/assgn2/ros2_ws/install/robot_description/lib/python3.8/site-packages:/home/mpt/Desktop/assgn2/ros2_ws/install/msgs_package/lib/python3.8/site-packages:/home/mpt/Desktop/assgn2/ros1_bridge/install/ros1_bridge/lib/python3.8/site-packages:/home/mpt/Desktop/assgn2/ros2_ws/install/robot_description/lib/python3.8/site-packages:/opt/ros/foxy/lib/python3.8/site-packages /usr/bin/python3 setup.py egg_info --egg-base ../../build/robot_description build --build-base /home/mpt/Desktop/assgn2/ros2_ws/build/robot_description/build install --prefix /home/mpt/Desktop/assgn2/ros2_ws/install/robot_description --record /home/mpt/Desktop/assgn2/ros2_ws/build/robot_description/install.log --single-version-externally-managed
[2.019s] running egg_info
[2.021s] writing ../../build/robot_description/robot_description.egg-info/PKG-INFO
[2.022s] writing dependency_links to ../../build/robot_description/robot_description.egg-info/dependency_links.txt
[2.024s] writing entry points to ../../build/robot_description/robot_description.egg-info/entry_points.txt
[2.025s] writing requirements to ../../build/robot_description/robot_description.egg-info/requires.txt
[2.027s] writing top-level names to ../../build/robot_description/robot_description.egg-info/top_level.txt
[2.238s] reading manifest file '../../build/robot_description/robot_description.egg-info/SOURCES.txt'
[2.244s] writing manifest file '../../build/robot_description/robot_description.egg-info/SOURCES.txt'
[2.244s] running build
[2.245s] running build_py
[2.245s] copying robot_description/user_input.py -> /home/mpt/Desktop/assgn2/ros2_ws/build/robot_description/build/lib/robot_description
[2.245s] running install
[2.252s] running install_lib
[2.261s] copying /home/mpt/Desktop/assgn2/ros2_ws/build/robot_description/build/lib/robot_description/user_input.py -> /home/mpt/Desktop/assgn2/ros2_ws/install/robot_description/lib/python3.8/site-packages/robot_description
[2.267s] byte-compiling /home/mpt/Desktop/assgn2/ros2_ws/install/robot_description/lib/python3.8/site-packages/robot_description/user_input.py to user_input.cpython-38.pyc
[2.276s] running install_data
[2.283s] running install_egg_info
[2.288s] removing '/home/mpt/Desktop/assgn2/ros2_ws/install/robot_description/lib/python3.8/site-packages/robot_description-0.0.0-py3.8.egg-info' (and everything under it)
[2.288s] Copying ../../build/robot_description/robot_description.egg-info to /home/mpt/Desktop/assgn2/ros2_ws/install/robot_description/lib/python3.8/site-packages/robot_description-0.0.0-py3.8.egg-info
[2.290s] running install_scripts
[2.391s] Installing random_position_generator script to /home/mpt/Desktop/assgn2/ros2_ws/install/robot_description/lib/robot_description
[2.391s] Installing user_input script to /home/mpt/Desktop/assgn2/ros2_ws/install/robot_description/lib/robot_description
[2.401s] writing list of installed files to '/home/mpt/Desktop/assgn2/ros2_ws/build/robot_description/install.log'
[2.539s] Invoked command in '/home/mpt/Desktop/assgn2/ros2_ws/src/robot_description' returned '0': CMAKE_PREFIX_PATH=/home/mpt/Desktop/assgn2/ros2_ws/install/msgs_package:/home/mpt/Desktop/assgn2/ros1_bridge/install/ros1_bridge LD_LIBRARY_PATH=/home/mpt/Desktop/assgn2/ros2_ws/install/msgs_package/lib:/home/mpt/Desktop/assgn2/ros1_bridge/install/ros1_bridge/lib:/usr/lib/x86_64-linux-gnu/gazebo-11/plugins:/opt/ros/foxy/opt/yaml_cpp_vendor/lib:/opt/ros/foxy/opt/rviz_ogre_vendor/lib:/opt/ros/foxy/lib/x86_64-linux-gnu:/opt/ros/foxy/lib PYTHONPATH=/home/mpt/Desktop/assgn2/ros2_ws/install/robot_description/lib/python3.8/site-packages:/home/mpt/Desktop/assgn2/ros2_ws/install/msgs_package/lib/python3.8/site-packages:/home/mpt/Desktop/assgn2/ros1_bridge/install/ros1_bridge/lib/python3.8/site-packages:/home/mpt/Desktop/assgn2/ros2_ws/install/robot_description/lib/python3.8/site-packages:/opt/ros/foxy/lib/python3.8/site-packages /usr/bin/python3 setup.py egg_info --egg-base ../../build/robot_description build --build-base /home/mpt/Desktop/assgn2/ros2_ws/build/robot_description/build install --prefix /home/mpt/Desktop/assgn2/ros2_ws/install/robot_description --record /home/mpt/Desktop/assgn2/ros2_ws/build/robot_description/install.log --single-version-externally-managed
