[0.019s] Invoking command in '/home/mpt/Desktop/assgn2/ros2_ws/build/msgs_package': CMAKE_PREFIX_PATH=${CMAKE_PREFIX_PATH}:/home/mpt/Desktop/assgn2/ros2_ws/install/robot_description:/opt/ros/foxy /usr/bin/cmake --build /home/mpt/Desktop/assgn2/ros2_ws/build/msgs_package -- -j4 -l4
[0.087s] [ 10%] Built target msgs_package__rosidl_generator_c
[0.112s] [ 12%] Built target msgs_package__cpp
[0.143s] [ 23%] Built target msgs_package__rosidl_typesupport_c
[0.168s] [ 33%] Built target msgs_package__rosidl_typesupport_cpp
[0.205s] [ 43%] Built target msgs_package__rosidl_typesupport_fastrtps_cpp
[0.239s] [ 53%] Built target msgs_package__rosidl_typesupport_introspection_cpp
[0.276s] [ 64%] Built target msgs_package__rosidl_typesupport_fastrtps_c
[0.301s] [ 74%] Built target msgs_package__rosidl_typesupport_introspection_c
[0.328s] [ 74%] Built target msgs_package
[0.358s] [ 76%] Built target msgs_package__py
[0.393s] [ 84%] Built target msgs_package__python
[0.449s] [ 89%] Built target msgs_package__rosidl_typesupport_c__pyext
[0.491s] [ 94%] Built target msgs_package__rosidl_typesupport_introspection_c__pyext
[0.550s] [100%] Built target msgs_package__rosidl_typesupport_fastrtps_c__pyext
[0.568s] Invoked command in '/home/mpt/Desktop/assgn2/ros2_ws/build/msgs_package' returned '0': CMAKE_PREFIX_PATH=${CMAKE_PREFIX_PATH}:/home/mpt/Desktop/assgn2/ros2_ws/install/robot_description:/opt/ros/foxy /usr/bin/cmake --build /home/mpt/Desktop/assgn2/ros2_ws/build/msgs_package -- -j4 -l4
[0.670s] Invoking command in '/home/mpt/Desktop/assgn2/ros2_ws/build/msgs_package': CMAKE_PREFIX_PATH=${CMAKE_PREFIX_PATH}:/home/mpt/Desktop/assgn2/ros2_ws/install/robot_description:/opt/ros/foxy /usr/bin/cmake --install /home/mpt/Desktop/assgn2/ros2_ws/build/msgs_package
[0.683s] -- Install configuration: ""
[0.684s] -- Up-to-date: /home/mpt/Desktop/assgn2/ros2_ws/install/msgs_package/share/ament_index/resource_index/rosidl_interfaces/msgs_package
[0.684s] -- Up-to-date: /home/mpt/Desktop/assgn2/ros2_ws/install/msgs_package/include/msgs_package
[0.684s] -- Up-to-date: /home/mpt/Desktop/assgn2/ros2_ws/install/msgs_package/include/msgs_package/msg
[0.684s] -- Up-to-date: /home/mpt/Desktop/assgn2/ros2_ws/install/msgs_package/include/msgs_package/msg/rosidl_generator_c__visibility_control.h
[0.684s] -- Up-to-date: /home/mpt/Desktop/assgn2/ros2_ws/install/msgs_package/include/msgs_package/srv
[0.684s] -- Up-to-date: /home/mpt/Desktop/assgn2/ros2_ws/install/msgs_package/include/msgs_package/srv/detail
[0.684s] -- Up-to-date: /home/mpt/Desktop/assgn2/ros2_ws/install/msgs_package/include/msgs_package/srv/detail/bug_service__type_support.h
[0.684s] -- Up-to-date: /home/mpt/Desktop/assgn2/ros2_ws/install/msgs_package/include/msgs_package/srv/detail/random_position__functions.c
[0.685s] -- Up-to-date: /home/mpt/Desktop/assgn2/ros2_ws/install/msgs_package/include/msgs_package/srv/detail/random_position__functions.h
[0.685s] -- Up-to-date: /home/mpt/Desktop/assgn2/ros2_ws/install/msgs_package/include/msgs_package/srv/detail/bug_service__functions.c
[0.685s] -- Up-to-date: /home/mpt/Desktop/assgn2/ros2_ws/install/msgs_package/include/msgs_package/srv/detail/bug_service__struct.h
[0.685s] -- Up-to-date: /home/mpt/Desktop/assgn2/ros2_ws/install/msgs_package/include/msgs_package/srv/detail/random_position__struct.h
[0.689s] -- Up-to-date: /home/mpt/Desktop/assgn2/ros2_ws/install/msgs_package/include/msgs_package/srv/detail/bug_service__functions.h
[0.689s] -- Up-to-date: /home/mpt/Desktop/assgn2/ros2_ws/install/msgs_package/include/msgs_package/srv/detail/random_position__type_support.h
[0.689s] -- Up-to-date: /home/mpt/Desktop/assgn2/ros2_ws/install/msgs_package/include/msgs_package/srv/bug_service.h
[0.689s] -- Up-to-date: /home/mpt/Desktop/assgn2/ros2_ws/install/msgs_package/include/msgs_package/srv/random_position.h
[0.689s] -- Up-to-date: /home/mpt/Desktop/assgn2/ros2_ws/install/msgs_package/share/msgs_package/environment/library_path.sh
[0.690s] -- Up-to-date: /home/mpt/Desktop/assgn2/ros2_ws/install/msgs_package/share/msgs_package/environment/library_path.dsv
[0.690s] -- Up-to-date: /home/mpt/Desktop/assgn2/ros2_ws/install/msgs_package/lib/libmsgs_package__rosidl_generator_c.so
[0.690s] -- Up-to-date: /home/mpt/Desktop/assgn2/ros2_ws/install/msgs_package/include/msgs_package
[0.690s] -- Up-to-date: /home/mpt/Desktop/assgn2/ros2_ws/install/msgs_package/include/msgs_package/msg
[0.690s] -- Up-to-date: /home/mpt/Desktop/assgn2/ros2_ws/install/msgs_package/include/msgs_package/msg/rosidl_typesupport_fastrtps_c__visibility_control.h
[0.690s] -- Up-to-date: /home/mpt/Desktop/assgn2/ros2_ws/install/msgs_package/include/msgs_package/srv
[0.690s] -- Up-to-date: /home/mpt/Desktop/assgn2/ros2_ws/install/msgs_package/include/msgs_package/srv/detail
[0.690s] -- Up-to-date: /home/mpt/Desktop/assgn2/ros2_ws/install/msgs_package/include/msgs_package/srv/detail/random_position__rosidl_typesupport_fastrtps_c.h
[0.690s] -- Up-to-date: /home/mpt/Desktop/assgn2/ros2_ws/install/msgs_package/include/msgs_package/srv/detail/bug_service__rosidl_typesupport_fastrtps_c.h
[0.691s] -- Up-to-date: /home/mpt/Desktop/assgn2/ros2_ws/install/msgs_package/lib/libmsgs_package__rosidl_typesupport_fastrtps_c.so
[0.691s] -- Up-to-date: /home/mpt/Desktop/assgn2/ros2_ws/install/msgs_package/include/msgs_package
[0.691s] -- Up-to-date: /home/mpt/Desktop/assgn2/ros2_ws/install/msgs_package/include/msgs_package/msg
[0.691s] -- Up-to-date: /home/mpt/Desktop/assgn2/ros2_ws/install/msgs_package/include/msgs_package/msg/rosidl_typesupport_fastrtps_cpp__visibility_control.h
[0.691s] -- Up-to-date: /home/mpt/Desktop/assgn2/ros2_ws/install/msgs_package/include/msgs_package/srv
[0.691s] -- Up-to-date: /home/mpt/Desktop/assgn2/ros2_ws/install/msgs_package/include/msgs_package/srv/detail
[0.691s] -- Up-to-date: /home/mpt/Desktop/assgn2/ros2_ws/install/msgs_package/include/msgs_package/srv/detail/random_position__rosidl_typesupport_fastrtps_cpp.hpp
[0.692s] -- Up-to-date: /home/mpt/Desktop/assgn2/ros2_ws/install/msgs_package/include/msgs_package/srv/detail/dds_fastrtps
[0.692s] -- Up-to-date: /home/mpt/Desktop/assgn2/ros2_ws/install/msgs_package/include/msgs_package/srv/detail/bug_service__rosidl_typesupport_fastrtps_cpp.hpp
[0.692s] -- Up-to-date: /home/mpt/Desktop/assgn2/ros2_ws/install/msgs_package/lib/libmsgs_package__rosidl_typesupport_fastrtps_cpp.so
[0.692s] -- Up-to-date: /home/mpt/Desktop/assgn2/ros2_ws/install/msgs_package/include/msgs_package
[0.692s] -- Up-to-date: /home/mpt/Desktop/assgn2/ros2_ws/install/msgs_package/include/msgs_package/msg
[0.692s] -- Up-to-date: /home/mpt/Desktop/assgn2/ros2_ws/install/msgs_package/include/msgs_package/msg/rosidl_typesupport_introspection_c__visibility_control.h
[0.692s] -- Up-to-date: /home/mpt/Desktop/assgn2/ros2_ws/install/msgs_package/include/msgs_package/srv
[0.692s] -- Up-to-date: /home/mpt/Desktop/assgn2/ros2_ws/install/msgs_package/include/msgs_package/srv/detail
[0.692s] -- Up-to-date: /home/mpt/Desktop/assgn2/ros2_ws/install/msgs_package/include/msgs_package/srv/detail/random_position__rosidl_typesupport_introspection_c.h
[0.693s] -- Up-to-date: /home/mpt/Desktop/assgn2/ros2_ws/install/msgs_package/include/msgs_package/srv/detail/bug_service__rosidl_typesupport_introspection_c.h
[0.693s] -- Up-to-date: /home/mpt/Desktop/assgn2/ros2_ws/install/msgs_package/include/msgs_package/srv/detail/bug_service__type_support.c
[0.693s] -- Up-to-date: /home/mpt/Desktop/assgn2/ros2_ws/install/msgs_package/include/msgs_package/srv/detail/random_position__type_support.c
[0.693s] -- Up-to-date: /home/mpt/Desktop/assgn2/ros2_ws/install/msgs_package/lib/libmsgs_package__rosidl_typesupport_introspection_c.so
[0.693s] -- Up-to-date: /home/mpt/Desktop/assgn2/ros2_ws/install/msgs_package/lib/libmsgs_package__rosidl_typesupport_c.so
[0.693s] -- Up-to-date: /home/mpt/Desktop/assgn2/ros2_ws/install/msgs_package/include/msgs_package
[0.693s] -- Up-to-date: /home/mpt/Desktop/assgn2/ros2_ws/install/msgs_package/include/msgs_package/srv
[0.693s] -- Up-to-date: /home/mpt/Desktop/assgn2/ros2_ws/install/msgs_package/include/msgs_package/srv/bug_service.hpp
[0.694s] -- Up-to-date: /home/mpt/Desktop/assgn2/ros2_ws/install/msgs_package/include/msgs_package/srv/detail
[0.694s] -- Up-to-date: /home/mpt/Desktop/assgn2/ros2_ws/install/msgs_package/include/msgs_package/srv/detail/random_position__builder.hpp
[0.694s] -- Up-to-date: /home/mpt/Desktop/assgn2/ros2_ws/install/msgs_package/include/msgs_package/srv/detail/bug_service__builder.hpp
[0.694s] -- Up-to-date: /home/mpt/Desktop/assgn2/ros2_ws/install/msgs_package/include/msgs_package/srv/detail/random_position__traits.hpp
[0.694s] -- Up-to-date: /home/mpt/Desktop/assgn2/ros2_ws/install/msgs_package/include/msgs_package/srv/detail/bug_service__traits.hpp
[0.694s] -- Up-to-date: /home/mpt/Desktop/assgn2/ros2_ws/install/msgs_package/include/msgs_package/srv/detail/random_position__struct.hpp
[0.694s] -- Up-to-date: /home/mpt/Desktop/assgn2/ros2_ws/install/msgs_package/include/msgs_package/srv/detail/bug_service__struct.hpp
[0.694s] -- Up-to-date: /home/mpt/Desktop/assgn2/ros2_ws/install/msgs_package/include/msgs_package/srv/random_position.hpp
[0.694s] -- Up-to-date: /home/mpt/Desktop/assgn2/ros2_ws/install/msgs_package/include/msgs_package
[0.695s] -- Up-to-date: /home/mpt/Desktop/assgn2/ros2_ws/install/msgs_package/include/msgs_package/srv
[0.695s] -- Up-to-date: /home/mpt/Desktop/assgn2/ros2_ws/install/msgs_package/include/msgs_package/srv/detail
[0.695s] -- Up-to-date: /home/mpt/Desktop/assgn2/ros2_ws/install/msgs_package/include/msgs_package/srv/detail/random_position__rosidl_typesupport_introspection_cpp.hpp
[0.695s] -- Up-to-date: /home/mpt/Desktop/assgn2/ros2_ws/install/msgs_package/include/msgs_package/srv/detail/bug_service__rosidl_typesupport_introspection_cpp.hpp
[0.695s] -- Up-to-date: /home/mpt/Desktop/assgn2/ros2_ws/install/msgs_package/include/msgs_package/srv/detail/bug_service__type_support.cpp
[0.695s] -- Up-to-date: /home/mpt/Desktop/assgn2/ros2_ws/install/msgs_package/include/msgs_package/srv/detail/random_position__type_support.cpp
[0.695s] -- Up-to-date: /home/mpt/Desktop/assgn2/ros2_ws/install/msgs_package/lib/libmsgs_package__rosidl_typesupport_introspection_cpp.so
[0.695s] -- Up-to-date: /home/mpt/Desktop/assgn2/ros2_ws/install/msgs_package/lib/libmsgs_package__rosidl_typesupport_cpp.so
[0.696s] -- Up-to-date: /home/mpt/Desktop/assgn2/ros2_ws/install/msgs_package/share/msgs_package/environment/pythonpath.sh
[0.696s] -- Up-to-date: /home/mpt/Desktop/assgn2/ros2_ws/install/msgs_package/share/msgs_package/environment/pythonpath.dsv
[0.696s] -- Up-to-date: /home/mpt/Desktop/assgn2/ros2_ws/install/msgs_package/lib/python3.8/site-packages/msgs_package/__init__.py
[0.756s] -- Up-to-date: /home/mpt/Desktop/assgn2/ros2_ws/install/msgs_package/lib/python3.8/site-packages/msgs_package/srv
[0.758s] -- Up-to-date: /home/mpt/Desktop/assgn2/ros2_ws/install/msgs_package/lib/python3.8/site-packages/msgs_package/srv/_random_position.py
[0.759s] -- Up-to-date: /home/mpt/Desktop/assgn2/ros2_ws/install/msgs_package/lib/python3.8/site-packages/msgs_package/srv/_bug_service_s.c
[0.759s] -- Up-to-date: /home/mpt/Desktop/assgn2/ros2_ws/install/msgs_package/lib/python3.8/site-packages/msgs_package/srv/_bug_service.py
[0.759s] -- Up-to-date: /home/mpt/Desktop/assgn2/ros2_ws/install/msgs_package/lib/python3.8/site-packages/msgs_package/srv/_random_position_s.c
[0.759s] -- Up-to-date: /home/mpt/Desktop/assgn2/ros2_ws/install/msgs_package/lib/python3.8/site-packages/msgs_package/srv/__init__.py
[0.759s] -- Up-to-date: /home/mpt/Desktop/assgn2/ros2_ws/install/msgs_package/lib/python3.8/site-packages/msgs_package/msgs_package_s__rosidl_typesupport_fastrtps_c.cpython-38-x86_64-linux-gnu.so
[0.759s] -- Up-to-date: /home/mpt/Desktop/assgn2/ros2_ws/install/msgs_package/lib/python3.8/site-packages/msgs_package/msgs_package_s__rosidl_typesupport_introspection_c.cpython-38-x86_64-linux-gnu.so
[0.760s] -- Up-to-date: /home/mpt/Desktop/assgn2/ros2_ws/install/msgs_package/lib/python3.8/site-packages/msgs_package/msgs_package_s__rosidl_typesupport_c.cpython-38-x86_64-linux-gnu.so
[0.762s] -- Up-to-date: /home/mpt/Desktop/assgn2/ros2_ws/install/msgs_package/lib/libmsgs_package__python.so
[0.762s] -- Up-to-date: /home/mpt/Desktop/assgn2/ros2_ws/install/msgs_package/share/msgs_package/srv/RandomPosition.idl
[0.762s] -- Up-to-date: /home/mpt/Desktop/assgn2/ros2_ws/install/msgs_package/share/msgs_package/srv/BugService.idl
[0.762s] -- Up-to-date: /home/mpt/Desktop/assgn2/ros2_ws/install/msgs_package/share/msgs_package/srv/RandomPosition.srv
[0.762s] -- Up-to-date: /home/mpt/Desktop/assgn2/ros2_ws/install/msgs_package/share/msgs_package/srv/RandomPosition_Request.msg
[0.762s] -- Up-to-date: /home/mpt/Desktop/assgn2/ros2_ws/install/msgs_package/share/msgs_package/srv/RandomPosition_Response.msg
[0.763s] -- Up-to-date: /home/mpt/Desktop/assgn2/ros2_ws/install/msgs_package/share/msgs_package/srv/BugService.srv
[0.763s] -- Up-to-date: /home/mpt/Desktop/assgn2/ros2_ws/install/msgs_package/share/msgs_package/srv/BugService_Request.msg
[0.763s] -- Up-to-date: /home/mpt/Desktop/assgn2/ros2_ws/install/msgs_package/share/msgs_package/srv/BugService_Response.msg
[0.763s] -- Up-to-date: /home/mpt/Desktop/assgn2/ros2_ws/install/msgs_package/share/msgs_package/mapping.yaml
[0.763s] -- Up-to-date: /home/mpt/Desktop/assgn2/ros2_ws/install/msgs_package/share/ament_index/resource_index/package_run_dependencies/msgs_package
[0.763s] -- Up-to-date: /home/mpt/Desktop/assgn2/ros2_ws/install/msgs_package/share/ament_index/resource_index/parent_prefix_path/msgs_package
[0.764s] -- Up-to-date: /home/mpt/Desktop/assgn2/ros2_ws/install/msgs_package/share/msgs_package/environment/ament_prefix_path.sh
[0.764s] -- Up-to-date: /home/mpt/Desktop/assgn2/ros2_ws/install/msgs_package/share/msgs_package/environment/ament_prefix_path.dsv
[0.764s] -- Up-to-date: /home/mpt/Desktop/assgn2/ros2_ws/install/msgs_package/share/msgs_package/environment/path.sh
[0.764s] -- Up-to-date: /home/mpt/Desktop/assgn2/ros2_ws/install/msgs_package/share/msgs_package/environment/path.dsv
[0.765s] -- Up-to-date: /home/mpt/Desktop/assgn2/ros2_ws/install/msgs_package/share/msgs_package/local_setup.bash
[0.765s] -- Up-to-date: /home/mpt/Desktop/assgn2/ros2_ws/install/msgs_package/share/msgs_package/local_setup.sh
[0.765s] -- Up-to-date: /home/mpt/Desktop/assgn2/ros2_ws/install/msgs_package/share/msgs_package/local_setup.zsh
[0.765s] -- Up-to-date: /home/mpt/Desktop/assgn2/ros2_ws/install/msgs_package/share/msgs_package/local_setup.dsv
[0.765s] -- Installing: /home/mpt/Desktop/assgn2/ros2_ws/install/msgs_package/share/msgs_package/package.dsv
[0.765s] -- Up-to-date: /home/mpt/Desktop/assgn2/ros2_ws/install/msgs_package/share/ament_index/resource_index/packages/msgs_package
[0.765s] -- Up-to-date: /home/mpt/Desktop/assgn2/ros2_ws/install/msgs_package/share/msgs_package/cmake/msgs_package__rosidl_generator_cExport.cmake
[0.765s] -- Up-to-date: /home/mpt/Desktop/assgn2/ros2_ws/install/msgs_package/share/msgs_package/cmake/msgs_package__rosidl_generator_cExport-noconfig.cmake
[0.765s] -- Up-to-date: /home/mpt/Desktop/assgn2/ros2_ws/install/msgs_package/share/msgs_package/cmake/msgs_package__rosidl_typesupport_introspection_cExport.cmake
[0.765s] -- Up-to-date: /home/mpt/Desktop/assgn2/ros2_ws/install/msgs_package/share/msgs_package/cmake/msgs_package__rosidl_typesupport_introspection_cExport-noconfig.cmake
[0.765s] -- Up-to-date: /home/mpt/Desktop/assgn2/ros2_ws/install/msgs_package/share/msgs_package/cmake/msgs_package__rosidl_typesupport_cExport.cmake
[0.765s] -- Up-to-date: /home/mpt/Desktop/assgn2/ros2_ws/install/msgs_package/share/msgs_package/cmake/msgs_package__rosidl_typesupport_cExport-noconfig.cmake
[0.765s] -- Up-to-date: /home/mpt/Desktop/assgn2/ros2_ws/install/msgs_package/share/msgs_package/cmake/msgs_package__rosidl_generator_cppExport.cmake
[0.766s] -- Up-to-date: /home/mpt/Desktop/assgn2/ros2_ws/install/msgs_package/share/msgs_package/cmake/msgs_package__rosidl_typesupport_introspection_cppExport.cmake
[0.766s] -- Up-to-date: /home/mpt/Desktop/assgn2/ros2_ws/install/msgs_package/share/msgs_package/cmake/msgs_package__rosidl_typesupport_introspection_cppExport-noconfig.cmake
[0.766s] -- Up-to-date: /home/mpt/Desktop/assgn2/ros2_ws/install/msgs_package/share/msgs_package/cmake/msgs_package__rosidl_typesupport_cppExport.cmake
[0.766s] -- Up-to-date: /home/mpt/Desktop/assgn2/ros2_ws/install/msgs_package/share/msgs_package/cmake/msgs_package__rosidl_typesupport_cppExport-noconfig.cmake
[0.766s] -- Up-to-date: /home/mpt/Desktop/assgn2/ros2_ws/install/msgs_package/share/msgs_package/cmake/rosidl_cmake-extras.cmake
[0.766s] -- Up-to-date: /home/mpt/Desktop/assgn2/ros2_ws/install/msgs_package/share/msgs_package/cmake/ament_cmake_export_dependencies-extras.cmake
[0.766s] -- Up-to-date: /home/mpt/Desktop/assgn2/ros2_ws/install/msgs_package/share/msgs_package/cmake/ament_cmake_export_libraries-extras.cmake
[0.766s] -- Up-to-date: /home/mpt/Desktop/assgn2/ros2_ws/install/msgs_package/share/msgs_package/cmake/ament_cmake_export_targets-extras.cmake
[0.766s] -- Up-to-date: /home/mpt/Desktop/assgn2/ros2_ws/install/msgs_package/share/msgs_package/cmake/ament_cmake_export_include_directories-extras.cmake
[0.767s] -- Up-to-date: /home/mpt/Desktop/assgn2/ros2_ws/install/msgs_package/share/msgs_package/cmake/rosidl_cmake_export_typesupport_libraries-extras.cmake
[0.767s] -- Up-to-date: /home/mpt/Desktop/assgn2/ros2_ws/install/msgs_package/share/msgs_package/cmake/rosidl_cmake_export_typesupport_targets-extras.cmake
[0.769s] -- Up-to-date: /home/mpt/Desktop/assgn2/ros2_ws/install/msgs_package/share/msgs_package/cmake/msgs_packageConfig.cmake
[0.769s] -- Up-to-date: /home/mpt/Desktop/assgn2/ros2_ws/install/msgs_package/share/msgs_package/cmake/msgs_packageConfig-version.cmake
[0.769s] -- Up-to-date: /home/mpt/Desktop/assgn2/ros2_ws/install/msgs_package/share/msgs_package/package.xml
[0.769s] Invoked command in '/home/mpt/Desktop/assgn2/ros2_ws/build/msgs_package' returned '0': CMAKE_PREFIX_PATH=${CMAKE_PREFIX_PATH}:/home/mpt/Desktop/assgn2/ros2_ws/install/robot_description:/opt/ros/foxy /usr/bin/cmake --install /home/mpt/Desktop/assgn2/ros2_ws/build/msgs_package
