[0.043s] Invoking command in '/home/mpt/Desktop/assgn2/ros2_ws/build/msgs_package': CMAKE_PREFIX_PATH=${CMAKE_PREFIX_PATH}:/home/mpt/Desktop/assgn2/ros2_ws/install/robot_description:/opt/ros/foxy /usr/bin/cmake --build /home/mpt/Desktop/assgn2/ros2_ws/build/msgs_package -- -j4 -l4
[0.455s] [ 10%] Built target msgs_package__rosidl_generator_c
[0.518s] [ 12%] Built target msgs_package__cpp
[0.581s] [ 23%] Built target msgs_package__rosidl_typesupport_c
[0.672s] [ 33%] Built target msgs_package__rosidl_typesupport_cpp
[0.746s] [ 43%] Built target msgs_package__rosidl_typesupport_fastrtps_cpp
[0.815s] [ 53%] Built target msgs_package__rosidl_typesupport_introspection_cpp
[0.931s] [ 64%] Built target msgs_package__rosidl_typesupport_fastrtps_c
[1.029s] [ 74%] Built target msgs_package__rosidl_typesupport_introspection_c
[1.173s] [ 74%] Built target msgs_package
[1.308s] [ 76%] Built target msgs_package__py
[1.402s] [ 84%] Built target msgs_package__python
[1.518s] [ 89%] Built target msgs_package__rosidl_typesupport_c__pyext
[1.600s] [ 94%] Built target msgs_package__rosidl_typesupport_introspection_c__pyext
[1.697s] [100%] Built target msgs_package__rosidl_typesupport_fastrtps_c__pyext
[1.730s] Invoked command in '/home/mpt/Desktop/assgn2/ros2_ws/build/msgs_package' returned '0': CMAKE_PREFIX_PATH=${CMAKE_PREFIX_PATH}:/home/mpt/Desktop/assgn2/ros2_ws/install/robot_description:/opt/ros/foxy /usr/bin/cmake --build /home/mpt/Desktop/assgn2/ros2_ws/build/msgs_package -- -j4 -l4
[2.071s] Invoking command in '/home/mpt/Desktop/assgn2/ros2_ws/build/msgs_package': CMAKE_PREFIX_PATH=${CMAKE_PREFIX_PATH}:/home/mpt/Desktop/assgn2/ros2_ws/install/robot_description:/opt/ros/foxy /usr/bin/cmake --install /home/mpt/Desktop/assgn2/ros2_ws/build/msgs_package
[2.118s] -- Install configuration: ""
[2.120s] -- Up-to-date: /home/mpt/Desktop/assgn2/ros2_ws/install/msgs_package/share/ament_index/resource_index/rosidl_interfaces/msgs_package
[2.121s] -- Up-to-date: /home/mpt/Desktop/assgn2/ros2_ws/install/msgs_package/include/msgs_package
[2.123s] -- Up-to-date: /home/mpt/Desktop/assgn2/ros2_ws/install/msgs_package/include/msgs_package/msg
[2.123s] -- Up-to-date: /home/mpt/Desktop/assgn2/ros2_ws/install/msgs_package/include/msgs_package/msg/rosidl_generator_c__visibility_control.h
[2.123s] -- Up-to-date: /home/mpt/Desktop/assgn2/ros2_ws/install/msgs_package/include/msgs_package/srv
[2.124s] -- Up-to-date: /home/mpt/Desktop/assgn2/ros2_ws/install/msgs_package/include/msgs_package/srv/detail
[2.124s] -- Up-to-date: /home/mpt/Desktop/assgn2/ros2_ws/install/msgs_package/include/msgs_package/srv/detail/bug_service__type_support.h
[2.124s] -- Up-to-date: /home/mpt/Desktop/assgn2/ros2_ws/install/msgs_package/include/msgs_package/srv/detail/random_position__functions.c
[2.124s] -- Up-to-date: /home/mpt/Desktop/assgn2/ros2_ws/install/msgs_package/include/msgs_package/srv/detail/random_position__functions.h
[2.125s] -- Up-to-date: /home/mpt/Desktop/assgn2/ros2_ws/install/msgs_package/include/msgs_package/srv/detail/bug_service__functions.c
[2.125s] -- Up-to-date: /home/mpt/Desktop/assgn2/ros2_ws/install/msgs_package/include/msgs_package/srv/detail/bug_service__struct.h
[2.125s] -- Up-to-date: /home/mpt/Desktop/assgn2/ros2_ws/install/msgs_package/include/msgs_package/srv/detail/random_position__struct.h
[2.126s] -- Up-to-date: /home/mpt/Desktop/assgn2/ros2_ws/install/msgs_package/include/msgs_package/srv/detail/bug_service__functions.h
[2.126s] -- Up-to-date: /home/mpt/Desktop/assgn2/ros2_ws/install/msgs_package/include/msgs_package/srv/detail/random_position__type_support.h
[2.126s] -- Up-to-date: /home/mpt/Desktop/assgn2/ros2_ws/install/msgs_package/include/msgs_package/srv/bug_service.h
[2.126s] -- Up-to-date: /home/mpt/Desktop/assgn2/ros2_ws/install/msgs_package/include/msgs_package/srv/random_position.h
[2.128s] -- Up-to-date: /home/mpt/Desktop/assgn2/ros2_ws/install/msgs_package/share/msgs_package/environment/library_path.sh
[2.134s] -- Up-to-date: /home/mpt/Desktop/assgn2/ros2_ws/install/msgs_package/share/msgs_package/environment/library_path.dsv
[2.136s] -- Up-to-date: /home/mpt/Desktop/assgn2/ros2_ws/install/msgs_package/lib/libmsgs_package__rosidl_generator_c.so
[2.136s] -- Up-to-date: /home/mpt/Desktop/assgn2/ros2_ws/install/msgs_package/include/msgs_package
[2.136s] -- Up-to-date: /home/mpt/Desktop/assgn2/ros2_ws/install/msgs_package/include/msgs_package/msg
[2.136s] -- Up-to-date: /home/mpt/Desktop/assgn2/ros2_ws/install/msgs_package/include/msgs_package/msg/rosidl_typesupport_fastrtps_c__visibility_control.h
[2.136s] -- Up-to-date: /home/mpt/Desktop/assgn2/ros2_ws/install/msgs_package/include/msgs_package/srv
[2.136s] -- Up-to-date: /home/mpt/Desktop/assgn2/ros2_ws/install/msgs_package/include/msgs_package/srv/detail
[2.142s] -- Up-to-date: /home/mpt/Desktop/assgn2/ros2_ws/install/msgs_package/include/msgs_package/srv/detail/random_position__rosidl_typesupport_fastrtps_c.h
[2.143s] -- Up-to-date: /home/mpt/Desktop/assgn2/ros2_ws/install/msgs_package/include/msgs_package/srv/detail/bug_service__rosidl_typesupport_fastrtps_c.h
[2.143s] -- Up-to-date: /home/mpt/Desktop/assgn2/ros2_ws/install/msgs_package/lib/libmsgs_package__rosidl_typesupport_fastrtps_c.so
[2.143s] -- Up-to-date: /home/mpt/Desktop/assgn2/ros2_ws/install/msgs_package/include/msgs_package
[2.143s] -- Up-to-date: /home/mpt/Desktop/assgn2/ros2_ws/install/msgs_package/include/msgs_package/msg
[2.143s] -- Up-to-date: /home/mpt/Desktop/assgn2/ros2_ws/install/msgs_package/include/msgs_package/msg/rosidl_typesupport_fastrtps_cpp__visibility_control.h
[2.143s] -- Up-to-date: /home/mpt/Desktop/assgn2/ros2_ws/install/msgs_package/include/msgs_package/srv
[2.143s] -- Up-to-date: /home/mpt/Desktop/assgn2/ros2_ws/install/msgs_package/include/msgs_package/srv/detail
[2.143s] -- Up-to-date: /home/mpt/Desktop/assgn2/ros2_ws/install/msgs_package/include/msgs_package/srv/detail/random_position__rosidl_typesupport_fastrtps_cpp.hpp
[2.143s] -- Up-to-date: /home/mpt/Desktop/assgn2/ros2_ws/install/msgs_package/include/msgs_package/srv/detail/dds_fastrtps
[2.144s] -- Up-to-date: /home/mpt/Desktop/assgn2/ros2_ws/install/msgs_package/include/msgs_package/srv/detail/bug_service__rosidl_typesupport_fastrtps_cpp.hpp
[2.144s] -- Up-to-date: /home/mpt/Desktop/assgn2/ros2_ws/install/msgs_package/lib/libmsgs_package__rosidl_typesupport_fastrtps_cpp.so
[2.144s] -- Up-to-date: /home/mpt/Desktop/assgn2/ros2_ws/install/msgs_package/include/msgs_package
[2.144s] -- Up-to-date: /home/mpt/Desktop/assgn2/ros2_ws/install/msgs_package/include/msgs_package/msg
[2.144s] -- Up-to-date: /home/mpt/Desktop/assgn2/ros2_ws/install/msgs_package/include/msgs_package/msg/rosidl_typesupport_introspection_c__visibility_control.h
[2.144s] -- Up-to-date: /home/mpt/Desktop/assgn2/ros2_ws/install/msgs_package/include/msgs_package/srv
[2.145s] -- Up-to-date: /home/mpt/Desktop/assgn2/ros2_ws/install/msgs_package/include/msgs_package/srv/detail
[2.145s] -- Up-to-date: /home/mpt/Desktop/assgn2/ros2_ws/install/msgs_package/include/msgs_package/srv/detail/random_position__rosidl_typesupport_introspection_c.h
[2.145s] -- Up-to-date: /home/mpt/Desktop/assgn2/ros2_ws/install/msgs_package/include/msgs_package/srv/detail/bug_service__rosidl_typesupport_introspection_c.h
[2.145s] -- Up-to-date: /home/mpt/Desktop/assgn2/ros2_ws/install/msgs_package/include/msgs_package/srv/detail/bug_service__type_support.c
[2.145s] -- Up-to-date: /home/mpt/Desktop/assgn2/ros2_ws/install/msgs_package/include/msgs_package/srv/detail/random_position__type_support.c
[2.145s] -- Up-to-date: /home/mpt/Desktop/assgn2/ros2_ws/install/msgs_package/lib/libmsgs_package__rosidl_typesupport_introspection_c.so
[2.145s] -- Up-to-date: /home/mpt/Desktop/assgn2/ros2_ws/install/msgs_package/lib/libmsgs_package__rosidl_typesupport_c.so
[2.145s] -- Up-to-date: /home/mpt/Desktop/assgn2/ros2_ws/install/msgs_package/include/msgs_package
[2.145s] -- Up-to-date: /home/mpt/Desktop/assgn2/ros2_ws/install/msgs_package/include/msgs_package/srv
[2.145s] -- Up-to-date: /home/mpt/Desktop/assgn2/ros2_ws/install/msgs_package/include/msgs_package/srv/bug_service.hpp
[2.145s] -- Up-to-date: /home/mpt/Desktop/assgn2/ros2_ws/install/msgs_package/include/msgs_package/srv/detail
[2.145s] -- Up-to-date: /home/mpt/Desktop/assgn2/ros2_ws/install/msgs_package/include/msgs_package/srv/detail/random_position__builder.hpp
[2.145s] -- Up-to-date: /home/mpt/Desktop/assgn2/ros2_ws/install/msgs_package/include/msgs_package/srv/detail/bug_service__builder.hpp
[2.146s] -- Up-to-date: /home/mpt/Desktop/assgn2/ros2_ws/install/msgs_package/include/msgs_package/srv/detail/random_position__traits.hpp
[2.146s] -- Up-to-date: /home/mpt/Desktop/assgn2/ros2_ws/install/msgs_package/include/msgs_package/srv/detail/bug_service__traits.hpp
[2.146s] -- Up-to-date: /home/mpt/Desktop/assgn2/ros2_ws/install/msgs_package/include/msgs_package/srv/detail/random_position__struct.hpp
[2.146s] -- Up-to-date: /home/mpt/Desktop/assgn2/ros2_ws/install/msgs_package/include/msgs_package/srv/detail/bug_service__struct.hpp
[2.146s] -- Up-to-date: /home/mpt/Desktop/assgn2/ros2_ws/install/msgs_package/include/msgs_package/srv/random_position.hpp
[2.146s] -- Up-to-date: /home/mpt/Desktop/assgn2/ros2_ws/install/msgs_package/include/msgs_package
[2.146s] -- Up-to-date: /home/mpt/Desktop/assgn2/ros2_ws/install/msgs_package/include/msgs_package/srv
[2.146s] -- Up-to-date: /home/mpt/Desktop/assgn2/ros2_ws/install/msgs_package/include/msgs_package/srv/detail
[2.146s] -- Up-to-date: /home/mpt/Desktop/assgn2/ros2_ws/install/msgs_package/include/msgs_package/srv/detail/random_position__rosidl_typesupport_introspection_cpp.hpp
[2.146s] -- Up-to-date: /home/mpt/Desktop/assgn2/ros2_ws/install/msgs_package/include/msgs_package/srv/detail/bug_service__rosidl_typesupport_introspection_cpp.hpp
[2.146s] -- Up-to-date: /home/mpt/Desktop/assgn2/ros2_ws/install/msgs_package/include/msgs_package/srv/detail/bug_service__type_support.cpp
[2.146s] -- Up-to-date: /home/mpt/Desktop/assgn2/ros2_ws/install/msgs_package/include/msgs_package/srv/detail/random_position__type_support.cpp
[2.146s] -- Up-to-date: /home/mpt/Desktop/assgn2/ros2_ws/install/msgs_package/lib/libmsgs_package__rosidl_typesupport_introspection_cpp.so
[2.146s] -- Up-to-date: /home/mpt/Desktop/assgn2/ros2_ws/install/msgs_package/lib/libmsgs_package__rosidl_typesupport_cpp.so
[2.147s] -- Up-to-date: /home/mpt/Desktop/assgn2/ros2_ws/install/msgs_package/share/msgs_package/environment/pythonpath.sh
[2.147s] -- Up-to-date: /home/mpt/Desktop/assgn2/ros2_ws/install/msgs_package/share/msgs_package/environment/pythonpath.dsv
[2.147s] -- Up-to-date: /home/mpt/Desktop/assgn2/ros2_ws/install/msgs_package/lib/python3.8/site-packages/msgs_package/__init__.py
[2.243s] -- Up-to-date: /home/mpt/Desktop/assgn2/ros2_ws/install/msgs_package/lib/python3.8/site-packages/msgs_package/srv
[2.243s] -- Up-to-date: /home/mpt/Desktop/assgn2/ros2_ws/install/msgs_package/lib/python3.8/site-packages/msgs_package/srv/_random_position.py
[2.244s] -- Up-to-date: /home/mpt/Desktop/assgn2/ros2_ws/install/msgs_package/lib/python3.8/site-packages/msgs_package/srv/_bug_service_s.c
[2.244s] -- Up-to-date: /home/mpt/Desktop/assgn2/ros2_ws/install/msgs_package/lib/python3.8/site-packages/msgs_package/srv/_bug_service.py
[2.244s] -- Up-to-date: /home/mpt/Desktop/assgn2/ros2_ws/install/msgs_package/lib/python3.8/site-packages/msgs_package/srv/_random_position_s.c
[2.244s] -- Up-to-date: /home/mpt/Desktop/assgn2/ros2_ws/install/msgs_package/lib/python3.8/site-packages/msgs_package/srv/__init__.py
[2.245s] -- Up-to-date: /home/mpt/Desktop/assgn2/ros2_ws/install/msgs_package/lib/python3.8/site-packages/msgs_package/msgs_package_s__rosidl_typesupport_fastrtps_c.cpython-38-x86_64-linux-gnu.so
[2.248s] -- Up-to-date: /home/mpt/Desktop/assgn2/ros2_ws/install/msgs_package/lib/python3.8/site-packages/msgs_package/msgs_package_s__rosidl_typesupport_introspection_c.cpython-38-x86_64-linux-gnu.so
[2.250s] -- Up-to-date: /home/mpt/Desktop/assgn2/ros2_ws/install/msgs_package/lib/python3.8/site-packages/msgs_package/msgs_package_s__rosidl_typesupport_c.cpython-38-x86_64-linux-gnu.so
[2.255s] -- Up-to-date: /home/mpt/Desktop/assgn2/ros2_ws/install/msgs_package/lib/libmsgs_package__python.so
[2.256s] -- Up-to-date: /home/mpt/Desktop/assgn2/ros2_ws/install/msgs_package/share/msgs_package/srv/RandomPosition.idl
[2.256s] -- Up-to-date: /home/mpt/Desktop/assgn2/ros2_ws/install/msgs_package/share/msgs_package/srv/BugService.idl
[2.257s] -- Up-to-date: /home/mpt/Desktop/assgn2/ros2_ws/install/msgs_package/share/msgs_package/srv/RandomPosition.srv
[2.257s] -- Up-to-date: /home/mpt/Desktop/assgn2/ros2_ws/install/msgs_package/share/msgs_package/srv/RandomPosition_Request.msg
[2.259s] -- Up-to-date: /home/mpt/Desktop/assgn2/ros2_ws/install/msgs_package/share/msgs_package/srv/RandomPosition_Response.msg
[2.260s] -- Up-to-date: /home/mpt/Desktop/assgn2/ros2_ws/install/msgs_package/share/msgs_package/srv/BugService.srv
[2.260s] -- Up-to-date: /home/mpt/Desktop/assgn2/ros2_ws/install/msgs_package/share/msgs_package/srv/BugService_Request.msg
[2.260s] -- Up-to-date: /home/mpt/Desktop/assgn2/ros2_ws/install/msgs_package/share/msgs_package/srv/BugService_Response.msg
[2.261s] -- Up-to-date: /home/mpt/Desktop/assgn2/ros2_ws/install/msgs_package/share/msgs_package/mapping.yaml
[2.261s] -- Up-to-date: /home/mpt/Desktop/assgn2/ros2_ws/install/msgs_package/share/ament_index/resource_index/package_run_dependencies/msgs_package
[2.261s] -- Up-to-date: /home/mpt/Desktop/assgn2/ros2_ws/install/msgs_package/share/ament_index/resource_index/parent_prefix_path/msgs_package
[2.261s] -- Up-to-date: /home/mpt/Desktop/assgn2/ros2_ws/install/msgs_package/share/msgs_package/environment/ament_prefix_path.sh
[2.262s] -- Up-to-date: /home/mpt/Desktop/assgn2/ros2_ws/install/msgs_package/share/msgs_package/environment/ament_prefix_path.dsv
[2.262s] -- Up-to-date: /home/mpt/Desktop/assgn2/ros2_ws/install/msgs_package/share/msgs_package/environment/path.sh
[2.262s] -- Up-to-date: /home/mpt/Desktop/assgn2/ros2_ws/install/msgs_package/share/msgs_package/environment/path.dsv
[2.263s] -- Up-to-date: /home/mpt/Desktop/assgn2/ros2_ws/install/msgs_package/share/msgs_package/local_setup.bash
[2.264s] -- Up-to-date: /home/mpt/Desktop/assgn2/ros2_ws/install/msgs_package/share/msgs_package/local_setup.sh
[2.264s] -- Up-to-date: /home/mpt/Desktop/assgn2/ros2_ws/install/msgs_package/share/msgs_package/local_setup.zsh
[2.264s] -- Up-to-date: /home/mpt/Desktop/assgn2/ros2_ws/install/msgs_package/share/msgs_package/local_setup.dsv
[2.265s] -- Installing: /home/mpt/Desktop/assgn2/ros2_ws/install/msgs_package/share/msgs_package/package.dsv
[2.265s] -- Up-to-date: /home/mpt/Desktop/assgn2/ros2_ws/install/msgs_package/share/ament_index/resource_index/packages/msgs_package
[2.266s] -- Up-to-date: /home/mpt/Desktop/assgn2/ros2_ws/install/msgs_package/share/msgs_package/cmake/msgs_package__rosidl_generator_cExport.cmake
[2.266s] -- Up-to-date: /home/mpt/Desktop/assgn2/ros2_ws/install/msgs_package/share/msgs_package/cmake/msgs_package__rosidl_generator_cExport-noconfig.cmake
[2.267s] -- Up-to-date: /home/mpt/Desktop/assgn2/ros2_ws/install/msgs_package/share/msgs_package/cmake/msgs_package__rosidl_typesupport_introspection_cExport.cmake
[2.267s] -- Up-to-date: /home/mpt/Desktop/assgn2/ros2_ws/install/msgs_package/share/msgs_package/cmake/msgs_package__rosidl_typesupport_introspection_cExport-noconfig.cmake
[2.268s] -- Up-to-date: /home/mpt/Desktop/assgn2/ros2_ws/install/msgs_package/share/msgs_package/cmake/msgs_package__rosidl_typesupport_cExport.cmake
[2.270s] -- Up-to-date: /home/mpt/Desktop/assgn2/ros2_ws/install/msgs_package/share/msgs_package/cmake/msgs_package__rosidl_typesupport_cExport-noconfig.cmake
[2.276s] -- Up-to-date: /home/mpt/Desktop/assgn2/ros2_ws/install/msgs_package/share/msgs_package/cmake/msgs_package__rosidl_generator_cppExport.cmake
[2.277s] -- Up-to-date: /home/mpt/Desktop/assgn2/ros2_ws/install/msgs_package/share/msgs_package/cmake/msgs_package__rosidl_typesupport_introspection_cppExport.cmake
[2.278s] -- Up-to-date: /home/mpt/Desktop/assgn2/ros2_ws/install/msgs_package/share/msgs_package/cmake/msgs_package__rosidl_typesupport_introspection_cppExport-noconfig.cmake
[2.278s] -- Up-to-date: /home/mpt/Desktop/assgn2/ros2_ws/install/msgs_package/share/msgs_package/cmake/msgs_package__rosidl_typesupport_cppExport.cmake
[2.278s] -- Up-to-date: /home/mpt/Desktop/assgn2/ros2_ws/install/msgs_package/share/msgs_package/cmake/msgs_package__rosidl_typesupport_cppExport-noconfig.cmake
[2.279s] -- Up-to-date: /home/mpt/Desktop/assgn2/ros2_ws/install/msgs_package/share/msgs_package/cmake/rosidl_cmake-extras.cmake
[2.279s] -- Up-to-date: /home/mpt/Desktop/assgn2/ros2_ws/install/msgs_package/share/msgs_package/cmake/ament_cmake_export_dependencies-extras.cmake
[2.279s] -- Up-to-date: /home/mpt/Desktop/assgn2/ros2_ws/install/msgs_package/share/msgs_package/cmake/ament_cmake_export_libraries-extras.cmake
[2.279s] -- Up-to-date: /home/mpt/Desktop/assgn2/ros2_ws/install/msgs_package/share/msgs_package/cmake/ament_cmake_export_targets-extras.cmake
[2.279s] -- Up-to-date: /home/mpt/Desktop/assgn2/ros2_ws/install/msgs_package/share/msgs_package/cmake/ament_cmake_export_include_directories-extras.cmake
[2.279s] -- Up-to-date: /home/mpt/Desktop/assgn2/ros2_ws/install/msgs_package/share/msgs_package/cmake/rosidl_cmake_export_typesupport_libraries-extras.cmake
[2.280s] -- Up-to-date: /home/mpt/Desktop/assgn2/ros2_ws/install/msgs_package/share/msgs_package/cmake/rosidl_cmake_export_typesupport_targets-extras.cmake
[2.280s] -- Up-to-date: /home/mpt/Desktop/assgn2/ros2_ws/install/msgs_package/share/msgs_package/cmake/msgs_packageConfig.cmake
[2.280s] -- Up-to-date: /home/mpt/Desktop/assgn2/ros2_ws/install/msgs_package/share/msgs_package/cmake/msgs_packageConfig-version.cmake
[2.280s] -- Up-to-date: /home/mpt/Desktop/assgn2/ros2_ws/install/msgs_package/share/msgs_package/package.xml
[2.294s] Invoked command in '/home/mpt/Desktop/assgn2/ros2_ws/build/msgs_package' returned '0': CMAKE_PREFIX_PATH=${CMAKE_PREFIX_PATH}:/home/mpt/Desktop/assgn2/ros2_ws/install/robot_description:/opt/ros/foxy /usr/bin/cmake --install /home/mpt/Desktop/assgn2/ros2_ws/build/msgs_package
