[0.036s] Invoking command in '/home/mpt/Desktop/assgn2/ros2_ws/build/msgs_package': CMAKE_PREFIX_PATH=${CMAKE_PREFIX_PATH}:/home/mpt/Desktop/assgn2/ros2_ws/install/robot_description:/opt/ros/foxy /usr/bin/cmake --build /home/mpt/Desktop/assgn2/ros2_ws/build/msgs_package -- -j4 -l4
[0.105s] [  2%] Built target msgs_package__cpp
[0.112s] [ 12%] Built target msgs_package__rosidl_generator_c
[0.154s] [ 23%] Built target msgs_package__rosidl_typesupport_introspection_cpp
[0.157s] [ 33%] Built target msgs_package__rosidl_typesupport_introspection_c
[0.159s] [ 43%] Built target msgs_package__rosidl_typesupport_fastrtps_cpp
[0.172s] [ 53%] Built target msgs_package__rosidl_typesupport_cpp
[0.194s] [ 64%] Built target msgs_package__rosidl_typesupport_c
[0.203s] [ 74%] Built target msgs_package__rosidl_typesupport_fastrtps_c
[0.233s] [ 74%] Built target msgs_package
[0.267s] [ 76%] Built target msgs_package__py
[0.297s] [ 84%] Built target msgs_package__python
[0.341s] [ 94%] Built target msgs_package__rosidl_typesupport_fastrtps_c__pyext
[0.341s] [ 94%] Built target msgs_package__rosidl_typesupport_introspection_c__pyext
[0.343s] [100%] Built target msgs_package__rosidl_typesupport_c__pyext
[0.375s] Invoked command in '/home/mpt/Desktop/assgn2/ros2_ws/build/msgs_package' returned '0': CMAKE_PREFIX_PATH=${CMAKE_PREFIX_PATH}:/home/mpt/Desktop/assgn2/ros2_ws/install/robot_description:/opt/ros/foxy /usr/bin/cmake --build /home/mpt/Desktop/assgn2/ros2_ws/build/msgs_package -- -j4 -l4
[0.462s] Invoking command in '/home/mpt/Desktop/assgn2/ros2_ws/build/msgs_package': CMAKE_PREFIX_PATH=${CMAKE_PREFIX_PATH}:/home/mpt/Desktop/assgn2/ros2_ws/install/robot_description:/opt/ros/foxy /usr/bin/cmake --install /home/mpt/Desktop/assgn2/ros2_ws/build/msgs_package
[0.472s] -- Install configuration: ""
[0.472s] -- Up-to-date: /home/mpt/Desktop/assgn2/ros2_ws/install/msgs_package/share/ament_index/resource_index/rosidl_interfaces/msgs_package
[0.475s] -- Up-to-date: /home/mpt/Desktop/assgn2/ros2_ws/install/msgs_package/include/msgs_package
[0.475s] -- Up-to-date: /home/mpt/Desktop/assgn2/ros2_ws/install/msgs_package/include/msgs_package/msg
[0.475s] -- Up-to-date: /home/mpt/Desktop/assgn2/ros2_ws/install/msgs_package/include/msgs_package/msg/rosidl_generator_c__visibility_control.h
[0.475s] -- Up-to-date: /home/mpt/Desktop/assgn2/ros2_ws/install/msgs_package/include/msgs_package/srv
[0.475s] -- Up-to-date: /home/mpt/Desktop/assgn2/ros2_ws/install/msgs_package/include/msgs_package/srv/detail
[0.475s] -- Up-to-date: /home/mpt/Desktop/assgn2/ros2_ws/install/msgs_package/include/msgs_package/srv/detail/bug_service__type_support.h
[0.475s] -- Up-to-date: /home/mpt/Desktop/assgn2/ros2_ws/install/msgs_package/include/msgs_package/srv/detail/random_position__functions.c
[0.476s] -- Up-to-date: /home/mpt/Desktop/assgn2/ros2_ws/install/msgs_package/include/msgs_package/srv/detail/random_position__functions.h
[0.476s] -- Up-to-date: /home/mpt/Desktop/assgn2/ros2_ws/install/msgs_package/include/msgs_package/srv/detail/bug_service__functions.c
[0.476s] -- Up-to-date: /home/mpt/Desktop/assgn2/ros2_ws/install/msgs_package/include/msgs_package/srv/detail/bug_service__struct.h
[0.476s] -- Up-to-date: /home/mpt/Desktop/assgn2/ros2_ws/install/msgs_package/include/msgs_package/srv/detail/random_position__struct.h
[0.476s] -- Up-to-date: /home/mpt/Desktop/assgn2/ros2_ws/install/msgs_package/include/msgs_package/srv/detail/bug_service__functions.h
[0.476s] -- Up-to-date: /home/mpt/Desktop/assgn2/ros2_ws/install/msgs_package/include/msgs_package/srv/detail/random_position__type_support.h
[0.476s] -- Up-to-date: /home/mpt/Desktop/assgn2/ros2_ws/install/msgs_package/include/msgs_package/srv/bug_service.h
[0.476s] -- Up-to-date: /home/mpt/Desktop/assgn2/ros2_ws/install/msgs_package/include/msgs_package/srv/random_position.h
[0.476s] -- Up-to-date: /home/mpt/Desktop/assgn2/ros2_ws/install/msgs_package/share/msgs_package/environment/library_path.sh
[0.476s] -- Up-to-date: /home/mpt/Desktop/assgn2/ros2_ws/install/msgs_package/share/msgs_package/environment/library_path.dsv
[0.476s] -- Up-to-date: /home/mpt/Desktop/assgn2/ros2_ws/install/msgs_package/lib/libmsgs_package__rosidl_generator_c.so
[0.477s] -- Up-to-date: /home/mpt/Desktop/assgn2/ros2_ws/install/msgs_package/include/msgs_package
[0.477s] -- Up-to-date: /home/mpt/Desktop/assgn2/ros2_ws/install/msgs_package/include/msgs_package/msg
[0.477s] -- Up-to-date: /home/mpt/Desktop/assgn2/ros2_ws/install/msgs_package/include/msgs_package/msg/rosidl_typesupport_fastrtps_c__visibility_control.h
[0.477s] -- Up-to-date: /home/mpt/Desktop/assgn2/ros2_ws/install/msgs_package/include/msgs_package/srv
[0.477s] -- Up-to-date: /home/mpt/Desktop/assgn2/ros2_ws/install/msgs_package/include/msgs_package/srv/detail
[0.477s] -- Up-to-date: /home/mpt/Desktop/assgn2/ros2_ws/install/msgs_package/include/msgs_package/srv/detail/random_position__rosidl_typesupport_fastrtps_c.h
[0.477s] -- Up-to-date: /home/mpt/Desktop/assgn2/ros2_ws/install/msgs_package/include/msgs_package/srv/detail/bug_service__rosidl_typesupport_fastrtps_c.h
[0.477s] -- Up-to-date: /home/mpt/Desktop/assgn2/ros2_ws/install/msgs_package/lib/libmsgs_package__rosidl_typesupport_fastrtps_c.so
[0.477s] -- Up-to-date: /home/mpt/Desktop/assgn2/ros2_ws/install/msgs_package/include/msgs_package
[0.477s] -- Up-to-date: /home/mpt/Desktop/assgn2/ros2_ws/install/msgs_package/include/msgs_package/msg
[0.477s] -- Up-to-date: /home/mpt/Desktop/assgn2/ros2_ws/install/msgs_package/include/msgs_package/msg/rosidl_typesupport_fastrtps_cpp__visibility_control.h
[0.478s] -- Up-to-date: /home/mpt/Desktop/assgn2/ros2_ws/install/msgs_package/include/msgs_package/srv
[0.478s] -- Up-to-date: /home/mpt/Desktop/assgn2/ros2_ws/install/msgs_package/include/msgs_package/srv/detail
[0.478s] -- Up-to-date: /home/mpt/Desktop/assgn2/ros2_ws/install/msgs_package/include/msgs_package/srv/detail/random_position__rosidl_typesupport_fastrtps_cpp.hpp
[0.478s] -- Up-to-date: /home/mpt/Desktop/assgn2/ros2_ws/install/msgs_package/include/msgs_package/srv/detail/dds_fastrtps
[0.478s] -- Up-to-date: /home/mpt/Desktop/assgn2/ros2_ws/install/msgs_package/include/msgs_package/srv/detail/bug_service__rosidl_typesupport_fastrtps_cpp.hpp
[0.478s] -- Up-to-date: /home/mpt/Desktop/assgn2/ros2_ws/install/msgs_package/lib/libmsgs_package__rosidl_typesupport_fastrtps_cpp.so
[0.478s] -- Up-to-date: /home/mpt/Desktop/assgn2/ros2_ws/install/msgs_package/include/msgs_package
[0.478s] -- Up-to-date: /home/mpt/Desktop/assgn2/ros2_ws/install/msgs_package/include/msgs_package/msg
[0.478s] -- Up-to-date: /home/mpt/Desktop/assgn2/ros2_ws/install/msgs_package/include/msgs_package/msg/rosidl_typesupport_introspection_c__visibility_control.h
[0.478s] -- Up-to-date: /home/mpt/Desktop/assgn2/ros2_ws/install/msgs_package/include/msgs_package/srv
[0.479s] -- Up-to-date: /home/mpt/Desktop/assgn2/ros2_ws/install/msgs_package/include/msgs_package/srv/detail
[0.479s] -- Up-to-date: /home/mpt/Desktop/assgn2/ros2_ws/install/msgs_package/include/msgs_package/srv/detail/random_position__rosidl_typesupport_introspection_c.h
[0.479s] -- Up-to-date: /home/mpt/Desktop/assgn2/ros2_ws/install/msgs_package/include/msgs_package/srv/detail/bug_service__rosidl_typesupport_introspection_c.h
[0.479s] -- Up-to-date: /home/mpt/Desktop/assgn2/ros2_ws/install/msgs_package/include/msgs_package/srv/detail/bug_service__type_support.c
[0.479s] -- Up-to-date: /home/mpt/Desktop/assgn2/ros2_ws/install/msgs_package/include/msgs_package/srv/detail/random_position__type_support.c
[0.479s] -- Up-to-date: /home/mpt/Desktop/assgn2/ros2_ws/install/msgs_package/lib/libmsgs_package__rosidl_typesupport_introspection_c.so
[0.479s] -- Up-to-date: /home/mpt/Desktop/assgn2/ros2_ws/install/msgs_package/lib/libmsgs_package__rosidl_typesupport_c.so
[0.479s] -- Up-to-date: /home/mpt/Desktop/assgn2/ros2_ws/install/msgs_package/include/msgs_package
[0.479s] -- Up-to-date: /home/mpt/Desktop/assgn2/ros2_ws/install/msgs_package/include/msgs_package/srv
[0.479s] -- Up-to-date: /home/mpt/Desktop/assgn2/ros2_ws/install/msgs_package/include/msgs_package/srv/bug_service.hpp
[0.479s] -- Up-to-date: /home/mpt/Desktop/assgn2/ros2_ws/install/msgs_package/include/msgs_package/srv/detail
[0.479s] -- Up-to-date: /home/mpt/Desktop/assgn2/ros2_ws/install/msgs_package/include/msgs_package/srv/detail/random_position__builder.hpp
[0.479s] -- Up-to-date: /home/mpt/Desktop/assgn2/ros2_ws/install/msgs_package/include/msgs_package/srv/detail/bug_service__builder.hpp
[0.480s] -- Up-to-date: /home/mpt/Desktop/assgn2/ros2_ws/install/msgs_package/include/msgs_package/srv/detail/random_position__traits.hpp
[0.480s] -- Up-to-date: /home/mpt/Desktop/assgn2/ros2_ws/install/msgs_package/include/msgs_package/srv/detail/bug_service__traits.hpp
[0.480s] -- Up-to-date: /home/mpt/Desktop/assgn2/ros2_ws/install/msgs_package/include/msgs_package/srv/detail/random_position__struct.hpp
[0.480s] -- Up-to-date: /home/mpt/Desktop/assgn2/ros2_ws/install/msgs_package/include/msgs_package/srv/detail/bug_service__struct.hpp
[0.480s] -- Up-to-date: /home/mpt/Desktop/assgn2/ros2_ws/install/msgs_package/include/msgs_package/srv/random_position.hpp
[0.480s] -- Up-to-date: /home/mpt/Desktop/assgn2/ros2_ws/install/msgs_package/include/msgs_package
[0.480s] -- Up-to-date: /home/mpt/Desktop/assgn2/ros2_ws/install/msgs_package/include/msgs_package/srv
[0.480s] -- Up-to-date: /home/mpt/Desktop/assgn2/ros2_ws/install/msgs_package/include/msgs_package/srv/detail
[0.480s] -- Up-to-date: /home/mpt/Desktop/assgn2/ros2_ws/install/msgs_package/include/msgs_package/srv/detail/random_position__rosidl_typesupport_introspection_cpp.hpp
[0.480s] -- Up-to-date: /home/mpt/Desktop/assgn2/ros2_ws/install/msgs_package/include/msgs_package/srv/detail/bug_service__rosidl_typesupport_introspection_cpp.hpp
[0.480s] -- Up-to-date: /home/mpt/Desktop/assgn2/ros2_ws/install/msgs_package/include/msgs_package/srv/detail/bug_service__type_support.cpp
[0.481s] -- Up-to-date: /home/mpt/Desktop/assgn2/ros2_ws/install/msgs_package/include/msgs_package/srv/detail/random_position__type_support.cpp
[0.481s] -- Up-to-date: /home/mpt/Desktop/assgn2/ros2_ws/install/msgs_package/lib/libmsgs_package__rosidl_typesupport_introspection_cpp.so
[0.481s] -- Up-to-date: /home/mpt/Desktop/assgn2/ros2_ws/install/msgs_package/lib/libmsgs_package__rosidl_typesupport_cpp.so
[0.481s] -- Up-to-date: /home/mpt/Desktop/assgn2/ros2_ws/install/msgs_package/share/msgs_package/environment/pythonpath.sh
[0.481s] -- Up-to-date: /home/mpt/Desktop/assgn2/ros2_ws/install/msgs_package/share/msgs_package/environment/pythonpath.dsv
[0.481s] -- Up-to-date: /home/mpt/Desktop/assgn2/ros2_ws/install/msgs_package/lib/python3.8/site-packages/msgs_package/__init__.py
[0.519s] -- Up-to-date: /home/mpt/Desktop/assgn2/ros2_ws/install/msgs_package/lib/python3.8/site-packages/msgs_package/srv
[0.519s] -- Up-to-date: /home/mpt/Desktop/assgn2/ros2_ws/install/msgs_package/lib/python3.8/site-packages/msgs_package/srv/_random_position.py
[0.519s] -- Up-to-date: /home/mpt/Desktop/assgn2/ros2_ws/install/msgs_package/lib/python3.8/site-packages/msgs_package/srv/_bug_service_s.c
[0.519s] -- Up-to-date: /home/mpt/Desktop/assgn2/ros2_ws/install/msgs_package/lib/python3.8/site-packages/msgs_package/srv/_bug_service.py
[0.519s] -- Up-to-date: /home/mpt/Desktop/assgn2/ros2_ws/install/msgs_package/lib/python3.8/site-packages/msgs_package/srv/_random_position_s.c
[0.519s] -- Up-to-date: /home/mpt/Desktop/assgn2/ros2_ws/install/msgs_package/lib/python3.8/site-packages/msgs_package/srv/__init__.py
[0.520s] -- Up-to-date: /home/mpt/Desktop/assgn2/ros2_ws/install/msgs_package/lib/python3.8/site-packages/msgs_package/msgs_package_s__rosidl_typesupport_fastrtps_c.cpython-38-x86_64-linux-gnu.so
[0.520s] -- Up-to-date: /home/mpt/Desktop/assgn2/ros2_ws/install/msgs_package/lib/python3.8/site-packages/msgs_package/msgs_package_s__rosidl_typesupport_introspection_c.cpython-38-x86_64-linux-gnu.so
[0.521s] -- Up-to-date: /home/mpt/Desktop/assgn2/ros2_ws/install/msgs_package/lib/python3.8/site-packages/msgs_package/msgs_package_s__rosidl_typesupport_c.cpython-38-x86_64-linux-gnu.so
[0.521s] -- Up-to-date: /home/mpt/Desktop/assgn2/ros2_ws/install/msgs_package/lib/libmsgs_package__python.so
[0.522s] -- Up-to-date: /home/mpt/Desktop/assgn2/ros2_ws/install/msgs_package/share/msgs_package/srv/RandomPosition.idl
[0.522s] -- Up-to-date: /home/mpt/Desktop/assgn2/ros2_ws/install/msgs_package/share/msgs_package/srv/BugService.idl
[0.522s] -- Up-to-date: /home/mpt/Desktop/assgn2/ros2_ws/install/msgs_package/share/msgs_package/srv/RandomPosition.srv
[0.522s] -- Up-to-date: /home/mpt/Desktop/assgn2/ros2_ws/install/msgs_package/share/msgs_package/srv/RandomPosition_Request.msg
[0.522s] -- Up-to-date: /home/mpt/Desktop/assgn2/ros2_ws/install/msgs_package/share/msgs_package/srv/RandomPosition_Response.msg
[0.523s] -- Up-to-date: /home/mpt/Desktop/assgn2/ros2_ws/install/msgs_package/share/msgs_package/srv/BugService.srv
[0.523s] -- Up-to-date: /home/mpt/Desktop/assgn2/ros2_ws/install/msgs_package/share/msgs_package/srv/BugService_Request.msg
[0.524s] -- Up-to-date: /home/mpt/Desktop/assgn2/ros2_ws/install/msgs_package/share/msgs_package/srv/BugService_Response.msg
[0.524s] -- Up-to-date: /home/mpt/Desktop/assgn2/ros2_ws/install/msgs_package/share/msgs_package/mapping.yaml
[0.524s] -- Up-to-date: /home/mpt/Desktop/assgn2/ros2_ws/install/msgs_package/share/ament_index/resource_index/package_run_dependencies/msgs_package
[0.524s] -- Up-to-date: /home/mpt/Desktop/assgn2/ros2_ws/install/msgs_package/share/ament_index/resource_index/parent_prefix_path/msgs_package
[0.524s] -- Up-to-date: /home/mpt/Desktop/assgn2/ros2_ws/install/msgs_package/share/msgs_package/environment/ament_prefix_path.sh
[0.524s] -- Up-to-date: /home/mpt/Desktop/assgn2/ros2_ws/install/msgs_package/share/msgs_package/environment/ament_prefix_path.dsv
[0.524s] -- Up-to-date: /home/mpt/Desktop/assgn2/ros2_ws/install/msgs_package/share/msgs_package/environment/path.sh
[0.525s] -- Up-to-date: /home/mpt/Desktop/assgn2/ros2_ws/install/msgs_package/share/msgs_package/environment/path.dsv
[0.525s] -- Up-to-date: /home/mpt/Desktop/assgn2/ros2_ws/install/msgs_package/share/msgs_package/local_setup.bash
[0.525s] -- Up-to-date: /home/mpt/Desktop/assgn2/ros2_ws/install/msgs_package/share/msgs_package/local_setup.sh
[0.525s] -- Up-to-date: /home/mpt/Desktop/assgn2/ros2_ws/install/msgs_package/share/msgs_package/local_setup.zsh
[0.526s] -- Up-to-date: /home/mpt/Desktop/assgn2/ros2_ws/install/msgs_package/share/msgs_package/local_setup.dsv
[0.526s] -- Installing: /home/mpt/Desktop/assgn2/ros2_ws/install/msgs_package/share/msgs_package/package.dsv
[0.526s] -- Up-to-date: /home/mpt/Desktop/assgn2/ros2_ws/install/msgs_package/share/ament_index/resource_index/packages/msgs_package
[0.526s] -- Up-to-date: /home/mpt/Desktop/assgn2/ros2_ws/install/msgs_package/share/msgs_package/cmake/msgs_package__rosidl_generator_cExport.cmake
[0.526s] -- Up-to-date: /home/mpt/Desktop/assgn2/ros2_ws/install/msgs_package/share/msgs_package/cmake/msgs_package__rosidl_generator_cExport-noconfig.cmake
[0.526s] -- Up-to-date: /home/mpt/Desktop/assgn2/ros2_ws/install/msgs_package/share/msgs_package/cmake/msgs_package__rosidl_typesupport_introspection_cExport.cmake
[0.526s] -- Up-to-date: /home/mpt/Desktop/assgn2/ros2_ws/install/msgs_package/share/msgs_package/cmake/msgs_package__rosidl_typesupport_introspection_cExport-noconfig.cmake
[0.526s] -- Up-to-date: /home/mpt/Desktop/assgn2/ros2_ws/install/msgs_package/share/msgs_package/cmake/msgs_package__rosidl_typesupport_cExport.cmake
[0.527s] -- Up-to-date: /home/mpt/Desktop/assgn2/ros2_ws/install/msgs_package/share/msgs_package/cmake/msgs_package__rosidl_typesupport_cExport-noconfig.cmake
[0.527s] -- Up-to-date: /home/mpt/Desktop/assgn2/ros2_ws/install/msgs_package/share/msgs_package/cmake/msgs_package__rosidl_generator_cppExport.cmake
[0.527s] -- Up-to-date: /home/mpt/Desktop/assgn2/ros2_ws/install/msgs_package/share/msgs_package/cmake/msgs_package__rosidl_typesupport_introspection_cppExport.cmake
[0.527s] -- Up-to-date: /home/mpt/Desktop/assgn2/ros2_ws/install/msgs_package/share/msgs_package/cmake/msgs_package__rosidl_typesupport_introspection_cppExport-noconfig.cmake
[0.527s] -- Up-to-date: /home/mpt/Desktop/assgn2/ros2_ws/install/msgs_package/share/msgs_package/cmake/msgs_package__rosidl_typesupport_cppExport.cmake
[0.527s] -- Up-to-date: /home/mpt/Desktop/assgn2/ros2_ws/install/msgs_package/share/msgs_package/cmake/msgs_package__rosidl_typesupport_cppExport-noconfig.cmake
[0.527s] -- Up-to-date: /home/mpt/Desktop/assgn2/ros2_ws/install/msgs_package/share/msgs_package/cmake/rosidl_cmake-extras.cmake
[0.527s] -- Up-to-date: /home/mpt/Desktop/assgn2/ros2_ws/install/msgs_package/share/msgs_package/cmake/ament_cmake_export_dependencies-extras.cmake
[0.527s] -- Up-to-date: /home/mpt/Desktop/assgn2/ros2_ws/install/msgs_package/share/msgs_package/cmake/ament_cmake_export_libraries-extras.cmake
[0.527s] -- Up-to-date: /home/mpt/Desktop/assgn2/ros2_ws/install/msgs_package/share/msgs_package/cmake/ament_cmake_export_targets-extras.cmake
[0.528s] -- Up-to-date: /home/mpt/Desktop/assgn2/ros2_ws/install/msgs_package/share/msgs_package/cmake/ament_cmake_export_include_directories-extras.cmake
[0.528s] -- Up-to-date: /home/mpt/Desktop/assgn2/ros2_ws/install/msgs_package/share/msgs_package/cmake/rosidl_cmake_export_typesupport_libraries-extras.cmake
[0.528s] -- Up-to-date: /home/mpt/Desktop/assgn2/ros2_ws/install/msgs_package/share/msgs_package/cmake/rosidl_cmake_export_typesupport_targets-extras.cmake
[0.529s] -- Up-to-date: /home/mpt/Desktop/assgn2/ros2_ws/install/msgs_package/share/msgs_package/cmake/msgs_packageConfig.cmake
[0.529s] -- Up-to-date: /home/mpt/Desktop/assgn2/ros2_ws/install/msgs_package/share/msgs_package/cmake/msgs_packageConfig-version.cmake
[0.529s] -- Up-to-date: /home/mpt/Desktop/assgn2/ros2_ws/install/msgs_package/share/msgs_package/package.xml
[0.530s] Invoked command in '/home/mpt/Desktop/assgn2/ros2_ws/build/msgs_package' returned '0': CMAKE_PREFIX_PATH=${CMAKE_PREFIX_PATH}:/home/mpt/Desktop/assgn2/ros2_ws/install/robot_description:/opt/ros/foxy /usr/bin/cmake --install /home/mpt/Desktop/assgn2/ros2_ws/build/msgs_package
