/home/mpt/Desktop/assgn2/ros2_ws/install/robot_description/lib/python3.8/site-packages/robot_description/user_input.py
/home/mpt/Desktop/assgn2/ros2_ws/install/robot_description/lib/python3.8/site-packages/robot_description/random_generator_service.py
/home/mpt/Desktop/assgn2/ros2_ws/install/robot_description/lib/python3.8/site-packages/robot_description/user_input (copy).py
/home/mpt/Desktop/assgn2/ros2_ws/install/robot_description/lib/python3.8/site-packages/robot_description/keyboard.py
/home/mpt/Desktop/assgn2/ros2_ws/install/robot_description/lib/python3.8/site-packages/robot_description/__init__.py
/home/mpt/Desktop/assgn2/ros2_ws/install/robot_description/lib/python3.8/site-packages/robot_description/__pycache__/user_input.cpython-38.pyc
/home/mpt/Desktop/assgn2/ros2_ws/install/robot_description/lib/python3.8/site-packages/robot_description/__pycache__/random_generator_service.cpython-38.pyc
/home/mpt/Desktop/assgn2/ros2_ws/install/robot_description/lib/python3.8/site-packages/robot_description/__pycache__/user_input (copy).cpython-38.pyc
/home/mpt/Desktop/assgn2/ros2_ws/install/robot_description/lib/python3.8/site-packages/robot_description/__pycache__/keyboard.cpython-38.pyc
/home/mpt/Desktop/assgn2/ros2_ws/install/robot_description/lib/python3.8/site-packages/robot_description/__pycache__/__init__.cpython-38.pyc
/home/mpt/Desktop/assgn2/ros2_ws/install/robot_description/share/ament_index/resource_index/packages/robot_description
/home/mpt/Desktop/assgn2/ros2_ws/install/robot_description/share/robot_description/package.xml
/home/mpt/Desktop/assgn2/ros2_ws/install/robot_description/lib/python3.8/site-packages/robot_description-0.0.0-py3.8.egg-info/dependency_links.txt
/home/mpt/Desktop/assgn2/ros2_ws/install/robot_description/lib/python3.8/site-packages/robot_description-0.0.0-py3.8.egg-info/top_level.txt
/home/mpt/Desktop/assgn2/ros2_ws/install/robot_description/lib/python3.8/site-packages/robot_description-0.0.0-py3.8.egg-info/SOURCES.txt
/home/mpt/Desktop/assgn2/ros2_ws/install/robot_description/lib/python3.8/site-packages/robot_description-0.0.0-py3.8.egg-info/PKG-INFO
/home/mpt/Desktop/assgn2/ros2_ws/install/robot_description/lib/python3.8/site-packages/robot_description-0.0.0-py3.8.egg-info/entry_points.txt
/home/mpt/Desktop/assgn2/ros2_ws/install/robot_description/lib/python3.8/site-packages/robot_description-0.0.0-py3.8.egg-info/requires.txt
/home/mpt/Desktop/assgn2/ros2_ws/install/robot_description/lib/python3.8/site-packages/robot_description-0.0.0-py3.8.egg-info/zip-safe
/home/mpt/Desktop/assgn2/ros2_ws/install/robot_description/lib/robot_description/keyboard
/home/mpt/Desktop/assgn2/ros2_ws/install/robot_description/lib/robot_description/random_position_generator
/home/mpt/Desktop/assgn2/ros2_ws/install/robot_description/lib/robot_description/user_input
