[0.997s] Invoking command in '/home/mpt/Desktop/assgn2/ros2_ws/src/robot_description': CMAKE_PREFIX_PATH=/home/mpt/Desktop/assgn2/ros2_ws/install/msgs_package:/home/mpt/Desktop/assgn2/ros1_bridge/install/ros1_bridge LD_LIBRARY_PATH=/home/mpt/Desktop/assgn2/ros2_ws/install/msgs_package/lib:/home/mpt/Desktop/assgn2/ros1_bridge/install/ros1_bridge/lib:/usr/lib/x86_64-linux-gnu/gazebo-11/plugins:/opt/ros/foxy/opt/yaml_cpp_vendor/lib:/opt/ros/foxy/opt/rviz_ogre_vendor/lib:/opt/ros/foxy/lib/x86_64-linux-gnu:/opt/ros/foxy/lib PYTHONPATH=/home/mpt/Desktop/assgn2/ros2_ws/install/robot_description/lib/python3.8/site-packages:/home/mpt/Desktop/assgn2/ros2_ws/install/msgs_package/lib/python3.8/site-packages:/home/mpt/Desktop/assgn2/ros1_bridge/install/ros1_bridge/lib/python3.8/site-packages:/home/mpt/Desktop/assgn2/ros2_ws/install/robot_description/lib/python3.8/site-packages:/opt/ros/foxy/lib/python3.8/site-packages /usr/bin/python3 setup.py egg_info --egg-base ../../build/robot_description build --build-base /home/mpt/Desktop/assgn2/ros2_ws/build/robot_description/build install --prefix /home/mpt/Desktop/assgn2/ros2_ws/install/robot_description --record /home/mpt/Desktop/assgn2/ros2_ws/build/robot_description/install.log --single-version-externally-managed
[1.770s] running egg_info
[1.776s] writing ../../build/robot_description/robot_description.egg-info/PKG-INFO
[1.776s] writing dependency_links to ../../build/robot_description/robot_description.egg-info/dependency_links.txt
[1.776s] writing entry points to ../../build/robot_description/robot_description.egg-info/entry_points.txt
[1.776s] writing requirements to ../../build/robot_description/robot_description.egg-info/requires.txt
[1.777s] writing top-level names to ../../build/robot_description/robot_description.egg-info/top_level.txt
[1.857s] reading manifest file '../../build/robot_description/robot_description.egg-info/SOURCES.txt'
[1.860s] writing manifest file '../../build/robot_description/robot_description.egg-info/SOURCES.txt'
[1.860s] running build
[1.861s] running build_py
[1.861s] copying robot_description/keyboard.py -> /home/mpt/Desktop/assgn2/ros2_ws/build/robot_description/build/lib/robot_description
[1.863s] running install
[1.864s] running install_lib
[1.866s] copying /home/mpt/Desktop/assgn2/ros2_ws/build/robot_description/build/lib/robot_description/keyboard.py -> /home/mpt/Desktop/assgn2/ros2_ws/install/robot_description/lib/python3.8/site-packages/robot_description
[1.868s] byte-compiling /home/mpt/Desktop/assgn2/ros2_ws/install/robot_description/lib/python3.8/site-packages/robot_description/keyboard.py to keyboard.cpython-38.pyc
[1.874s] running install_data
[1.879s] running install_egg_info
[1.883s] removing '/home/mpt/Desktop/assgn2/ros2_ws/install/robot_description/lib/python3.8/site-packages/robot_description-0.0.0-py3.8.egg-info' (and everything under it)
[1.886s] Copying ../../build/robot_description/robot_description.egg-info to /home/mpt/Desktop/assgn2/ros2_ws/install/robot_description/lib/python3.8/site-packages/robot_description-0.0.0-py3.8.egg-info
[1.888s] running install_scripts
[1.956s] Installing keyboard script to /home/mpt/Desktop/assgn2/ros2_ws/install/robot_description/lib/robot_description
[1.957s] Installing random_position_generator script to /home/mpt/Desktop/assgn2/ros2_ws/install/robot_description/lib/robot_description
[1.957s] Installing user_input script to /home/mpt/Desktop/assgn2/ros2_ws/install/robot_description/lib/robot_description
[1.958s] writing list of installed files to '/home/mpt/Desktop/assgn2/ros2_ws/build/robot_description/install.log'
[2.028s] Invoked command in '/home/mpt/Desktop/assgn2/ros2_ws/src/robot_description' returned '0': CMAKE_PREFIX_PATH=/home/mpt/Desktop/assgn2/ros2_ws/install/msgs_package:/home/mpt/Desktop/assgn2/ros1_bridge/install/ros1_bridge LD_LIBRARY_PATH=/home/mpt/Desktop/assgn2/ros2_ws/install/msgs_package/lib:/home/mpt/Desktop/assgn2/ros1_bridge/install/ros1_bridge/lib:/usr/lib/x86_64-linux-gnu/gazebo-11/plugins:/opt/ros/foxy/opt/yaml_cpp_vendor/lib:/opt/ros/foxy/opt/rviz_ogre_vendor/lib:/opt/ros/foxy/lib/x86_64-linux-gnu:/opt/ros/foxy/lib PYTHONPATH=/home/mpt/Desktop/assgn2/ros2_ws/install/robot_description/lib/python3.8/site-packages:/home/mpt/Desktop/assgn2/ros2_ws/install/msgs_package/lib/python3.8/site-packages:/home/mpt/Desktop/assgn2/ros1_bridge/install/ros1_bridge/lib/python3.8/site-packages:/home/mpt/Desktop/assgn2/ros2_ws/install/robot_description/lib/python3.8/site-packages:/opt/ros/foxy/lib/python3.8/site-packages /usr/bin/python3 setup.py egg_info --egg-base ../../build/robot_description build --build-base /home/mpt/Desktop/assgn2/ros2_ws/build/robot_description/build install --prefix /home/mpt/Desktop/assgn2/ros2_ws/install/robot_description --record /home/mpt/Desktop/assgn2/ros2_ws/build/robot_description/install.log --single-version-externally-managed
