[0.392s] DEBUG:colcon:Command line arguments: ['/usr/bin/colcon', 'build']
[0.392s] DEBUG:colcon:Parsed command line arguments: Namespace(ament_cmake_args=None, base_paths=['.'], build_base='build', catkin_cmake_args=None, catkin_skip_building_tests=False, cmake_args=None, cmake_clean_cache=False, cmake_clean_first=False, cmake_force_configure=False, cmake_target=None, cmake_target_skip_unavailable=False, continue_on_error=False, event_handlers=None, executor='parallel', ignore_user_meta=False, install_base='install', log_base=None, log_level=None, main=<bound method BuildVerb.main of <colcon_core.verb.build.BuildVerb object at 0x7fda30889fd0>>, merge_install=False, metas=['./colcon.meta'], packages_above=None, packages_above_and_dependencies=None, packages_above_depth=None, packages_end=None, packages_ignore=None, packages_ignore_regex=None, packages_select=None, packages_select_build_failed=False, packages_select_by_dep=None, packages_select_regex=None, packages_select_test_failures=False, packages_skip=None, packages_skip_build_finished=False, packages_skip_by_dep=None, packages_skip_regex=None, packages_skip_test_passed=False, packages_skip_up_to=None, packages_start=None, packages_up_to=None, packages_up_to_regex=None, parallel_workers=4, paths=None, symlink_install=False, test_result_base=None, verb_extension=<colcon_core.verb.build.BuildVerb object at 0x7fda30889fd0>, verb_name='build', verb_parser=<colcon_defaults.argument_parser.defaults.DefaultArgumentsDecorator object at 0x7fda30895520>)
[0.399s] Level 1:colcon.colcon_core.package_discovery:discover_packages(colcon_meta) check parameters
[0.399s] Level 1:colcon.colcon_core.package_discovery:discover_packages(recursive) check parameters
[0.400s] Level 1:colcon.colcon_core.package_discovery:discover_packages(ignore) check parameters
[0.400s] Level 1:colcon.colcon_core.package_discovery:discover_packages(path) check parameters
[0.400s] Level 1:colcon.colcon_core.package_discovery:discover_packages(colcon_meta) discover
[0.400s] Level 1:colcon.colcon_core.package_discovery:discover_packages(recursive) discover
[0.400s] INFO:colcon.colcon_core.package_discovery:Crawling recursively for packages in '/home/mpt/Desktop/assgn2/ros2_ws'
[0.400s] Level 1:colcon.colcon_core.package_identification:_identify(.) by extensions ['ignore', 'ignore_ament_install']
[0.401s] Level 1:colcon.colcon_core.package_identification:_identify(.) by extension 'ignore'
[0.401s] Level 1:colcon.colcon_core.package_identification:_identify(.) by extension 'ignore_ament_install'
[0.401s] Level 1:colcon.colcon_core.package_identification:_identify(.) by extensions ['colcon_pkg']
[0.401s] Level 1:colcon.colcon_core.package_identification:_identify(.) by extension 'colcon_pkg'
[0.401s] Level 1:colcon.colcon_core.package_identification:_identify(.) by extensions ['colcon_meta']
[0.401s] Level 1:colcon.colcon_core.package_identification:_identify(.) by extension 'colcon_meta'
[0.401s] Level 1:colcon.colcon_core.package_identification:_identify(.) by extensions ['ros']
[0.401s] Level 1:colcon.colcon_core.package_identification:_identify(.) by extension 'ros'
[0.422s] Level 1:colcon.colcon_core.package_identification:_identify(.) by extensions ['cmake', 'python']
[0.422s] Level 1:colcon.colcon_core.package_identification:_identify(.) by extension 'cmake'
[0.422s] Level 1:colcon.colcon_core.package_identification:_identify(.) by extension 'python'
[0.423s] Level 1:colcon.colcon_core.package_identification:_identify(.) by extensions ['python_setup_py']
[0.423s] Level 1:colcon.colcon_core.package_identification:_identify(.) by extension 'python_setup_py'
[0.423s] Level 1:colcon.colcon_core.package_identification:_identify(build) by extensions ['ignore', 'ignore_ament_install']
[0.423s] Level 1:colcon.colcon_core.package_identification:_identify(build) by extension 'ignore'
[0.423s] Level 1:colcon.colcon_core.package_identification:_identify(build) ignored
[0.424s] Level 1:colcon.colcon_core.package_identification:_identify(install) by extensions ['ignore', 'ignore_ament_install']
[0.424s] Level 1:colcon.colcon_core.package_identification:_identify(install) by extension 'ignore'
[0.424s] Level 1:colcon.colcon_core.package_identification:_identify(install) ignored
[0.425s] Level 1:colcon.colcon_core.package_identification:_identify(log) by extensions ['ignore', 'ignore_ament_install']
[0.425s] Level 1:colcon.colcon_core.package_identification:_identify(log) by extension 'ignore'
[0.425s] Level 1:colcon.colcon_core.package_identification:_identify(log) ignored
[0.425s] Level 1:colcon.colcon_core.package_identification:_identify(src) by extensions ['ignore', 'ignore_ament_install']
[0.425s] Level 1:colcon.colcon_core.package_identification:_identify(src) by extension 'ignore'
[0.425s] Level 1:colcon.colcon_core.package_identification:_identify(src) by extension 'ignore_ament_install'
[0.425s] Level 1:colcon.colcon_core.package_identification:_identify(src) by extensions ['colcon_pkg']
[0.425s] Level 1:colcon.colcon_core.package_identification:_identify(src) by extension 'colcon_pkg'
[0.426s] Level 1:colcon.colcon_core.package_identification:_identify(src) by extensions ['colcon_meta']
[0.426s] Level 1:colcon.colcon_core.package_identification:_identify(src) by extension 'colcon_meta'
[0.426s] Level 1:colcon.colcon_core.package_identification:_identify(src) by extensions ['ros']
[0.426s] Level 1:colcon.colcon_core.package_identification:_identify(src) by extension 'ros'
[0.426s] Level 1:colcon.colcon_core.package_identification:_identify(src) by extensions ['cmake', 'python']
[0.426s] Level 1:colcon.colcon_core.package_identification:_identify(src) by extension 'cmake'
[0.426s] Level 1:colcon.colcon_core.package_identification:_identify(src) by extension 'python'
[0.426s] Level 1:colcon.colcon_core.package_identification:_identify(src) by extensions ['python_setup_py']
[0.426s] Level 1:colcon.colcon_core.package_identification:_identify(src) by extension 'python_setup_py'
[0.427s] Level 1:colcon.colcon_core.package_identification:_identify(src/msgs_package) by extensions ['ignore', 'ignore_ament_install']
[0.427s] Level 1:colcon.colcon_core.package_identification:_identify(src/msgs_package) by extension 'ignore'
[0.427s] Level 1:colcon.colcon_core.package_identification:_identify(src/msgs_package) by extension 'ignore_ament_install'
[0.427s] Level 1:colcon.colcon_core.package_identification:_identify(src/msgs_package) by extensions ['colcon_pkg']
[0.427s] Level 1:colcon.colcon_core.package_identification:_identify(src/msgs_package) by extension 'colcon_pkg'
[0.427s] Level 1:colcon.colcon_core.package_identification:_identify(src/msgs_package) by extensions ['colcon_meta']
[0.427s] Level 1:colcon.colcon_core.package_identification:_identify(src/msgs_package) by extension 'colcon_meta'
[0.427s] Level 1:colcon.colcon_core.package_identification:_identify(src/msgs_package) by extensions ['ros']
[0.427s] Level 1:colcon.colcon_core.package_identification:_identify(src/msgs_package) by extension 'ros'
[0.432s] DEBUG:colcon.colcon_core.package_identification:Package 'src/msgs_package' with type 'ros.ament_cmake' and name 'msgs_package'
[0.432s] Level 1:colcon.colcon_core.package_identification:_identify(src/robot_description) by extensions ['ignore', 'ignore_ament_install']
[0.433s] Level 1:colcon.colcon_core.package_identification:_identify(src/robot_description) by extension 'ignore'
[0.433s] Level 1:colcon.colcon_core.package_identification:_identify(src/robot_description) by extension 'ignore_ament_install'
[0.433s] Level 1:colcon.colcon_core.package_identification:_identify(src/robot_description) by extensions ['colcon_pkg']
[0.433s] Level 1:colcon.colcon_core.package_identification:_identify(src/robot_description) by extension 'colcon_pkg'
[0.433s] Level 1:colcon.colcon_core.package_identification:_identify(src/robot_description) by extensions ['colcon_meta']
[0.433s] Level 1:colcon.colcon_core.package_identification:_identify(src/robot_description) by extension 'colcon_meta'
[0.433s] Level 1:colcon.colcon_core.package_identification:_identify(src/robot_description) by extensions ['ros']
[0.433s] Level 1:colcon.colcon_core.package_identification:_identify(src/robot_description) by extension 'ros'
[0.435s] DEBUG:colcon.colcon_core.package_identification:Package 'src/robot_description' with type 'ros.ament_python' and name 'robot_description'
[0.435s] Level 1:colcon.colcon_core.package_discovery:discover_packages(recursive) using defaults
[0.435s] Level 1:colcon.colcon_core.package_discovery:discover_packages(ignore) discover
[0.435s] Level 1:colcon.colcon_core.package_discovery:discover_packages(ignore) using defaults
[0.435s] Level 1:colcon.colcon_core.package_discovery:discover_packages(path) discover
[0.435s] Level 1:colcon.colcon_core.package_discovery:discover_packages(path) using defaults
[0.475s] Level 5:colcon.colcon_core.verb:set package 'msgs_package' build argument 'cmake_args' from command line to 'None'
[0.475s] Level 5:colcon.colcon_core.verb:set package 'msgs_package' build argument 'cmake_target' from command line to 'None'
[0.475s] Level 5:colcon.colcon_core.verb:set package 'msgs_package' build argument 'cmake_target_skip_unavailable' from command line to 'False'
[0.475s] Level 5:colcon.colcon_core.verb:set package 'msgs_package' build argument 'cmake_clean_cache' from command line to 'False'
[0.476s] Level 5:colcon.colcon_core.verb:set package 'msgs_package' build argument 'cmake_clean_first' from command line to 'False'
[0.476s] Level 5:colcon.colcon_core.verb:set package 'msgs_package' build argument 'cmake_force_configure' from command line to 'False'
[0.476s] Level 5:colcon.colcon_core.verb:set package 'msgs_package' build argument 'ament_cmake_args' from command line to 'None'
[0.476s] Level 5:colcon.colcon_core.verb:set package 'msgs_package' build argument 'catkin_cmake_args' from command line to 'None'
[0.476s] Level 5:colcon.colcon_core.verb:set package 'msgs_package' build argument 'catkin_skip_building_tests' from command line to 'False'
[0.476s] DEBUG:colcon.colcon_core.verb:Building package 'msgs_package' with the following arguments: {'ament_cmake_args': None, 'build_base': '/home/mpt/Desktop/assgn2/ros2_ws/build/msgs_package', 'catkin_cmake_args': None, 'catkin_skip_building_tests': False, 'cmake_args': None, 'cmake_clean_cache': False, 'cmake_clean_first': False, 'cmake_force_configure': False, 'cmake_target': None, 'cmake_target_skip_unavailable': False, 'install_base': '/home/mpt/Desktop/assgn2/ros2_ws/install/msgs_package', 'merge_install': False, 'path': '/home/mpt/Desktop/assgn2/ros2_ws/src/msgs_package', 'symlink_install': False, 'test_result_base': None}
[0.480s] Level 5:colcon.colcon_core.verb:set package 'robot_description' build argument 'cmake_args' from command line to 'None'
[0.480s] Level 5:colcon.colcon_core.verb:set package 'robot_description' build argument 'cmake_target' from command line to 'None'
[0.480s] Level 5:colcon.colcon_core.verb:set package 'robot_description' build argument 'cmake_target_skip_unavailable' from command line to 'False'
[0.480s] Level 5:colcon.colcon_core.verb:set package 'robot_description' build argument 'cmake_clean_cache' from command line to 'False'
[0.480s] Level 5:colcon.colcon_core.verb:set package 'robot_description' build argument 'cmake_clean_first' from command line to 'False'
[0.481s] Level 5:colcon.colcon_core.verb:set package 'robot_description' build argument 'cmake_force_configure' from command line to 'False'
[0.481s] Level 5:colcon.colcon_core.verb:set package 'robot_description' build argument 'ament_cmake_args' from command line to 'None'
[0.481s] Level 5:colcon.colcon_core.verb:set package 'robot_description' build argument 'catkin_cmake_args' from command line to 'None'
[0.481s] Level 5:colcon.colcon_core.verb:set package 'robot_description' build argument 'catkin_skip_building_tests' from command line to 'False'
[0.481s] DEBUG:colcon.colcon_core.verb:Building package 'robot_description' with the following arguments: {'ament_cmake_args': None, 'build_base': '/home/mpt/Desktop/assgn2/ros2_ws/build/robot_description', 'catkin_cmake_args': None, 'catkin_skip_building_tests': False, 'cmake_args': None, 'cmake_clean_cache': False, 'cmake_clean_first': False, 'cmake_force_configure': False, 'cmake_target': None, 'cmake_target_skip_unavailable': False, 'install_base': '/home/mpt/Desktop/assgn2/ros2_ws/install/robot_description', 'merge_install': False, 'path': '/home/mpt/Desktop/assgn2/ros2_ws/src/robot_description', 'symlink_install': False, 'test_result_base': None}
[0.481s] INFO:colcon.colcon_core.executor:Executing jobs using 'parallel' executor
[0.485s] DEBUG:colcon.colcon_parallel_executor.executor.parallel:run_until_complete
[0.485s] INFO:colcon.colcon_ros.task.ament_cmake.build:Building ROS package in '/home/mpt/Desktop/assgn2/ros2_ws/src/msgs_package' with build type 'ament_cmake'
[0.485s] INFO:colcon.colcon_cmake.task.cmake.build:Building CMake package in '/home/mpt/Desktop/assgn2/ros2_ws/src/msgs_package'
[0.491s] INFO:colcon.colcon_core.plugin_system:Skipping extension 'colcon_core.shell.bat': Not used on non-Windows systems
[0.491s] INFO:colcon.colcon_core.shell:Skip shell extension 'powershell' for command environment: Not usable outside of PowerShell
[0.491s] DEBUG:colcon.colcon_core.shell:Skip shell extension 'dsv' for command environment
[0.495s] DEBUG:colcon.colcon_core.shell:Ignoring prefix path '/opt/ros/foxy'
[0.529s] DEBUG:colcon.colcon_core.event_handler.log_command:Invoking command in '/home/mpt/Desktop/assgn2/ros2_ws/build/msgs_package': CMAKE_PREFIX_PATH=${CMAKE_PREFIX_PATH}:/home/mpt/Desktop/assgn2/ros2_ws/install/robot_description:/opt/ros/foxy /usr/bin/cmake --build /home/mpt/Desktop/assgn2/ros2_ws/build/msgs_package -- -j4 -l4
[0.900s] DEBUG:colcon.colcon_core.event_handler.log_command:Invoked command in '/home/mpt/Desktop/assgn2/ros2_ws/build/msgs_package' returned '0': CMAKE_PREFIX_PATH=${CMAKE_PREFIX_PATH}:/home/mpt/Desktop/assgn2/ros2_ws/install/robot_description:/opt/ros/foxy /usr/bin/cmake --build /home/mpt/Desktop/assgn2/ros2_ws/build/msgs_package -- -j4 -l4
[1.025s] DEBUG:colcon.colcon_core.event_handler.log_command:Invoking command in '/home/mpt/Desktop/assgn2/ros2_ws/build/msgs_package': CMAKE_PREFIX_PATH=${CMAKE_PREFIX_PATH}:/home/mpt/Desktop/assgn2/ros2_ws/install/robot_description:/opt/ros/foxy /usr/bin/cmake --install /home/mpt/Desktop/assgn2/ros2_ws/build/msgs_package
[1.124s] Level 1:colcon.colcon_core.environment:create_environment_scripts_only(msgs_package)
[1.129s] DEBUG:colcon.colcon_core.event_handler.log_command:Invoked command in '/home/mpt/Desktop/assgn2/ros2_ws/build/msgs_package' returned '0': CMAKE_PREFIX_PATH=${CMAKE_PREFIX_PATH}:/home/mpt/Desktop/assgn2/ros2_ws/install/robot_description:/opt/ros/foxy /usr/bin/cmake --install /home/mpt/Desktop/assgn2/ros2_ws/build/msgs_package
[1.131s] Level 1:colcon.colcon_core.environment:checking '/home/mpt/Desktop/assgn2/ros2_ws/install/msgs_package' for CMake module files
[1.132s] Level 1:colcon.colcon_core.environment:checking '/home/mpt/Desktop/assgn2/ros2_ws/install/msgs_package' for CMake config files
[1.132s] Level 1:colcon.colcon_core.shell:create_environment_hook('msgs_package', 'cmake_prefix_path')
[1.133s] INFO:colcon.colcon_core.shell:Creating environment hook '/home/mpt/Desktop/assgn2/ros2_ws/install/msgs_package/share/msgs_package/hook/cmake_prefix_path.ps1'
[1.134s] INFO:colcon.colcon_core.shell:Creating environment descriptor '/home/mpt/Desktop/assgn2/ros2_ws/install/msgs_package/share/msgs_package/hook/cmake_prefix_path.dsv'
[1.135s] INFO:colcon.colcon_core.shell:Creating environment hook '/home/mpt/Desktop/assgn2/ros2_ws/install/msgs_package/share/msgs_package/hook/cmake_prefix_path.sh'
[1.137s] Level 1:colcon.colcon_core.environment:checking '/home/mpt/Desktop/assgn2/ros2_ws/install/msgs_package/lib'
[1.137s] Level 1:colcon.colcon_core.shell:create_environment_hook('msgs_package', 'ld_library_path_lib')
[1.137s] INFO:colcon.colcon_core.shell:Creating environment hook '/home/mpt/Desktop/assgn2/ros2_ws/install/msgs_package/share/msgs_package/hook/ld_library_path_lib.ps1'
[1.138s] INFO:colcon.colcon_core.shell:Creating environment descriptor '/home/mpt/Desktop/assgn2/ros2_ws/install/msgs_package/share/msgs_package/hook/ld_library_path_lib.dsv'
[1.139s] INFO:colcon.colcon_core.shell:Creating environment hook '/home/mpt/Desktop/assgn2/ros2_ws/install/msgs_package/share/msgs_package/hook/ld_library_path_lib.sh'
[1.139s] Level 1:colcon.colcon_core.environment:checking '/home/mpt/Desktop/assgn2/ros2_ws/install/msgs_package/bin'
[1.139s] Level 1:colcon.colcon_core.environment:checking '/home/mpt/Desktop/assgn2/ros2_ws/install/msgs_package/lib/pkgconfig/msgs_package.pc'
[1.140s] Level 1:colcon.colcon_core.environment:checking '/home/mpt/Desktop/assgn2/ros2_ws/install/msgs_package/lib/python3.8/site-packages'
[1.140s] Level 1:colcon.colcon_core.shell:create_environment_hook('msgs_package', 'pythonpath')
[1.141s] INFO:colcon.colcon_core.shell:Creating environment hook '/home/mpt/Desktop/assgn2/ros2_ws/install/msgs_package/share/msgs_package/hook/pythonpath.ps1'
[1.141s] INFO:colcon.colcon_core.shell:Creating environment descriptor '/home/mpt/Desktop/assgn2/ros2_ws/install/msgs_package/share/msgs_package/hook/pythonpath.dsv'
[1.142s] INFO:colcon.colcon_core.shell:Creating environment hook '/home/mpt/Desktop/assgn2/ros2_ws/install/msgs_package/share/msgs_package/hook/pythonpath.sh'
[1.144s] INFO:colcon.colcon_core.shell:Creating package script '/home/mpt/Desktop/assgn2/ros2_ws/install/msgs_package/share/msgs_package/package.ps1'
[1.145s] INFO:colcon.colcon_core.shell:Creating package descriptor '/home/mpt/Desktop/assgn2/ros2_ws/install/msgs_package/share/msgs_package/package.dsv'
[1.148s] INFO:colcon.colcon_core.shell:Creating package script '/home/mpt/Desktop/assgn2/ros2_ws/install/msgs_package/share/msgs_package/package.sh'
[1.150s] INFO:colcon.colcon_core.shell:Creating package script '/home/mpt/Desktop/assgn2/ros2_ws/install/msgs_package/share/msgs_package/package.bash'
[1.151s] INFO:colcon.colcon_core.shell:Creating package script '/home/mpt/Desktop/assgn2/ros2_ws/install/msgs_package/share/msgs_package/package.zsh'
[1.153s] Level 1:colcon.colcon_core.environment:create_file_with_runtime_dependencies(/home/mpt/Desktop/assgn2/ros2_ws/install/msgs_package/share/colcon-core/packages/msgs_package)
[1.243s] Level 1:colcon.colcon_core.environment:create_environment_scripts_only(msgs_package)
[1.244s] Level 1:colcon.colcon_core.environment:checking '/home/mpt/Desktop/assgn2/ros2_ws/install/msgs_package' for CMake module files
[1.245s] Level 1:colcon.colcon_core.environment:checking '/home/mpt/Desktop/assgn2/ros2_ws/install/msgs_package' for CMake config files
[1.245s] Level 1:colcon.colcon_core.shell:create_environment_hook('msgs_package', 'cmake_prefix_path')
[1.246s] INFO:colcon.colcon_core.shell:Creating environment hook '/home/mpt/Desktop/assgn2/ros2_ws/install/msgs_package/share/msgs_package/hook/cmake_prefix_path.ps1'
[1.246s] INFO:colcon.colcon_core.shell:Creating environment descriptor '/home/mpt/Desktop/assgn2/ros2_ws/install/msgs_package/share/msgs_package/hook/cmake_prefix_path.dsv'
[1.247s] INFO:colcon.colcon_core.shell:Creating environment hook '/home/mpt/Desktop/assgn2/ros2_ws/install/msgs_package/share/msgs_package/hook/cmake_prefix_path.sh'
[1.247s] Level 1:colcon.colcon_core.environment:checking '/home/mpt/Desktop/assgn2/ros2_ws/install/msgs_package/lib'
[1.247s] Level 1:colcon.colcon_core.shell:create_environment_hook('msgs_package', 'ld_library_path_lib')
[1.248s] INFO:colcon.colcon_core.shell:Creating environment hook '/home/mpt/Desktop/assgn2/ros2_ws/install/msgs_package/share/msgs_package/hook/ld_library_path_lib.ps1'
[1.248s] INFO:colcon.colcon_core.shell:Creating environment descriptor '/home/mpt/Desktop/assgn2/ros2_ws/install/msgs_package/share/msgs_package/hook/ld_library_path_lib.dsv'
[1.249s] INFO:colcon.colcon_core.shell:Creating environment hook '/home/mpt/Desktop/assgn2/ros2_ws/install/msgs_package/share/msgs_package/hook/ld_library_path_lib.sh'
[1.249s] Level 1:colcon.colcon_core.environment:checking '/home/mpt/Desktop/assgn2/ros2_ws/install/msgs_package/bin'
[1.249s] Level 1:colcon.colcon_core.environment:checking '/home/mpt/Desktop/assgn2/ros2_ws/install/msgs_package/lib/pkgconfig/msgs_package.pc'
[1.249s] Level 1:colcon.colcon_core.environment:checking '/home/mpt/Desktop/assgn2/ros2_ws/install/msgs_package/lib/python3.8/site-packages'
[1.249s] Level 1:colcon.colcon_core.shell:create_environment_hook('msgs_package', 'pythonpath')
[1.250s] INFO:colcon.colcon_core.shell:Creating environment hook '/home/mpt/Desktop/assgn2/ros2_ws/install/msgs_package/share/msgs_package/hook/pythonpath.ps1'
[1.251s] INFO:colcon.colcon_core.shell:Creating environment descriptor '/home/mpt/Desktop/assgn2/ros2_ws/install/msgs_package/share/msgs_package/hook/pythonpath.dsv'
[1.251s] INFO:colcon.colcon_core.shell:Creating environment hook '/home/mpt/Desktop/assgn2/ros2_ws/install/msgs_package/share/msgs_package/hook/pythonpath.sh'
[1.252s] INFO:colcon.colcon_core.shell:Creating package script '/home/mpt/Desktop/assgn2/ros2_ws/install/msgs_package/share/msgs_package/package.ps1'
[1.253s] INFO:colcon.colcon_core.shell:Creating package descriptor '/home/mpt/Desktop/assgn2/ros2_ws/install/msgs_package/share/msgs_package/package.dsv'
[1.253s] INFO:colcon.colcon_core.shell:Creating package script '/home/mpt/Desktop/assgn2/ros2_ws/install/msgs_package/share/msgs_package/package.sh'
[1.254s] INFO:colcon.colcon_core.shell:Creating package script '/home/mpt/Desktop/assgn2/ros2_ws/install/msgs_package/share/msgs_package/package.bash'
[1.254s] INFO:colcon.colcon_core.shell:Creating package script '/home/mpt/Desktop/assgn2/ros2_ws/install/msgs_package/share/msgs_package/package.zsh'
[1.255s] Level 1:colcon.colcon_core.environment:create_file_with_runtime_dependencies(/home/mpt/Desktop/assgn2/ros2_ws/install/msgs_package/share/colcon-core/packages/msgs_package)
[1.255s] INFO:colcon.colcon_ros.task.ament_python.build:Building ROS package in '/home/mpt/Desktop/assgn2/ros2_ws/src/robot_description' with build type 'ament_python'
[1.255s] Level 1:colcon.colcon_core.shell:create_environment_hook('robot_description', 'ament_prefix_path')
[1.256s] INFO:colcon.colcon_core.shell:Creating environment hook '/home/mpt/Desktop/assgn2/ros2_ws/install/robot_description/share/robot_description/hook/ament_prefix_path.ps1'
[1.257s] INFO:colcon.colcon_core.shell:Creating environment descriptor '/home/mpt/Desktop/assgn2/ros2_ws/install/robot_description/share/robot_description/hook/ament_prefix_path.dsv'
[1.257s] INFO:colcon.colcon_core.shell:Creating environment hook '/home/mpt/Desktop/assgn2/ros2_ws/install/robot_description/share/robot_description/hook/ament_prefix_path.sh'
[1.258s] INFO:colcon.colcon_core.shell:Skip shell extension 'powershell' for command environment: Not usable outside of PowerShell
[1.259s] DEBUG:colcon.colcon_core.shell:Skip shell extension 'dsv' for command environment
[1.260s] DEBUG:colcon.colcon_core.shell:Ignoring prefix path '/opt/ros/foxy'
[1.663s] INFO:colcon.colcon_core.task.python.build:Building Python package in '/home/mpt/Desktop/assgn2/ros2_ws/src/robot_description'
[1.664s] INFO:colcon.colcon_core.shell:Skip shell extension 'powershell' for command environment: Not usable outside of PowerShell
[1.664s] DEBUG:colcon.colcon_core.shell:Skip shell extension 'dsv' for command environment
[1.666s] DEBUG:colcon.colcon_core.shell:Ignoring prefix path '/opt/ros/foxy'
[1.677s] DEBUG:colcon.colcon_core.event_handler.log_command:Invoking command in '/home/mpt/Desktop/assgn2/ros2_ws/src/robot_description': CMAKE_PREFIX_PATH=/home/mpt/Desktop/assgn2/ros2_ws/install/msgs_package:/home/mpt/Desktop/assgn2/ros1_bridge/install/ros1_bridge LD_LIBRARY_PATH=/home/mpt/Desktop/assgn2/ros2_ws/install/msgs_package/lib:/home/mpt/Desktop/assgn2/ros1_bridge/install/ros1_bridge/lib:/usr/lib/x86_64-linux-gnu/gazebo-11/plugins:/opt/ros/foxy/opt/yaml_cpp_vendor/lib:/opt/ros/foxy/opt/rviz_ogre_vendor/lib:/opt/ros/foxy/lib/x86_64-linux-gnu:/opt/ros/foxy/lib PYTHONPATH=/home/mpt/Desktop/assgn2/ros2_ws/install/robot_description/lib/python3.8/site-packages:/home/mpt/Desktop/assgn2/ros2_ws/install/msgs_package/lib/python3.8/site-packages:/home/mpt/Desktop/assgn2/ros1_bridge/install/ros1_bridge/lib/python3.8/site-packages:/home/mpt/Desktop/assgn2/ros2_ws/install/robot_description/lib/python3.8/site-packages:/opt/ros/foxy/lib/python3.8/site-packages /usr/bin/python3 setup.py egg_info --egg-base ../../build/robot_description build --build-base /home/mpt/Desktop/assgn2/ros2_ws/build/robot_description/build install --prefix /home/mpt/Desktop/assgn2/ros2_ws/install/robot_description --record /home/mpt/Desktop/assgn2/ros2_ws/build/robot_description/install.log --single-version-externally-managed
[2.029s] Level 1:colcon.colcon_core.environment:checking '/home/mpt/Desktop/assgn2/ros2_ws/install/robot_description' for CMake module files
[2.030s] DEBUG:colcon.colcon_core.event_handler.log_command:Invoked command in '/home/mpt/Desktop/assgn2/ros2_ws/src/robot_description' returned '0': CMAKE_PREFIX_PATH=/home/mpt/Desktop/assgn2/ros2_ws/install/msgs_package:/home/mpt/Desktop/assgn2/ros1_bridge/install/ros1_bridge LD_LIBRARY_PATH=/home/mpt/Desktop/assgn2/ros2_ws/install/msgs_package/lib:/home/mpt/Desktop/assgn2/ros1_bridge/install/ros1_bridge/lib:/usr/lib/x86_64-linux-gnu/gazebo-11/plugins:/opt/ros/foxy/opt/yaml_cpp_vendor/lib:/opt/ros/foxy/opt/rviz_ogre_vendor/lib:/opt/ros/foxy/lib/x86_64-linux-gnu:/opt/ros/foxy/lib PYTHONPATH=/home/mpt/Desktop/assgn2/ros2_ws/install/robot_description/lib/python3.8/site-packages:/home/mpt/Desktop/assgn2/ros2_ws/install/msgs_package/lib/python3.8/site-packages:/home/mpt/Desktop/assgn2/ros1_bridge/install/ros1_bridge/lib/python3.8/site-packages:/home/mpt/Desktop/assgn2/ros2_ws/install/robot_description/lib/python3.8/site-packages:/opt/ros/foxy/lib/python3.8/site-packages /usr/bin/python3 setup.py egg_info --egg-base ../../build/robot_description build --build-base /home/mpt/Desktop/assgn2/ros2_ws/build/robot_description/build install --prefix /home/mpt/Desktop/assgn2/ros2_ws/install/robot_description --record /home/mpt/Desktop/assgn2/ros2_ws/build/robot_description/install.log --single-version-externally-managed
[2.031s] Level 1:colcon.colcon_core.environment:checking '/home/mpt/Desktop/assgn2/ros2_ws/install/robot_description' for CMake config files
[2.032s] Level 1:colcon.colcon_core.environment:checking '/home/mpt/Desktop/assgn2/ros2_ws/install/robot_description/lib'
[2.032s] Level 1:colcon.colcon_core.environment:checking '/home/mpt/Desktop/assgn2/ros2_ws/install/robot_description/bin'
[2.032s] Level 1:colcon.colcon_core.environment:checking '/home/mpt/Desktop/assgn2/ros2_ws/install/robot_description/lib/pkgconfig/robot_description.pc'
[2.032s] Level 1:colcon.colcon_core.environment:checking '/home/mpt/Desktop/assgn2/ros2_ws/install/robot_description/lib/python3.8/site-packages'
[2.032s] Level 1:colcon.colcon_core.shell:create_environment_hook('robot_description', 'pythonpath')
[2.033s] INFO:colcon.colcon_core.shell:Creating environment hook '/home/mpt/Desktop/assgn2/ros2_ws/install/robot_description/share/robot_description/hook/pythonpath.ps1'
[2.034s] INFO:colcon.colcon_core.shell:Creating environment descriptor '/home/mpt/Desktop/assgn2/ros2_ws/install/robot_description/share/robot_description/hook/pythonpath.dsv'
[2.035s] INFO:colcon.colcon_core.shell:Creating environment hook '/home/mpt/Desktop/assgn2/ros2_ws/install/robot_description/share/robot_description/hook/pythonpath.sh'
[2.036s] Level 1:colcon.colcon_core.environment:create_environment_scripts_only(robot_description)
[2.037s] INFO:colcon.colcon_core.shell:Creating package script '/home/mpt/Desktop/assgn2/ros2_ws/install/robot_description/share/robot_description/package.ps1'
[2.038s] INFO:colcon.colcon_core.shell:Creating package descriptor '/home/mpt/Desktop/assgn2/ros2_ws/install/robot_description/share/robot_description/package.dsv'
[2.039s] INFO:colcon.colcon_core.shell:Creating package script '/home/mpt/Desktop/assgn2/ros2_ws/install/robot_description/share/robot_description/package.sh'
[2.040s] INFO:colcon.colcon_core.shell:Creating package script '/home/mpt/Desktop/assgn2/ros2_ws/install/robot_description/share/robot_description/package.bash'
[2.041s] INFO:colcon.colcon_core.shell:Creating package script '/home/mpt/Desktop/assgn2/ros2_ws/install/robot_description/share/robot_description/package.zsh'
[2.042s] Level 1:colcon.colcon_core.environment:create_file_with_runtime_dependencies(/home/mpt/Desktop/assgn2/ros2_ws/install/robot_description/share/colcon-core/packages/robot_description)
[2.042s] DEBUG:colcon.colcon_parallel_executor.executor.parallel:closing loop
[2.043s] DEBUG:colcon.colcon_parallel_executor.executor.parallel:loop closed
[2.043s] DEBUG:colcon.colcon_parallel_executor.executor.parallel:run_until_complete finished with '0'
[2.043s] DEBUG:colcon.colcon_core.event_reactor:joining thread
[2.056s] INFO:colcon.colcon_core.plugin_system:Skipping extension 'colcon_notification.desktop_notification.terminal_notifier': Not used on non-Darwin systems
[2.056s] INFO:colcon.colcon_core.plugin_system:Skipping extension 'colcon_notification.desktop_notification.win32': Not used on non-Windows systems
[2.056s] INFO:colcon.colcon_notification.desktop_notification:Sending desktop notification using 'notify2'
[2.083s] DEBUG:colcon.colcon_core.event_reactor:joined thread
[2.084s] INFO:colcon.colcon_core.shell:Creating prefix script '/home/mpt/Desktop/assgn2/ros2_ws/install/local_setup.ps1'
[2.086s] INFO:colcon.colcon_core.shell:Creating prefix util module '/home/mpt/Desktop/assgn2/ros2_ws/install/_local_setup_util_ps1.py'
[2.088s] INFO:colcon.colcon_core.shell:Creating prefix chain script '/home/mpt/Desktop/assgn2/ros2_ws/install/setup.ps1'
[2.093s] INFO:colcon.colcon_core.shell:Creating prefix script '/home/mpt/Desktop/assgn2/ros2_ws/install/local_setup.sh'
[2.094s] INFO:colcon.colcon_core.shell:Creating prefix util module '/home/mpt/Desktop/assgn2/ros2_ws/install/_local_setup_util_sh.py'
[2.094s] INFO:colcon.colcon_core.shell:Creating prefix chain script '/home/mpt/Desktop/assgn2/ros2_ws/install/setup.sh'
[2.097s] INFO:colcon.colcon_core.shell:Creating prefix script '/home/mpt/Desktop/assgn2/ros2_ws/install/local_setup.bash'
[2.099s] INFO:colcon.colcon_core.shell:Creating prefix chain script '/home/mpt/Desktop/assgn2/ros2_ws/install/setup.bash'
[2.107s] INFO:colcon.colcon_core.shell:Creating prefix script '/home/mpt/Desktop/assgn2/ros2_ws/install/local_setup.zsh'
[2.108s] INFO:colcon.colcon_core.shell:Creating prefix chain script '/home/mpt/Desktop/assgn2/ros2_ws/install/setup.zsh'
