[0.015s] Invoking command in '/home/mpt/Desktop/assgn2/ros2_ws/build/msgs_package': CMAKE_PREFIX_PATH=/opt/ros/foxy /usr/bin/cmake /home/mpt/Desktop/assgn2/ros2_ws/src/msgs_package -DCMAKE_INSTALL_PREFIX=/home/mpt/Desktop/assgn2/ros2_ws/install/msgs_package
[0.123s] -- The C compiler identification is GNU 9.3.0
[0.201s] -- The CXX compiler identification is GNU 9.3.0
[0.207s] -- Check for working C compiler: /usr/bin/cc
[0.301s] -- Check for working C compiler: /usr/bin/cc -- works
[0.302s] -- Detecting C compiler ABI info
[0.389s] -- Detecting C compiler ABI info - done
[0.403s] -- Detecting C compile features
[0.403s] -- Detecting C compile features - done
[0.406s] -- Check for working CXX compiler: /usr/bin/c++
[0.506s] -- Check for working CXX compiler: /usr/bin/c++ -- works
[0.507s] -- Detecting CXX compiler ABI info
[0.602s] -- Detecting CXX compiler ABI info - done
[0.615s] -- Detecting CXX compile features
[0.616s] -- Detecting CXX compile features - done
[0.619s] -- Found ament_cmake: 0.9.8 (/opt/ros/foxy/share/ament_cmake/cmake)
[0.649s] -- Found PythonInterp: /usr/bin/python3 (found suitable version "3.8.5", minimum required is "3") 
[0.650s] -- Using PYTHON_EXECUTABLE: /usr/bin/python3
[0.914s] -- Found rosidl_default_generators: 1.0.1 (/opt/ros/foxy/share/rosidl_default_generators/cmake)
[0.917s] -- Using all available rosidl_typesupport_c: rosidl_typesupport_fastrtps_c;rosidl_typesupport_introspection_c
[0.925s] -- Found rosidl_adapter: 1.2.1 (/opt/ros/foxy/share/rosidl_adapter/cmake)
[1.038s] -- Found OpenSSL: /usr/lib/x86_64-linux-gnu/libcrypto.so (found version "1.1.1f")  
[1.072s] -- Found FastRTPS: /opt/ros/foxy/include  
[1.164s] -- Using all available rosidl_typesupport_cpp: rosidl_typesupport_fastrtps_cpp;rosidl_typesupport_introspection_cpp
[1.226s] -- Found PythonInterp: /usr/bin/python3 (found version "3.8.5") 
[1.396s] -- Found ament_cmake_ros: 0.9.1 (/opt/ros/foxy/share/ament_cmake_ros/cmake)
[1.522s] -- Using all available rosidl_typesupport_c: rosidl_typesupport_fastrtps_c;rosidl_typesupport_introspection_c
[1.530s] -- Using all available rosidl_typesupport_cpp: rosidl_typesupport_fastrtps_cpp;rosidl_typesupport_introspection_cpp
[1.558s] -- Found PythonInterp: /usr/bin/python3 (found suitable version "3.8.5", minimum required is "3.5") 
[1.560s] -- Found python_cmake_module: 0.8.1 (/opt/ros/foxy/share/python_cmake_module/cmake)
[1.591s] -- Found PythonLibs: /usr/lib/x86_64-linux-gnu/libpython3.8.so (found suitable version "3.8.5", minimum required is "3.5") 
[1.591s] -- Using PYTHON_EXECUTABLE: /usr/bin/python3
[1.592s] -- Using PYTHON_INCLUDE_DIRS: /usr/include/python3.8
[1.592s] -- Using PYTHON_LIBRARIES: /usr/lib/x86_64-linux-gnu/libpython3.8.so
[1.621s] -- Found PythonExtra: .so  
[1.673s] -- Found ament_lint_auto: 0.9.6 (/opt/ros/foxy/share/ament_lint_auto/cmake)
[1.695s] -- Added test 'copyright' to check source files copyright and LICENSE
[1.698s] -- Added test 'lint_cmake' to check CMake code style
[1.699s] -- Added test 'xmllint' to check XML markup files
[1.705s] -- Configuring done
[1.746s] -- Generating done
[1.749s] -- Build files have been written to: /home/mpt/Desktop/assgn2/ros2_ws/build/msgs_package
[1.760s] Invoked command in '/home/mpt/Desktop/assgn2/ros2_ws/build/msgs_package' returned '0': CMAKE_PREFIX_PATH=/opt/ros/foxy /usr/bin/cmake /home/mpt/Desktop/assgn2/ros2_ws/src/msgs_package -DCMAKE_INSTALL_PREFIX=/home/mpt/Desktop/assgn2/ros2_ws/install/msgs_package
[1.765s] Invoking command in '/home/mpt/Desktop/assgn2/ros2_ws/build/msgs_package': CMAKE_PREFIX_PATH=/opt/ros/foxy /usr/bin/cmake --build /home/mpt/Desktop/assgn2/ros2_ws/build/msgs_package -- -j4 -l4
[1.818s] [  2%] [34m[1mGenerating C code for ROS interfaces[0m
[1.818s] [35m[1mScanning dependencies of target msgs_package__cpp[0m
[1.835s] [  5%] [34m[1mGenerating C++ code for ROS interfaces[0m
[2.377s] [  5%] Built target msgs_package__cpp
[2.416s] [  7%] [34m[1mGenerating C++ introspection for ROS interfaces[0m
[2.422s] [ 10%] [34m[1mGenerating C++ type support dispatch for ROS interfaces[0m
[2.438s] [35m[1mScanning dependencies of target msgs_package__rosidl_generator_c[0m
[2.460s] [ 12%] [34m[1mGenerating C++ type support for eProsima Fast-RTPS[0m
[2.494s] [ 15%] [32mBuilding C object CMakeFiles/msgs_package__rosidl_generator_c.dir/rosidl_generator_c/msgs_package/srv/detail/random_position__functions.c.o[0m
[2.604s] [ 17%] [32mBuilding C object CMakeFiles/msgs_package__rosidl_generator_c.dir/rosidl_generator_c/msgs_package/srv/detail/bug_service__functions.c.o[0m
[2.839s] [ 20%] [32m[1mLinking C shared library libmsgs_package__rosidl_generator_c.so[0m
[3.069s] [ 20%] Built target msgs_package__rosidl_generator_c
[3.125s] [ 23%] [34m[1mGenerating C introspection for ROS interfaces[0m
[3.285s] [35m[1mScanning dependencies of target msgs_package__rosidl_typesupport_cpp[0m
[3.338s] [ 25%] [32mBuilding CXX object CMakeFiles/msgs_package__rosidl_typesupport_cpp.dir/rosidl_typesupport_cpp/msgs_package/srv/random_position__type_support.cpp.o[0m
[3.494s] [35m[1mScanning dependencies of target msgs_package__rosidl_typesupport_fastrtps_cpp[0m
[3.546s] [35m[1mScanning dependencies of target msgs_package__rosidl_typesupport_introspection_cpp[0m
[3.555s] [ 28%] [32mBuilding CXX object CMakeFiles/msgs_package__rosidl_typesupport_fastrtps_cpp.dir/rosidl_typesupport_fastrtps_cpp/msgs_package/srv/detail/dds_fastrtps/random_position__type_support.cpp.o[0m
[3.606s] [ 30%] [32mBuilding CXX object CMakeFiles/msgs_package__rosidl_typesupport_introspection_cpp.dir/rosidl_typesupport_introspection_cpp/msgs_package/srv/detail/random_position__type_support.cpp.o[0m
[4.289s] [35m[1mScanning dependencies of target msgs_package__rosidl_typesupport_introspection_c[0m
[4.379s] [ 33%] [32mBuilding C object CMakeFiles/msgs_package__rosidl_typesupport_introspection_c.dir/rosidl_typesupport_introspection_c/msgs_package/srv/detail/random_position__type_support.c.o[0m
[4.437s] [ 35%] [32mBuilding CXX object CMakeFiles/msgs_package__rosidl_typesupport_fastrtps_cpp.dir/rosidl_typesupport_fastrtps_cpp/msgs_package/srv/detail/dds_fastrtps/bug_service__type_support.cpp.o[0m
[4.513s] [ 38%] [32mBuilding CXX object CMakeFiles/msgs_package__rosidl_typesupport_cpp.dir/rosidl_typesupport_cpp/msgs_package/srv/bug_service__type_support.cpp.o[0m
[4.531s] [ 41%] [32mBuilding C object CMakeFiles/msgs_package__rosidl_typesupport_introspection_c.dir/rosidl_typesupport_introspection_c/msgs_package/srv/detail/bug_service__type_support.c.o[0m
[4.709s] [ 43%] [32m[1mLinking C shared library libmsgs_package__rosidl_typesupport_introspection_c.so[0m
[4.816s] [ 43%] Built target msgs_package__rosidl_typesupport_introspection_c
[4.833s] [ 46%] [32mBuilding CXX object CMakeFiles/msgs_package__rosidl_typesupport_introspection_cpp.dir/rosidl_typesupport_introspection_cpp/msgs_package/srv/detail/bug_service__type_support.cpp.o[0m
[4.856s] [ 48%] [34m[1mGenerating C type support dispatch for ROS interfaces[0m
[5.315s] [ 51%] [32m[1mLinking CXX shared library libmsgs_package__rosidl_typesupport_cpp.so[0m
[5.326s] [ 53%] [32m[1mLinking CXX shared library libmsgs_package__rosidl_typesupport_fastrtps_cpp.so[0m
[5.345s] [ 56%] [32m[1mLinking CXX shared library libmsgs_package__rosidl_typesupport_introspection_cpp.so[0m
[5.382s] [ 56%] Built target msgs_package__rosidl_typesupport_cpp
[5.447s] [ 56%] Built target msgs_package__rosidl_typesupport_introspection_cpp
[5.476s] [ 56%] Built target msgs_package__rosidl_typesupport_fastrtps_cpp
[5.489s] [ 58%] [34m[1mGenerating C type support for eProsima Fast-RTPS[0m
[5.563s] [35m[1mScanning dependencies of target msgs_package__rosidl_typesupport_c[0m
[5.582s] [ 61%] [32mBuilding CXX object CMakeFiles/msgs_package__rosidl_typesupport_c.dir/rosidl_typesupport_c/msgs_package/srv/bug_service__type_support.cpp.o[0m
[5.583s] [ 64%] [32mBuilding CXX object CMakeFiles/msgs_package__rosidl_typesupport_c.dir/rosidl_typesupport_c/msgs_package/srv/random_position__type_support.cpp.o[0m
[5.638s] [ 66%] [32m[1mLinking CXX shared library libmsgs_package__rosidl_typesupport_c.so[0m
[5.684s] [ 66%] Built target msgs_package__rosidl_typesupport_c
[5.931s] [35m[1mScanning dependencies of target msgs_package__rosidl_typesupport_fastrtps_c[0m
[5.954s] [ 71%] [32mBuilding CXX object CMakeFiles/msgs_package__rosidl_typesupport_fastrtps_c.dir/rosidl_typesupport_fastrtps_c/msgs_package/srv/detail/random_position__type_support_c.cpp.o[0m
[5.954s] [ 71%] [32mBuilding CXX object CMakeFiles/msgs_package__rosidl_typesupport_fastrtps_c.dir/rosidl_typesupport_fastrtps_c/msgs_package/srv/detail/bug_service__type_support_c.cpp.o[0m
[6.499s] [ 74%] [32m[1mLinking CXX shared library libmsgs_package__rosidl_typesupport_fastrtps_c.so[0m
[6.605s] [ 74%] Built target msgs_package__rosidl_typesupport_fastrtps_c
[6.616s] [35m[1mScanning dependencies of target msgs_package[0m
[6.627s] [ 74%] Built target msgs_package
[6.638s] [35m[1mScanning dependencies of target msgs_package__py[0m
[6.649s] [ 76%] [34m[1mGenerating Python code for ROS interfaces[0m
[7.344s] [ 76%] Built target msgs_package__py
[7.355s] [35m[1mScanning dependencies of target msgs_package__python[0m
[7.382s] [ 79%] [32mBuilding C object CMakeFiles/msgs_package__python.dir/rosidl_generator_py/msgs_package/srv/_random_position_s.c.o[0m
[7.385s] [ 82%] [32mBuilding C object CMakeFiles/msgs_package__python.dir/rosidl_generator_py/msgs_package/srv/_bug_service_s.c.o[0m
[7.546s] [ 84%] [32m[1mLinking C shared library rosidl_generator_py/msgs_package/libmsgs_package__python.so[0m
[7.592s] [ 84%] Built target msgs_package__python
[7.604s] [35m[1mScanning dependencies of target msgs_package__rosidl_typesupport_fastrtps_c__pyext[0m
[7.608s] [35m[1mScanning dependencies of target msgs_package__rosidl_typesupport_c__pyext[0m
[7.608s] [35m[1mScanning dependencies of target msgs_package__rosidl_typesupport_introspection_c__pyext[0m
[7.628s] [ 87%] [32mBuilding C object CMakeFiles/msgs_package__rosidl_typesupport_fastrtps_c__pyext.dir/rosidl_generator_py/msgs_package/_msgs_package_s.ep.rosidl_typesupport_fastrtps_c.c.o[0m
[7.640s] [ 89%] [32mBuilding C object CMakeFiles/msgs_package__rosidl_typesupport_introspection_c__pyext.dir/rosidl_generator_py/msgs_package/_msgs_package_s.ep.rosidl_typesupport_introspection_c.c.o[0m
[7.642s] [ 92%] [32mBuilding C object CMakeFiles/msgs_package__rosidl_typesupport_c__pyext.dir/rosidl_generator_py/msgs_package/_msgs_package_s.ep.rosidl_typesupport_c.c.o[0m
[7.801s] [ 97%] [32m[1mLinking CXX shared library rosidl_generator_py/msgs_package/msgs_package_s__rosidl_typesupport_fastrtps_c.cpython-38-x86_64-linux-gnu.so[0m
[7.801s] [ 97%] [32m[1mLinking C shared library rosidl_generator_py/msgs_package/msgs_package_s__rosidl_typesupport_c.cpython-38-x86_64-linux-gnu.so[0m
[7.820s] [100%] [32m[1mLinking C shared library rosidl_generator_py/msgs_package/msgs_package_s__rosidl_typesupport_introspection_c.cpython-38-x86_64-linux-gnu.so[0m
[7.868s] [100%] Built target msgs_package__rosidl_typesupport_c__pyext
[7.888s] [100%] Built target msgs_package__rosidl_typesupport_introspection_c__pyext
[7.899s] [100%] Built target msgs_package__rosidl_typesupport_fastrtps_c__pyext
[7.913s] Invoked command in '/home/mpt/Desktop/assgn2/ros2_ws/build/msgs_package' returned '0': CMAKE_PREFIX_PATH=/opt/ros/foxy /usr/bin/cmake --build /home/mpt/Desktop/assgn2/ros2_ws/build/msgs_package -- -j4 -l4
[7.996s] Invoking command in '/home/mpt/Desktop/assgn2/ros2_ws/build/msgs_package': CMAKE_PREFIX_PATH=/opt/ros/foxy /usr/bin/cmake --install /home/mpt/Desktop/assgn2/ros2_ws/build/msgs_package
[8.006s] -- Install configuration: ""
[8.007s] -- Installing: /home/mpt/Desktop/assgn2/ros2_ws/install/msgs_package/share/ament_index/resource_index/rosidl_interfaces/msgs_package
[8.007s] -- Installing: /home/mpt/Desktop/assgn2/ros2_ws/install/msgs_package/include/msgs_package
[8.007s] -- Installing: /home/mpt/Desktop/assgn2/ros2_ws/install/msgs_package/include/msgs_package/msg
[8.007s] -- Installing: /home/mpt/Desktop/assgn2/ros2_ws/install/msgs_package/include/msgs_package/msg/rosidl_generator_c__visibility_control.h
[8.007s] -- Installing: /home/mpt/Desktop/assgn2/ros2_ws/install/msgs_package/include/msgs_package/srv
[8.007s] -- Installing: /home/mpt/Desktop/assgn2/ros2_ws/install/msgs_package/include/msgs_package/srv/detail
[8.008s] -- Installing: /home/mpt/Desktop/assgn2/ros2_ws/install/msgs_package/include/msgs_package/srv/detail/bug_service__type_support.h
[8.008s] -- Installing: /home/mpt/Desktop/assgn2/ros2_ws/install/msgs_package/include/msgs_package/srv/detail/random_position__functions.c
[8.008s] -- Installing: /home/mpt/Desktop/assgn2/ros2_ws/install/msgs_package/include/msgs_package/srv/detail/random_position__functions.h
[8.008s] -- Installing: /home/mpt/Desktop/assgn2/ros2_ws/install/msgs_package/include/msgs_package/srv/detail/bug_service__functions.c
[8.008s] -- Installing: /home/mpt/Desktop/assgn2/ros2_ws/install/msgs_package/include/msgs_package/srv/detail/bug_service__struct.h
[8.008s] -- Installing: /home/mpt/Desktop/assgn2/ros2_ws/install/msgs_package/include/msgs_package/srv/detail/random_position__struct.h
[8.009s] -- Installing: /home/mpt/Desktop/assgn2/ros2_ws/install/msgs_package/include/msgs_package/srv/detail/bug_service__functions.h
[8.009s] -- Installing: /home/mpt/Desktop/assgn2/ros2_ws/install/msgs_package/include/msgs_package/srv/detail/random_position__type_support.h
[8.009s] -- Installing: /home/mpt/Desktop/assgn2/ros2_ws/install/msgs_package/include/msgs_package/srv/bug_service.h
[8.009s] -- Installing: /home/mpt/Desktop/assgn2/ros2_ws/install/msgs_package/include/msgs_package/srv/random_position.h
[8.009s] -- Installing: /home/mpt/Desktop/assgn2/ros2_ws/install/msgs_package/share/msgs_package/environment/library_path.sh
[8.009s] -- Installing: /home/mpt/Desktop/assgn2/ros2_ws/install/msgs_package/share/msgs_package/environment/library_path.dsv
[8.009s] -- Installing: /home/mpt/Desktop/assgn2/ros2_ws/install/msgs_package/lib/libmsgs_package__rosidl_generator_c.so
[8.010s] -- Set runtime path of "/home/mpt/Desktop/assgn2/ros2_ws/install/msgs_package/lib/libmsgs_package__rosidl_generator_c.so" to ""
[8.010s] -- Up-to-date: /home/mpt/Desktop/assgn2/ros2_ws/install/msgs_package/include/msgs_package
[8.010s] -- Up-to-date: /home/mpt/Desktop/assgn2/ros2_ws/install/msgs_package/include/msgs_package/msg
[8.010s] -- Installing: /home/mpt/Desktop/assgn2/ros2_ws/install/msgs_package/include/msgs_package/msg/rosidl_typesupport_fastrtps_c__visibility_control.h
[8.011s] -- Up-to-date: /home/mpt/Desktop/assgn2/ros2_ws/install/msgs_package/include/msgs_package/srv
[8.011s] -- Up-to-date: /home/mpt/Desktop/assgn2/ros2_ws/install/msgs_package/include/msgs_package/srv/detail
[8.011s] -- Installing: /home/mpt/Desktop/assgn2/ros2_ws/install/msgs_package/include/msgs_package/srv/detail/random_position__rosidl_typesupport_fastrtps_c.h
[8.011s] -- Installing: /home/mpt/Desktop/assgn2/ros2_ws/install/msgs_package/include/msgs_package/srv/detail/bug_service__rosidl_typesupport_fastrtps_c.h
[8.011s] -- Installing: /home/mpt/Desktop/assgn2/ros2_ws/install/msgs_package/lib/libmsgs_package__rosidl_typesupport_fastrtps_c.so
[8.012s] -- Set runtime path of "/home/mpt/Desktop/assgn2/ros2_ws/install/msgs_package/lib/libmsgs_package__rosidl_typesupport_fastrtps_c.so" to ""
[8.012s] -- Up-to-date: /home/mpt/Desktop/assgn2/ros2_ws/install/msgs_package/include/msgs_package
[8.012s] -- Up-to-date: /home/mpt/Desktop/assgn2/ros2_ws/install/msgs_package/include/msgs_package/msg
[8.012s] -- Installing: /home/mpt/Desktop/assgn2/ros2_ws/install/msgs_package/include/msgs_package/msg/rosidl_typesupport_fastrtps_cpp__visibility_control.h
[8.012s] -- Up-to-date: /home/mpt/Desktop/assgn2/ros2_ws/install/msgs_package/include/msgs_package/srv
[8.012s] -- Up-to-date: /home/mpt/Desktop/assgn2/ros2_ws/install/msgs_package/include/msgs_package/srv/detail
[8.013s] -- Installing: /home/mpt/Desktop/assgn2/ros2_ws/install/msgs_package/include/msgs_package/srv/detail/random_position__rosidl_typesupport_fastrtps_cpp.hpp
[8.013s] -- Installing: /home/mpt/Desktop/assgn2/ros2_ws/install/msgs_package/include/msgs_package/srv/detail/dds_fastrtps
[8.013s] -- Installing: /home/mpt/Desktop/assgn2/ros2_ws/install/msgs_package/include/msgs_package/srv/detail/bug_service__rosidl_typesupport_fastrtps_cpp.hpp
[8.013s] -- Installing: /home/mpt/Desktop/assgn2/ros2_ws/install/msgs_package/lib/libmsgs_package__rosidl_typesupport_fastrtps_cpp.so
[8.014s] -- Set runtime path of "/home/mpt/Desktop/assgn2/ros2_ws/install/msgs_package/lib/libmsgs_package__rosidl_typesupport_fastrtps_cpp.so" to ""
[8.014s] -- Up-to-date: /home/mpt/Desktop/assgn2/ros2_ws/install/msgs_package/include/msgs_package
[8.014s] -- Up-to-date: /home/mpt/Desktop/assgn2/ros2_ws/install/msgs_package/include/msgs_package/msg
[8.014s] -- Installing: /home/mpt/Desktop/assgn2/ros2_ws/install/msgs_package/include/msgs_package/msg/rosidl_typesupport_introspection_c__visibility_control.h
[8.014s] -- Up-to-date: /home/mpt/Desktop/assgn2/ros2_ws/install/msgs_package/include/msgs_package/srv
[8.014s] -- Up-to-date: /home/mpt/Desktop/assgn2/ros2_ws/install/msgs_package/include/msgs_package/srv/detail
[8.014s] -- Installing: /home/mpt/Desktop/assgn2/ros2_ws/install/msgs_package/include/msgs_package/srv/detail/random_position__rosidl_typesupport_introspection_c.h
[8.015s] -- Installing: /home/mpt/Desktop/assgn2/ros2_ws/install/msgs_package/include/msgs_package/srv/detail/bug_service__rosidl_typesupport_introspection_c.h
[8.015s] -- Installing: /home/mpt/Desktop/assgn2/ros2_ws/install/msgs_package/include/msgs_package/srv/detail/bug_service__type_support.c
[8.015s] -- Installing: /home/mpt/Desktop/assgn2/ros2_ws/install/msgs_package/include/msgs_package/srv/detail/random_position__type_support.c
[8.015s] -- Installing: /home/mpt/Desktop/assgn2/ros2_ws/install/msgs_package/lib/libmsgs_package__rosidl_typesupport_introspection_c.so
[8.015s] -- Set runtime path of "/home/mpt/Desktop/assgn2/ros2_ws/install/msgs_package/lib/libmsgs_package__rosidl_typesupport_introspection_c.so" to ""
[8.015s] -- Installing: /home/mpt/Desktop/assgn2/ros2_ws/install/msgs_package/lib/libmsgs_package__rosidl_typesupport_c.so
[8.016s] -- Set runtime path of "/home/mpt/Desktop/assgn2/ros2_ws/install/msgs_package/lib/libmsgs_package__rosidl_typesupport_c.so" to ""
[8.016s] -- Up-to-date: /home/mpt/Desktop/assgn2/ros2_ws/install/msgs_package/include/msgs_package
[8.016s] -- Up-to-date: /home/mpt/Desktop/assgn2/ros2_ws/install/msgs_package/include/msgs_package/srv
[8.016s] -- Installing: /home/mpt/Desktop/assgn2/ros2_ws/install/msgs_package/include/msgs_package/srv/bug_service.hpp
[8.016s] -- Up-to-date: /home/mpt/Desktop/assgn2/ros2_ws/install/msgs_package/include/msgs_package/srv/detail
[8.016s] -- Installing: /home/mpt/Desktop/assgn2/ros2_ws/install/msgs_package/include/msgs_package/srv/detail/random_position__builder.hpp
[8.017s] -- Installing: /home/mpt/Desktop/assgn2/ros2_ws/install/msgs_package/include/msgs_package/srv/detail/bug_service__builder.hpp
[8.017s] -- Installing: /home/mpt/Desktop/assgn2/ros2_ws/install/msgs_package/include/msgs_package/srv/detail/random_position__traits.hpp
[8.017s] -- Installing: /home/mpt/Desktop/assgn2/ros2_ws/install/msgs_package/include/msgs_package/srv/detail/bug_service__traits.hpp
[8.017s] -- Installing: /home/mpt/Desktop/assgn2/ros2_ws/install/msgs_package/include/msgs_package/srv/detail/random_position__struct.hpp
[8.017s] -- Installing: /home/mpt/Desktop/assgn2/ros2_ws/install/msgs_package/include/msgs_package/srv/detail/bug_service__struct.hpp
[8.017s] -- Installing: /home/mpt/Desktop/assgn2/ros2_ws/install/msgs_package/include/msgs_package/srv/random_position.hpp
[8.017s] -- Up-to-date: /home/mpt/Desktop/assgn2/ros2_ws/install/msgs_package/include/msgs_package
[8.018s] -- Up-to-date: /home/mpt/Desktop/assgn2/ros2_ws/install/msgs_package/include/msgs_package/srv
[8.018s] -- Up-to-date: /home/mpt/Desktop/assgn2/ros2_ws/install/msgs_package/include/msgs_package/srv/detail
[8.018s] -- Installing: /home/mpt/Desktop/assgn2/ros2_ws/install/msgs_package/include/msgs_package/srv/detail/random_position__rosidl_typesupport_introspection_cpp.hpp
[8.018s] -- Installing: /home/mpt/Desktop/assgn2/ros2_ws/install/msgs_package/include/msgs_package/srv/detail/bug_service__rosidl_typesupport_introspection_cpp.hpp
[8.018s] -- Installing: /home/mpt/Desktop/assgn2/ros2_ws/install/msgs_package/include/msgs_package/srv/detail/bug_service__type_support.cpp
[8.018s] -- Installing: /home/mpt/Desktop/assgn2/ros2_ws/install/msgs_package/include/msgs_package/srv/detail/random_position__type_support.cpp
[8.018s] -- Installing: /home/mpt/Desktop/assgn2/ros2_ws/install/msgs_package/lib/libmsgs_package__rosidl_typesupport_introspection_cpp.so
[8.019s] -- Set runtime path of "/home/mpt/Desktop/assgn2/ros2_ws/install/msgs_package/lib/libmsgs_package__rosidl_typesupport_introspection_cpp.so" to ""
[8.019s] -- Installing: /home/mpt/Desktop/assgn2/ros2_ws/install/msgs_package/lib/libmsgs_package__rosidl_typesupport_cpp.so
[8.019s] -- Set runtime path of "/home/mpt/Desktop/assgn2/ros2_ws/install/msgs_package/lib/libmsgs_package__rosidl_typesupport_cpp.so" to ""
[8.019s] -- Installing: /home/mpt/Desktop/assgn2/ros2_ws/install/msgs_package/share/msgs_package/environment/pythonpath.sh
[8.019s] -- Installing: /home/mpt/Desktop/assgn2/ros2_ws/install/msgs_package/share/msgs_package/environment/pythonpath.dsv
[8.019s] -- Installing: /home/mpt/Desktop/assgn2/ros2_ws/install/msgs_package/lib/python3.8/site-packages/msgs_package/__init__.py
[8.053s] Compiling '/home/mpt/Desktop/assgn2/ros2_ws/install/msgs_package/lib/python3.8/site-packages/msgs_package/__init__.py'...
[8.058s] -- Installing: /home/mpt/Desktop/assgn2/ros2_ws/install/msgs_package/lib/python3.8/site-packages/msgs_package/srv
[8.058s] -- Installing: /home/mpt/Desktop/assgn2/ros2_ws/install/msgs_package/lib/python3.8/site-packages/msgs_package/srv/_random_position.py
[8.058s] -- Installing: /home/mpt/Desktop/assgn2/ros2_ws/install/msgs_package/lib/python3.8/site-packages/msgs_package/srv/_bug_service_s.c
[8.058s] -- Installing: /home/mpt/Desktop/assgn2/ros2_ws/install/msgs_package/lib/python3.8/site-packages/msgs_package/srv/_bug_service.py
[8.059s] -- Installing: /home/mpt/Desktop/assgn2/ros2_ws/install/msgs_package/lib/python3.8/site-packages/msgs_package/srv/_random_position_s.c
[8.059s] -- Installing: /home/mpt/Desktop/assgn2/ros2_ws/install/msgs_package/lib/python3.8/site-packages/msgs_package/srv/__init__.py
[8.059s] -- Installing: /home/mpt/Desktop/assgn2/ros2_ws/install/msgs_package/lib/python3.8/site-packages/msgs_package/msgs_package_s__rosidl_typesupport_fastrtps_c.cpython-38-x86_64-linux-gnu.so
[8.059s] -- Set runtime path of "/home/mpt/Desktop/assgn2/ros2_ws/install/msgs_package/lib/python3.8/site-packages/msgs_package/msgs_package_s__rosidl_typesupport_fastrtps_c.cpython-38-x86_64-linux-gnu.so" to ""
[8.060s] -- Installing: /home/mpt/Desktop/assgn2/ros2_ws/install/msgs_package/lib/python3.8/site-packages/msgs_package/msgs_package_s__rosidl_typesupport_introspection_c.cpython-38-x86_64-linux-gnu.so
[8.060s] -- Set runtime path of "/home/mpt/Desktop/assgn2/ros2_ws/install/msgs_package/lib/python3.8/site-packages/msgs_package/msgs_package_s__rosidl_typesupport_introspection_c.cpython-38-x86_64-linux-gnu.so" to ""
[8.060s] -- Installing: /home/mpt/Desktop/assgn2/ros2_ws/install/msgs_package/lib/python3.8/site-packages/msgs_package/msgs_package_s__rosidl_typesupport_c.cpython-38-x86_64-linux-gnu.so
[8.061s] -- Set runtime path of "/home/mpt/Desktop/assgn2/ros2_ws/install/msgs_package/lib/python3.8/site-packages/msgs_package/msgs_package_s__rosidl_typesupport_c.cpython-38-x86_64-linux-gnu.so" to ""
[8.061s] -- Installing: /home/mpt/Desktop/assgn2/ros2_ws/install/msgs_package/lib/libmsgs_package__python.so
[8.062s] -- Set runtime path of "/home/mpt/Desktop/assgn2/ros2_ws/install/msgs_package/lib/libmsgs_package__python.so" to ""
[8.062s] -- Installing: /home/mpt/Desktop/assgn2/ros2_ws/install/msgs_package/share/msgs_package/srv/RandomPosition.idl
[8.062s] -- Installing: /home/mpt/Desktop/assgn2/ros2_ws/install/msgs_package/share/msgs_package/srv/BugService.idl
[8.062s] -- Installing: /home/mpt/Desktop/assgn2/ros2_ws/install/msgs_package/share/msgs_package/srv/RandomPosition.srv
[8.062s] -- Installing: /home/mpt/Desktop/assgn2/ros2_ws/install/msgs_package/share/msgs_package/srv/RandomPosition_Request.msg
[8.062s] -- Installing: /home/mpt/Desktop/assgn2/ros2_ws/install/msgs_package/share/msgs_package/srv/RandomPosition_Response.msg
[8.063s] -- Installing: /home/mpt/Desktop/assgn2/ros2_ws/install/msgs_package/share/msgs_package/srv/BugService.srv
[8.063s] -- Installing: /home/mpt/Desktop/assgn2/ros2_ws/install/msgs_package/share/msgs_package/srv/BugService_Request.msg
[8.063s] -- Installing: /home/mpt/Desktop/assgn2/ros2_ws/install/msgs_package/share/msgs_package/srv/BugService_Response.msg
[8.063s] -- Installing: /home/mpt/Desktop/assgn2/ros2_ws/install/msgs_package/share/msgs_package/mapping.yaml
[8.063s] -- Installing: /home/mpt/Desktop/assgn2/ros2_ws/install/msgs_package/share/ament_index/resource_index/package_run_dependencies/msgs_package
[8.063s] -- Installing: /home/mpt/Desktop/assgn2/ros2_ws/install/msgs_package/share/ament_index/resource_index/parent_prefix_path/msgs_package
[8.064s] -- Installing: /home/mpt/Desktop/assgn2/ros2_ws/install/msgs_package/share/msgs_package/environment/ament_prefix_path.sh
[8.064s] -- Installing: /home/mpt/Desktop/assgn2/ros2_ws/install/msgs_package/share/msgs_package/environment/ament_prefix_path.dsv
[8.064s] -- Installing: /home/mpt/Desktop/assgn2/ros2_ws/install/msgs_package/share/msgs_package/environment/path.sh
[8.064s] -- Installing: /home/mpt/Desktop/assgn2/ros2_ws/install/msgs_package/share/msgs_package/environment/path.dsv
[8.064s] -- Installing: /home/mpt/Desktop/assgn2/ros2_ws/install/msgs_package/share/msgs_package/local_setup.bash
[8.064s] -- Installing: /home/mpt/Desktop/assgn2/ros2_ws/install/msgs_package/share/msgs_package/local_setup.sh
[8.065s] -- Installing: /home/mpt/Desktop/assgn2/ros2_ws/install/msgs_package/share/msgs_package/local_setup.zsh
[8.065s] -- Installing: /home/mpt/Desktop/assgn2/ros2_ws/install/msgs_package/share/msgs_package/local_setup.dsv
[8.065s] -- Installing: /home/mpt/Desktop/assgn2/ros2_ws/install/msgs_package/share/msgs_package/package.dsv
[8.065s] -- Installing: /home/mpt/Desktop/assgn2/ros2_ws/install/msgs_package/share/ament_index/resource_index/packages/msgs_package
[8.065s] -- Installing: /home/mpt/Desktop/assgn2/ros2_ws/install/msgs_package/share/msgs_package/cmake/msgs_package__rosidl_generator_cExport.cmake
[8.065s] -- Installing: /home/mpt/Desktop/assgn2/ros2_ws/install/msgs_package/share/msgs_package/cmake/msgs_package__rosidl_generator_cExport-noconfig.cmake
[8.066s] -- Installing: /home/mpt/Desktop/assgn2/ros2_ws/install/msgs_package/share/msgs_package/cmake/msgs_package__rosidl_typesupport_introspection_cExport.cmake
[8.066s] -- Installing: /home/mpt/Desktop/assgn2/ros2_ws/install/msgs_package/share/msgs_package/cmake/msgs_package__rosidl_typesupport_introspection_cExport-noconfig.cmake
[8.066s] -- Installing: /home/mpt/Desktop/assgn2/ros2_ws/install/msgs_package/share/msgs_package/cmake/msgs_package__rosidl_typesupport_cExport.cmake
[8.066s] -- Installing: /home/mpt/Desktop/assgn2/ros2_ws/install/msgs_package/share/msgs_package/cmake/msgs_package__rosidl_typesupport_cExport-noconfig.cmake
[8.066s] -- Installing: /home/mpt/Desktop/assgn2/ros2_ws/install/msgs_package/share/msgs_package/cmake/msgs_package__rosidl_generator_cppExport.cmake
[8.067s] -- Installing: /home/mpt/Desktop/assgn2/ros2_ws/install/msgs_package/share/msgs_package/cmake/msgs_package__rosidl_typesupport_introspection_cppExport.cmake
[8.067s] -- Installing: /home/mpt/Desktop/assgn2/ros2_ws/install/msgs_package/share/msgs_package/cmake/msgs_package__rosidl_typesupport_introspection_cppExport-noconfig.cmake
[8.067s] -- Installing: /home/mpt/Desktop/assgn2/ros2_ws/install/msgs_package/share/msgs_package/cmake/msgs_package__rosidl_typesupport_cppExport.cmake
[8.067s] -- Installing: /home/mpt/Desktop/assgn2/ros2_ws/install/msgs_package/share/msgs_package/cmake/msgs_package__rosidl_typesupport_cppExport-noconfig.cmake
[8.067s] -- Installing: /home/mpt/Desktop/assgn2/ros2_ws/install/msgs_package/share/msgs_package/cmake/rosidl_cmake-extras.cmake
[8.067s] -- Installing: /home/mpt/Desktop/assgn2/ros2_ws/install/msgs_package/share/msgs_package/cmake/ament_cmake_export_dependencies-extras.cmake
[8.068s] -- Installing: /home/mpt/Desktop/assgn2/ros2_ws/install/msgs_package/share/msgs_package/cmake/ament_cmake_export_libraries-extras.cmake
[8.068s] -- Installing: /home/mpt/Desktop/assgn2/ros2_ws/install/msgs_package/share/msgs_package/cmake/ament_cmake_export_targets-extras.cmake
[8.068s] -- Installing: /home/mpt/Desktop/assgn2/ros2_ws/install/msgs_package/share/msgs_package/cmake/ament_cmake_export_include_directories-extras.cmake
[8.068s] -- Installing: /home/mpt/Desktop/assgn2/ros2_ws/install/msgs_package/share/msgs_package/cmake/rosidl_cmake_export_typesupport_libraries-extras.cmake
[8.068s] -- Installing: /home/mpt/Desktop/assgn2/ros2_ws/install/msgs_package/share/msgs_package/cmake/rosidl_cmake_export_typesupport_targets-extras.cmake
[8.068s] -- Installing: /home/mpt/Desktop/assgn2/ros2_ws/install/msgs_package/share/msgs_package/cmake/msgs_packageConfig.cmake
[8.068s] -- Installing: /home/mpt/Desktop/assgn2/ros2_ws/install/msgs_package/share/msgs_package/cmake/msgs_packageConfig-version.cmake
[8.069s] -- Installing: /home/mpt/Desktop/assgn2/ros2_ws/install/msgs_package/share/msgs_package/package.xml
[8.072s] Invoked command in '/home/mpt/Desktop/assgn2/ros2_ws/build/msgs_package' returned '0': CMAKE_PREFIX_PATH=/opt/ros/foxy /usr/bin/cmake --install /home/mpt/Desktop/assgn2/ros2_ws/build/msgs_package
